2023-11-18 12:22:54.207 [] [restartedMain] WARN  org.mybatis.spring.mapper.ClassPathMapperScanner - Skipping MapperFactoryBean with name 'carIntrusionMapper' and 'com.example.idsdemo.mapper.CarIntrusionMapper' mapperInterface. Bean already defined with the same name!
2023-11-18 12:22:54.208 [] [restartedMain] WARN  org.mybatis.spring.mapper.ClassPathMapperScanner - Skipping MapperFactoryBean with name 'carMapper' and 'com.example.idsdemo.mapper.CarMapper' mapperInterface. Bean already defined with the same name!
2023-11-18 12:22:54.208 [] [restartedMain] WARN  org.mybatis.spring.mapper.ClassPathMapperScanner - Skipping MapperFactoryBean with name 'detectionInfoMapper' and 'com.example.idsdemo.mapper.DetectionInfoMapper' mapperInterface. Bean already defined with the same name!
2023-11-18 12:22:54.219 [] [restartedMain] WARN  org.mybatis.spring.mapper.ClassPathMapperScanner - Skipping MapperFactoryBean with name 'feedbackInfoMapper' and 'com.example.idsdemo.mapper.FeedbackInfoMapper' mapperInterface. Bean already defined with the same name!
2023-11-18 12:22:54.219 [] [restartedMain] WARN  org.mybatis.spring.mapper.ClassPathMapperScanner - Skipping MapperFactoryBean with name 'logRecordMapper' and 'com.example.idsdemo.mapper.LogRecordMapper' mapperInterface. Bean already defined with the same name!
2023-11-18 12:22:54.219 [] [restartedMain] WARN  org.mybatis.spring.mapper.ClassPathMapperScanner - Skipping MapperFactoryBean with name 'userMapper' and 'com.example.idsdemo.mapper.UserMapper' mapperInterface. Bean already defined with the same name!
2023-11-18 12:22:54.219 [] [restartedMain] WARN  org.mybatis.spring.mapper.ClassPathMapperScanner - No MyBatis mapper was found in '[com.example.idsdemo.mapper]' package. Please check your configuration.
2023-11-18 12:27:19.556 [] [restartedMain] WARN  org.mybatis.spring.mapper.ClassPathMapperScanner - Skipping MapperFactoryBean with name 'carIntrusionMapper' and 'com.example.idsdemo.mapper.CarIntrusionMapper' mapperInterface. Bean already defined with the same name!
2023-11-18 12:27:19.556 [] [restartedMain] WARN  org.mybatis.spring.mapper.ClassPathMapperScanner - Skipping MapperFactoryBean with name 'carMapper' and 'com.example.idsdemo.mapper.CarMapper' mapperInterface. Bean already defined with the same name!
2023-11-18 12:27:19.556 [] [restartedMain] WARN  org.mybatis.spring.mapper.ClassPathMapperScanner - Skipping MapperFactoryBean with name 'detectionInfoMapper' and 'com.example.idsdemo.mapper.DetectionInfoMapper' mapperInterface. Bean already defined with the same name!
2023-11-18 12:27:19.556 [] [restartedMain] WARN  org.mybatis.spring.mapper.ClassPathMapperScanner - Skipping MapperFactoryBean with name 'feedbackInfoMapper' and 'com.example.idsdemo.mapper.FeedbackInfoMapper' mapperInterface. Bean already defined with the same name!
2023-11-18 12:27:19.556 [] [restartedMain] WARN  org.mybatis.spring.mapper.ClassPathMapperScanner - Skipping MapperFactoryBean with name 'logRecordMapper' and 'com.example.idsdemo.mapper.LogRecordMapper' mapperInterface. Bean already defined with the same name!
2023-11-18 12:27:19.556 [] [restartedMain] WARN  org.mybatis.spring.mapper.ClassPathMapperScanner - Skipping MapperFactoryBean with name 'userMapper' and 'com.example.idsdemo.mapper.UserMapper' mapperInterface. Bean already defined with the same name!
2023-11-18 12:27:19.557 [] [restartedMain] WARN  org.mybatis.spring.mapper.ClassPathMapperScanner - No MyBatis mapper was found in '[com.example.idsdemo.mapper]' package. Please check your configuration.
2023-11-18 12:30:44.441 [] [restartedMain] WARN  org.mybatis.spring.mapper.ClassPathMapperScanner - Skipping MapperFactoryBean with name 'carIntrusionMapper' and 'com.example.idsdemo.mapper.CarIntrusionMapper' mapperInterface. Bean already defined with the same name!
2023-11-18 12:30:44.441 [] [restartedMain] WARN  org.mybatis.spring.mapper.ClassPathMapperScanner - Skipping MapperFactoryBean with name 'carMapper' and 'com.example.idsdemo.mapper.CarMapper' mapperInterface. Bean already defined with the same name!
2023-11-18 12:30:44.441 [] [restartedMain] WARN  org.mybatis.spring.mapper.ClassPathMapperScanner - Skipping MapperFactoryBean with name 'detectionInfoMapper' and 'com.example.idsdemo.mapper.DetectionInfoMapper' mapperInterface. Bean already defined with the same name!
2023-11-18 12:30:44.442 [] [restartedMain] WARN  org.mybatis.spring.mapper.ClassPathMapperScanner - Skipping MapperFactoryBean with name 'feedbackInfoMapper' and 'com.example.idsdemo.mapper.FeedbackInfoMapper' mapperInterface. Bean already defined with the same name!
2023-11-18 12:30:44.442 [] [restartedMain] WARN  org.mybatis.spring.mapper.ClassPathMapperScanner - Skipping MapperFactoryBean with name 'logRecordMapper' and 'com.example.idsdemo.mapper.LogRecordMapper' mapperInterface. Bean already defined with the same name!
2023-11-18 12:30:44.442 [] [restartedMain] WARN  org.mybatis.spring.mapper.ClassPathMapperScanner - Skipping MapperFactoryBean with name 'userMapper' and 'com.example.idsdemo.mapper.UserMapper' mapperInterface. Bean already defined with the same name!
2023-11-18 12:30:44.442 [] [restartedMain] WARN  org.mybatis.spring.mapper.ClassPathMapperScanner - No MyBatis mapper was found in '[com.example.idsdemo.mapper]' package. Please check your configuration.
2023-11-18 15:18:58.342 [] [restartedMain] WARN  o.s.b.w.s.c.AnnotationConfigServletWebServerApplicationContext - Exception encountered during context initialization - cancelling refresh attempt: org.springframework.beans.factory.BeanCreationException: Error creating bean with name 'idsDemoApplication': Invocation of init method failed; nested exception is org.springframework.web.client.ResourceAccessException: I/O error on POST request for "http://localhost:6081/api/convert": Connection refused: connect; nested exception is java.net.ConnectException: Connection refused: connect
