2023-11-29 11:47:13.465 [] [restartedMain] WARN  org.mybatis.spring.mapper.ClassPathMapperScanner - Skipping MapperFactoryBean with name 'carIntrusionMapper' and 'com.example.idsdemo.mapper.CarIntrusionMapper' mapperInterface. Bean already defined with the same name!
2023-11-29 11:47:13.478 [] [restartedMain] WARN  org.mybatis.spring.mapper.ClassPathMapperScanner - Skipping MapperFactoryBean with name 'carMapper' and 'com.example.idsdemo.mapper.CarMapper' mapperInterface. Bean already defined with the same name!
2023-11-29 11:47:13.478 [] [restartedMain] WARN  org.mybatis.spring.mapper.ClassPathMapperScanner - Skipping MapperFactoryBean with name 'detectionInfoMapper' and 'com.example.idsdemo.mapper.DetectionInfoMapper' mapperInterface. Bean already defined with the same name!
2023-11-29 11:47:13.478 [] [restartedMain] WARN  org.mybatis.spring.mapper.ClassPathMapperScanner - Skipping MapperFactoryBean with name 'feedbackInfoMapper' and 'com.example.idsdemo.mapper.FeedbackInfoMapper' mapperInterface. Bean already defined with the same name!
2023-11-29 11:47:13.478 [] [restartedMain] WARN  org.mybatis.spring.mapper.ClassPathMapperScanner - Skipping MapperFactoryBean with name 'logRecordMapper' and 'com.example.idsdemo.mapper.LogRecordMapper' mapperInterface. Bean already defined with the same name!
2023-11-29 11:47:13.479 [] [restartedMain] WARN  org.mybatis.spring.mapper.ClassPathMapperScanner - Skipping MapperFactoryBean with name 'userMapper' and 'com.example.idsdemo.mapper.UserMapper' mapperInterface. Bean already defined with the same name!
2023-11-29 11:47:13.479 [] [restartedMain] WARN  org.mybatis.spring.mapper.ClassPathMapperScanner - No MyBatis mapper was found in '[com.example.idsdemo.mapper]' package. Please check your configuration.
2023-11-29 11:47:25.435 [] [restartedMain] WARN  c.b.mybatisplus.core.injector.DefaultSqlInjector - class com.example.idsdemo.entity.User ,Not found @TableId annotation, Cannot use Mybatis-Plus 'xxById' Method.
2023-11-29 11:47:25.493 [] [restartedMain] WARN  c.b.mybatisplus.core.injector.DefaultSqlInjector - class com.example.idsdemo.entity.Car ,Not found @TableId annotation, Cannot use Mybatis-Plus 'xxById' Method.
2023-11-29 11:47:25.523 [] [restartedMain] WARN  c.b.mybatisplus.core.injector.DefaultSqlInjector - class com.example.idsdemo.entity.FeedbackInfo ,Not found @TableId annotation, Cannot use Mybatis-Plus 'xxById' Method.
2023-11-29 11:47:25.544 [] [restartedMain] WARN  c.b.mybatisplus.core.injector.DefaultSqlInjector - class com.example.idsdemo.entity.CarIntrusion ,Not found @TableId annotation, Cannot use Mybatis-Plus 'xxById' Method.
2023-11-29 11:47:25.558 [] [restartedMain] WARN  c.b.mybatisplus.core.injector.DefaultSqlInjector - class com.example.idsdemo.entity.DetectionInfo ,Not found @TableId annotation, Cannot use Mybatis-Plus 'xxById' Method.
2023-11-29 11:47:25.574 [] [restartedMain] WARN  c.b.mybatisplus.core.injector.DefaultSqlInjector - class com.example.idsdemo.entity.LogRecord ,Not found @TableId annotation, Cannot use Mybatis-Plus 'xxById' Method.
2023-11-29 11:47:37.182 [] [restartedMain] WARN  o.s.c.l.c.LoadBalancerCacheAutoConfiguration$LoadBalancerCaffeineWarnLogger - Spring Cloud LoadBalancer is currently working with the default cache. While this cache implementation is useful for development and tests, it's recommended to use Caffeine cache in production.You can switch to using Caffeine cache, by adding it and org.springframework.cache.caffeine.CaffeineCacheManager to the classpath.
2023-11-29 11:49:20.247 [] [http-nio-6083-exec-1] WARN  org.springframework.web.servlet.PageNotFound - No mapping for GET /api//admin/getLogOneHour
2023-11-29 11:49:20.252 [] [http-nio-6083-exec-1] WARN  org.springframework.web.servlet.PageNotFound - No handler found for GET /api//admin/getLogOneHour
2023-11-29 11:49:20.253 [] [http-nio-6083-exec-1] WARN  o.s.w.s.m.support.DefaultHandlerExceptionResolver - Resolved [org.springframework.web.servlet.NoHandlerFoundException: No handler found for GET /api//admin/getLogOneHour]
2023-11-29 11:56:44.321 [] [restartedMain] WARN  org.mybatis.spring.mapper.ClassPathMapperScanner - Skipping MapperFactoryBean with name 'carIntrusionMapper' and 'com.example.idsdemo.mapper.CarIntrusionMapper' mapperInterface. Bean already defined with the same name!
2023-11-29 11:56:44.321 [] [restartedMain] WARN  org.mybatis.spring.mapper.ClassPathMapperScanner - Skipping MapperFactoryBean with name 'carMapper' and 'com.example.idsdemo.mapper.CarMapper' mapperInterface. Bean already defined with the same name!
2023-11-29 11:56:44.321 [] [restartedMain] WARN  org.mybatis.spring.mapper.ClassPathMapperScanner - Skipping MapperFactoryBean with name 'detectionInfoMapper' and 'com.example.idsdemo.mapper.DetectionInfoMapper' mapperInterface. Bean already defined with the same name!
2023-11-29 11:56:44.321 [] [restartedMain] WARN  org.mybatis.spring.mapper.ClassPathMapperScanner - Skipping MapperFactoryBean with name 'feedbackInfoMapper' and 'com.example.idsdemo.mapper.FeedbackInfoMapper' mapperInterface. Bean already defined with the same name!
2023-11-29 11:56:44.321 [] [restartedMain] WARN  org.mybatis.spring.mapper.ClassPathMapperScanner - Skipping MapperFactoryBean with name 'logRecordMapper' and 'com.example.idsdemo.mapper.LogRecordMapper' mapperInterface. Bean already defined with the same name!
2023-11-29 11:56:44.321 [] [restartedMain] WARN  org.mybatis.spring.mapper.ClassPathMapperScanner - Skipping MapperFactoryBean with name 'userMapper' and 'com.example.idsdemo.mapper.UserMapper' mapperInterface. Bean already defined with the same name!
2023-11-29 11:56:44.321 [] [restartedMain] WARN  org.mybatis.spring.mapper.ClassPathMapperScanner - No MyBatis mapper was found in '[com.example.idsdemo.mapper]' package. Please check your configuration.
2023-11-29 11:56:56.221 [] [restartedMain] WARN  c.b.mybatisplus.core.injector.DefaultSqlInjector - class com.example.idsdemo.entity.User ,Not found @TableId annotation, Cannot use Mybatis-Plus 'xxById' Method.
2023-11-29 11:56:56.292 [] [restartedMain] WARN  c.b.mybatisplus.core.injector.DefaultSqlInjector - class com.example.idsdemo.entity.Car ,Not found @TableId annotation, Cannot use Mybatis-Plus 'xxById' Method.
2023-11-29 11:56:56.327 [] [restartedMain] WARN  c.b.mybatisplus.core.injector.DefaultSqlInjector - class com.example.idsdemo.entity.FeedbackInfo ,Not found @TableId annotation, Cannot use Mybatis-Plus 'xxById' Method.
2023-11-29 11:56:56.354 [] [restartedMain] WARN  c.b.mybatisplus.core.injector.DefaultSqlInjector - class com.example.idsdemo.entity.CarIntrusion ,Not found @TableId annotation, Cannot use Mybatis-Plus 'xxById' Method.
2023-11-29 11:56:56.374 [] [restartedMain] WARN  c.b.mybatisplus.core.injector.DefaultSqlInjector - class com.example.idsdemo.entity.DetectionInfo ,Not found @TableId annotation, Cannot use Mybatis-Plus 'xxById' Method.
2023-11-29 11:56:56.397 [] [restartedMain] WARN  c.b.mybatisplus.core.injector.DefaultSqlInjector - class com.example.idsdemo.entity.LogRecord ,Not found @TableId annotation, Cannot use Mybatis-Plus 'xxById' Method.
2023-11-29 11:57:08.098 [] [restartedMain] WARN  o.s.c.l.c.LoadBalancerCacheAutoConfiguration$LoadBalancerCaffeineWarnLogger - Spring Cloud LoadBalancer is currently working with the default cache. While this cache implementation is useful for development and tests, it's recommended to use Caffeine cache in production.You can switch to using Caffeine cache, by adding it and org.springframework.cache.caffeine.CaffeineCacheManager to the classpath.
2023-11-29 13:58:24.587 [] [restartedMain] WARN  org.mybatis.spring.mapper.ClassPathMapperScanner - Skipping MapperFactoryBean with name 'abDetailsMapper' and 'com.example.idsdemo.mapper.AbDetailsMapper' mapperInterface. Bean already defined with the same name!
2023-11-29 13:58:24.588 [] [restartedMain] WARN  org.mybatis.spring.mapper.ClassPathMapperScanner - Skipping MapperFactoryBean with name 'carIntrusionMapper' and 'com.example.idsdemo.mapper.CarIntrusionMapper' mapperInterface. Bean already defined with the same name!
2023-11-29 13:58:24.588 [] [restartedMain] WARN  org.mybatis.spring.mapper.ClassPathMapperScanner - Skipping MapperFactoryBean with name 'carMapper' and 'com.example.idsdemo.mapper.CarMapper' mapperInterface. Bean already defined with the same name!
2023-11-29 13:58:24.588 [] [restartedMain] WARN  org.mybatis.spring.mapper.ClassPathMapperScanner - Skipping MapperFactoryBean with name 'detectionInfoMapper' and 'com.example.idsdemo.mapper.DetectionInfoMapper' mapperInterface. Bean already defined with the same name!
2023-11-29 13:58:24.589 [] [restartedMain] WARN  org.mybatis.spring.mapper.ClassPathMapperScanner - Skipping MapperFactoryBean with name 'feedbackInfoMapper' and 'com.example.idsdemo.mapper.FeedbackInfoMapper' mapperInterface. Bean already defined with the same name!
2023-11-29 13:58:24.589 [] [restartedMain] WARN  org.mybatis.spring.mapper.ClassPathMapperScanner - Skipping MapperFactoryBean with name 'logRecordMapper' and 'com.example.idsdemo.mapper.LogRecordMapper' mapperInterface. Bean already defined with the same name!
2023-11-29 13:58:24.589 [] [restartedMain] WARN  org.mybatis.spring.mapper.ClassPathMapperScanner - Skipping MapperFactoryBean with name 'userMapper' and 'com.example.idsdemo.mapper.UserMapper' mapperInterface. Bean already defined with the same name!
2023-11-29 13:58:24.589 [] [restartedMain] WARN  org.mybatis.spring.mapper.ClassPathMapperScanner - No MyBatis mapper was found in '[com.example.idsdemo.mapper]' package. Please check your configuration.
2023-11-29 13:58:38.823 [] [restartedMain] WARN  c.b.mybatisplus.core.injector.DefaultSqlInjector - class com.example.idsdemo.entity.User ,Not found @TableId annotation, Cannot use Mybatis-Plus 'xxById' Method.
2023-11-29 13:58:38.905 [] [restartedMain] WARN  c.b.mybatisplus.core.injector.DefaultSqlInjector - class com.example.idsdemo.entity.Car ,Not found @TableId annotation, Cannot use Mybatis-Plus 'xxById' Method.
2023-11-29 13:58:38.944 [] [restartedMain] WARN  c.b.mybatisplus.core.injector.DefaultSqlInjector - class com.example.idsdemo.entity.FeedbackInfo ,Not found @TableId annotation, Cannot use Mybatis-Plus 'xxById' Method.
2023-11-29 13:58:38.972 [] [restartedMain] WARN  c.b.mybatisplus.core.injector.DefaultSqlInjector - class com.example.idsdemo.entity.CarIntrusion ,Not found @TableId annotation, Cannot use Mybatis-Plus 'xxById' Method.
2023-11-29 13:58:39.025 [] [restartedMain] WARN  c.b.mybatisplus.core.injector.DefaultSqlInjector - class com.example.idsdemo.entity.DetectionInfo ,Not found @TableId annotation, Cannot use Mybatis-Plus 'xxById' Method.
2023-11-29 13:58:39.089 [] [restartedMain] WARN  c.b.mybatisplus.core.injector.DefaultSqlInjector - class com.example.idsdemo.entity.AbDetails ,Not found @TableId annotation, Cannot use Mybatis-Plus 'xxById' Method.
2023-11-29 13:58:39.184 [] [restartedMain] WARN  c.b.mybatisplus.core.injector.DefaultSqlInjector - class com.example.idsdemo.entity.LogRecord ,Not found @TableId annotation, Cannot use Mybatis-Plus 'xxById' Method.
2023-11-29 13:58:52.589 [] [restartedMain] WARN  o.s.c.l.c.LoadBalancerCacheAutoConfiguration$LoadBalancerCaffeineWarnLogger - Spring Cloud LoadBalancer is currently working with the default cache. While this cache implementation is useful for development and tests, it's recommended to use Caffeine cache in production.You can switch to using Caffeine cache, by adding it and org.springframework.cache.caffeine.CaffeineCacheManager to the classpath.
2023-11-29 14:11:25.631 [] [restartedMain] WARN  org.mybatis.spring.mapper.ClassPathMapperScanner - Skipping MapperFactoryBean with name 'abDetailsMapper' and 'com.example.idsdemo.mapper.AbDetailsMapper' mapperInterface. Bean already defined with the same name!
2023-11-29 14:11:25.631 [] [restartedMain] WARN  org.mybatis.spring.mapper.ClassPathMapperScanner - Skipping MapperFactoryBean with name 'carIntrusionMapper' and 'com.example.idsdemo.mapper.CarIntrusionMapper' mapperInterface. Bean already defined with the same name!
2023-11-29 14:11:25.632 [] [restartedMain] WARN  org.mybatis.spring.mapper.ClassPathMapperScanner - Skipping MapperFactoryBean with name 'carMapper' and 'com.example.idsdemo.mapper.CarMapper' mapperInterface. Bean already defined with the same name!
2023-11-29 14:11:25.632 [] [restartedMain] WARN  org.mybatis.spring.mapper.ClassPathMapperScanner - Skipping MapperFactoryBean with name 'detectionInfoMapper' and 'com.example.idsdemo.mapper.DetectionInfoMapper' mapperInterface. Bean already defined with the same name!
2023-11-29 14:11:25.632 [] [restartedMain] WARN  org.mybatis.spring.mapper.ClassPathMapperScanner - Skipping MapperFactoryBean with name 'feedbackInfoMapper' and 'com.example.idsdemo.mapper.FeedbackInfoMapper' mapperInterface. Bean already defined with the same name!
2023-11-29 14:11:25.632 [] [restartedMain] WARN  org.mybatis.spring.mapper.ClassPathMapperScanner - Skipping MapperFactoryBean with name 'logRecordMapper' and 'com.example.idsdemo.mapper.LogRecordMapper' mapperInterface. Bean already defined with the same name!
2023-11-29 14:11:25.632 [] [restartedMain] WARN  org.mybatis.spring.mapper.ClassPathMapperScanner - Skipping MapperFactoryBean with name 'userMapper' and 'com.example.idsdemo.mapper.UserMapper' mapperInterface. Bean already defined with the same name!
2023-11-29 14:11:25.632 [] [restartedMain] WARN  org.mybatis.spring.mapper.ClassPathMapperScanner - No MyBatis mapper was found in '[com.example.idsdemo.mapper]' package. Please check your configuration.
2023-11-29 14:11:40.303 [] [restartedMain] WARN  c.b.mybatisplus.core.injector.DefaultSqlInjector - class com.example.idsdemo.entity.User ,Not found @TableId annotation, Cannot use Mybatis-Plus 'xxById' Method.
2023-11-29 14:11:40.396 [] [restartedMain] WARN  c.b.mybatisplus.core.injector.DefaultSqlInjector - class com.example.idsdemo.entity.Car ,Not found @TableId annotation, Cannot use Mybatis-Plus 'xxById' Method.
2023-11-29 14:11:40.438 [] [restartedMain] WARN  c.b.mybatisplus.core.injector.DefaultSqlInjector - class com.example.idsdemo.entity.FeedbackInfo ,Not found @TableId annotation, Cannot use Mybatis-Plus 'xxById' Method.
2023-11-29 14:11:40.468 [] [restartedMain] WARN  c.b.mybatisplus.core.injector.DefaultSqlInjector - class com.example.idsdemo.entity.CarIntrusion ,Not found @TableId annotation, Cannot use Mybatis-Plus 'xxById' Method.
2023-11-29 14:11:40.499 [] [restartedMain] WARN  c.b.mybatisplus.core.injector.DefaultSqlInjector - class com.example.idsdemo.entity.DetectionInfo ,Not found @TableId annotation, Cannot use Mybatis-Plus 'xxById' Method.
2023-11-29 14:11:40.526 [] [restartedMain] WARN  c.b.mybatisplus.core.injector.DefaultSqlInjector - class com.example.idsdemo.entity.AbDetails ,Not found @TableId annotation, Cannot use Mybatis-Plus 'xxById' Method.
2023-11-29 14:11:40.585 [] [restartedMain] WARN  c.b.mybatisplus.core.injector.DefaultSqlInjector - class com.example.idsdemo.entity.LogRecord ,Not found @TableId annotation, Cannot use Mybatis-Plus 'xxById' Method.
2023-11-29 14:11:53.217 [] [restartedMain] WARN  o.s.c.l.c.LoadBalancerCacheAutoConfiguration$LoadBalancerCaffeineWarnLogger - Spring Cloud LoadBalancer is currently working with the default cache. While this cache implementation is useful for development and tests, it's recommended to use Caffeine cache in production.You can switch to using Caffeine cache, by adding it and org.springframework.cache.caffeine.CaffeineCacheManager to the classpath.
2023-11-29 14:17:47.105 [] [SpringApplicationShutdownHook] WARN  c.n.d.s.t.decorator.RetryableEurekaHttpClient - Request execution failed with message: I/O error on DELETE request for "http://localhost:8083/eureka/apps/IDS-2023/LAPTOP-9HR8DGCC:ids-2023:6083": Connect to localhost:8083 [localhost/127.0.0.1, localhost/0:0:0:0:0:0:0:1] failed: Connection refused: connect; nested exception is org.apache.http.conn.HttpHostConnectException: Connect to localhost:8083 [localhost/127.0.0.1, localhost/0:0:0:0:0:0:0:1] failed: Connection refused: connect
2023-11-29 14:17:51.189 [] [SpringApplicationShutdownHook] WARN  c.n.d.s.t.decorator.RetryableEurekaHttpClient - Request execution failed with message: I/O error on DELETE request for "http://localhost:8083/eureka/apps/IDS-2023/LAPTOP-9HR8DGCC:ids-2023:6083": Connect to localhost:8083 [localhost/127.0.0.1, localhost/0:0:0:0:0:0:0:1] failed: Connection refused: connect; nested exception is org.apache.http.conn.HttpHostConnectException: Connect to localhost:8083 [localhost/127.0.0.1, localhost/0:0:0:0:0:0:0:1] failed: Connection refused: connect
2023-11-29 14:38:07.091 [] [restartedMain] WARN  org.mybatis.spring.mapper.ClassPathMapperScanner - Skipping MapperFactoryBean with name 'abDetailsMapper' and 'com.example.idsdemo.mapper.AbDetailsMapper' mapperInterface. Bean already defined with the same name!
2023-11-29 14:38:07.092 [] [restartedMain] WARN  org.mybatis.spring.mapper.ClassPathMapperScanner - Skipping MapperFactoryBean with name 'carIntrusionMapper' and 'com.example.idsdemo.mapper.CarIntrusionMapper' mapperInterface. Bean already defined with the same name!
2023-11-29 14:38:07.092 [] [restartedMain] WARN  org.mybatis.spring.mapper.ClassPathMapperScanner - Skipping MapperFactoryBean with name 'carMapper' and 'com.example.idsdemo.mapper.CarMapper' mapperInterface. Bean already defined with the same name!
2023-11-29 14:38:07.092 [] [restartedMain] WARN  org.mybatis.spring.mapper.ClassPathMapperScanner - Skipping MapperFactoryBean with name 'detectionInfoMapper' and 'com.example.idsdemo.mapper.DetectionInfoMapper' mapperInterface. Bean already defined with the same name!
2023-11-29 14:38:07.092 [] [restartedMain] WARN  org.mybatis.spring.mapper.ClassPathMapperScanner - Skipping MapperFactoryBean with name 'feedbackInfoMapper' and 'com.example.idsdemo.mapper.FeedbackInfoMapper' mapperInterface. Bean already defined with the same name!
2023-11-29 14:38:07.092 [] [restartedMain] WARN  org.mybatis.spring.mapper.ClassPathMapperScanner - Skipping MapperFactoryBean with name 'logRecordMapper' and 'com.example.idsdemo.mapper.LogRecordMapper' mapperInterface. Bean already defined with the same name!
2023-11-29 14:38:07.092 [] [restartedMain] WARN  org.mybatis.spring.mapper.ClassPathMapperScanner - Skipping MapperFactoryBean with name 'userMapper' and 'com.example.idsdemo.mapper.UserMapper' mapperInterface. Bean already defined with the same name!
2023-11-29 14:38:07.092 [] [restartedMain] WARN  org.mybatis.spring.mapper.ClassPathMapperScanner - No MyBatis mapper was found in '[com.example.idsdemo.mapper]' package. Please check your configuration.
2023-11-29 14:38:14.580 [] [restartedMain] WARN  c.b.mybatisplus.core.injector.DefaultSqlInjector - class com.example.idsdemo.entity.User ,Not found @TableId annotation, Cannot use Mybatis-Plus 'xxById' Method.
2023-11-29 14:38:14.659 [] [restartedMain] WARN  c.b.mybatisplus.core.injector.DefaultSqlInjector - class com.example.idsdemo.entity.Car ,Not found @TableId annotation, Cannot use Mybatis-Plus 'xxById' Method.
2023-11-29 14:38:14.686 [] [restartedMain] WARN  c.b.mybatisplus.core.injector.DefaultSqlInjector - class com.example.idsdemo.entity.FeedbackInfo ,Not found @TableId annotation, Cannot use Mybatis-Plus 'xxById' Method.
2023-11-29 14:38:14.706 [] [restartedMain] WARN  c.b.mybatisplus.core.injector.DefaultSqlInjector - class com.example.idsdemo.entity.CarIntrusion ,Not found @TableId annotation, Cannot use Mybatis-Plus 'xxById' Method.
2023-11-29 14:38:14.719 [] [restartedMain] WARN  c.b.mybatisplus.core.injector.DefaultSqlInjector - class com.example.idsdemo.entity.DetectionInfo ,Not found @TableId annotation, Cannot use Mybatis-Plus 'xxById' Method.
2023-11-29 14:38:14.737 [] [restartedMain] WARN  c.b.mybatisplus.core.injector.DefaultSqlInjector - class com.example.idsdemo.entity.AbDetails ,Not found @TableId annotation, Cannot use Mybatis-Plus 'xxById' Method.
2023-11-29 14:38:14.761 [] [restartedMain] WARN  c.b.mybatisplus.core.injector.DefaultSqlInjector - class com.example.idsdemo.entity.LogRecord ,Not found @TableId annotation, Cannot use Mybatis-Plus 'xxById' Method.
2023-11-29 14:38:20.474 [] [restartedMain] WARN  o.s.c.l.c.LoadBalancerCacheAutoConfiguration$LoadBalancerCaffeineWarnLogger - Spring Cloud LoadBalancer is currently working with the default cache. While this cache implementation is useful for development and tests, it's recommended to use Caffeine cache in production.You can switch to using Caffeine cache, by adding it and org.springframework.cache.caffeine.CaffeineCacheManager to the classpath.
2023-11-29 14:47:13.789 [] [restartedMain] WARN  org.mybatis.spring.mapper.ClassPathMapperScanner - Skipping MapperFactoryBean with name 'abDetailsMapper' and 'com.example.idsdemo.mapper.AbDetailsMapper' mapperInterface. Bean already defined with the same name!
2023-11-29 14:47:13.789 [] [restartedMain] WARN  org.mybatis.spring.mapper.ClassPathMapperScanner - Skipping MapperFactoryBean with name 'carIntrusionMapper' and 'com.example.idsdemo.mapper.CarIntrusionMapper' mapperInterface. Bean already defined with the same name!
2023-11-29 14:47:13.789 [] [restartedMain] WARN  org.mybatis.spring.mapper.ClassPathMapperScanner - Skipping MapperFactoryBean with name 'carMapper' and 'com.example.idsdemo.mapper.CarMapper' mapperInterface. Bean already defined with the same name!
2023-11-29 14:47:13.790 [] [restartedMain] WARN  org.mybatis.spring.mapper.ClassPathMapperScanner - Skipping MapperFactoryBean with name 'detectionInfoMapper' and 'com.example.idsdemo.mapper.DetectionInfoMapper' mapperInterface. Bean already defined with the same name!
2023-11-29 14:47:13.790 [] [restartedMain] WARN  org.mybatis.spring.mapper.ClassPathMapperScanner - Skipping MapperFactoryBean with name 'feedbackInfoMapper' and 'com.example.idsdemo.mapper.FeedbackInfoMapper' mapperInterface. Bean already defined with the same name!
2023-11-29 14:47:13.790 [] [restartedMain] WARN  org.mybatis.spring.mapper.ClassPathMapperScanner - Skipping MapperFactoryBean with name 'logRecordMapper' and 'com.example.idsdemo.mapper.LogRecordMapper' mapperInterface. Bean already defined with the same name!
2023-11-29 14:47:13.790 [] [restartedMain] WARN  org.mybatis.spring.mapper.ClassPathMapperScanner - Skipping MapperFactoryBean with name 'userMapper' and 'com.example.idsdemo.mapper.UserMapper' mapperInterface. Bean already defined with the same name!
2023-11-29 14:47:13.790 [] [restartedMain] WARN  org.mybatis.spring.mapper.ClassPathMapperScanner - No MyBatis mapper was found in '[com.example.idsdemo.mapper]' package. Please check your configuration.
2023-11-29 14:47:20.834 [] [restartedMain] WARN  c.b.mybatisplus.core.injector.DefaultSqlInjector - class com.example.idsdemo.entity.User ,Not found @TableId annotation, Cannot use Mybatis-Plus 'xxById' Method.
2023-11-29 14:47:20.892 [] [restartedMain] WARN  c.b.mybatisplus.core.injector.DefaultSqlInjector - class com.example.idsdemo.entity.Car ,Not found @TableId annotation, Cannot use Mybatis-Plus 'xxById' Method.
2023-11-29 14:47:20.917 [] [restartedMain] WARN  c.b.mybatisplus.core.injector.DefaultSqlInjector - class com.example.idsdemo.entity.FeedbackInfo ,Not found @TableId annotation, Cannot use Mybatis-Plus 'xxById' Method.
2023-11-29 14:47:20.941 [] [restartedMain] WARN  c.b.mybatisplus.core.injector.DefaultSqlInjector - class com.example.idsdemo.entity.CarIntrusion ,Not found @TableId annotation, Cannot use Mybatis-Plus 'xxById' Method.
2023-11-29 14:47:20.955 [] [restartedMain] WARN  c.b.mybatisplus.core.injector.DefaultSqlInjector - class com.example.idsdemo.entity.DetectionInfo ,Not found @TableId annotation, Cannot use Mybatis-Plus 'xxById' Method.
2023-11-29 14:47:20.974 [] [restartedMain] WARN  c.b.mybatisplus.core.injector.DefaultSqlInjector - class com.example.idsdemo.entity.AbDetails ,Not found @TableId annotation, Cannot use Mybatis-Plus 'xxById' Method.
2023-11-29 14:47:21.000 [] [restartedMain] WARN  c.b.mybatisplus.core.injector.DefaultSqlInjector - class com.example.idsdemo.entity.LogRecord ,Not found @TableId annotation, Cannot use Mybatis-Plus 'xxById' Method.
2023-11-29 14:47:26.557 [] [restartedMain] WARN  o.s.c.l.c.LoadBalancerCacheAutoConfiguration$LoadBalancerCaffeineWarnLogger - Spring Cloud LoadBalancer is currently working with the default cache. While this cache implementation is useful for development and tests, it's recommended to use Caffeine cache in production.You can switch to using Caffeine cache, by adding it and org.springframework.cache.caffeine.CaffeineCacheManager to the classpath.
2023-11-29 14:48:01.493 [] [DiscoveryClient-0] WARN  com.netflix.discovery.TimedSupervisorTask - task supervisor shutting down, can't accept the task
2023-11-29 15:17:55.618 [] [restartedMain] WARN  org.mybatis.spring.mapper.ClassPathMapperScanner - Skipping MapperFactoryBean with name 'abDetailsMapper' and 'com.example.idsdemo.mapper.AbDetailsMapper' mapperInterface. Bean already defined with the same name!
2023-11-29 15:17:55.619 [] [restartedMain] WARN  org.mybatis.spring.mapper.ClassPathMapperScanner - Skipping MapperFactoryBean with name 'carIntrusionMapper' and 'com.example.idsdemo.mapper.CarIntrusionMapper' mapperInterface. Bean already defined with the same name!
2023-11-29 15:17:55.619 [] [restartedMain] WARN  org.mybatis.spring.mapper.ClassPathMapperScanner - Skipping MapperFactoryBean with name 'carMapper' and 'com.example.idsdemo.mapper.CarMapper' mapperInterface. Bean already defined with the same name!
2023-11-29 15:17:55.619 [] [restartedMain] WARN  org.mybatis.spring.mapper.ClassPathMapperScanner - Skipping MapperFactoryBean with name 'detectionInfoMapper' and 'com.example.idsdemo.mapper.DetectionInfoMapper' mapperInterface. Bean already defined with the same name!
2023-11-29 15:17:55.619 [] [restartedMain] WARN  org.mybatis.spring.mapper.ClassPathMapperScanner - Skipping MapperFactoryBean with name 'feedbackInfoMapper' and 'com.example.idsdemo.mapper.FeedbackInfoMapper' mapperInterface. Bean already defined with the same name!
2023-11-29 15:17:55.620 [] [restartedMain] WARN  org.mybatis.spring.mapper.ClassPathMapperScanner - Skipping MapperFactoryBean with name 'logRecordMapper' and 'com.example.idsdemo.mapper.LogRecordMapper' mapperInterface. Bean already defined with the same name!
2023-11-29 15:17:55.620 [] [restartedMain] WARN  org.mybatis.spring.mapper.ClassPathMapperScanner - Skipping MapperFactoryBean with name 'userMapper' and 'com.example.idsdemo.mapper.UserMapper' mapperInterface. Bean already defined with the same name!
2023-11-29 15:17:55.620 [] [restartedMain] WARN  org.mybatis.spring.mapper.ClassPathMapperScanner - No MyBatis mapper was found in '[com.example.idsdemo.mapper]' package. Please check your configuration.
2023-11-29 15:18:08.078 [] [restartedMain] WARN  c.b.mybatisplus.core.injector.DefaultSqlInjector - class com.example.idsdemo.entity.User ,Not found @TableId annotation, Cannot use Mybatis-Plus 'xxById' Method.
2023-11-29 15:18:08.157 [] [restartedMain] WARN  c.b.mybatisplus.core.injector.DefaultSqlInjector - class com.example.idsdemo.entity.Car ,Not found @TableId annotation, Cannot use Mybatis-Plus 'xxById' Method.
2023-11-29 15:18:08.190 [] [restartedMain] WARN  c.b.mybatisplus.core.injector.DefaultSqlInjector - class com.example.idsdemo.entity.FeedbackInfo ,Not found @TableId annotation, Cannot use Mybatis-Plus 'xxById' Method.
2023-11-29 15:18:08.218 [] [restartedMain] WARN  c.b.mybatisplus.core.injector.DefaultSqlInjector - class com.example.idsdemo.entity.CarIntrusion ,Not found @TableId annotation, Cannot use Mybatis-Plus 'xxById' Method.
2023-11-29 15:18:08.236 [] [restartedMain] WARN  c.b.mybatisplus.core.injector.DefaultSqlInjector - class com.example.idsdemo.entity.DetectionInfo ,Not found @TableId annotation, Cannot use Mybatis-Plus 'xxById' Method.
2023-11-29 15:18:08.269 [] [restartedMain] WARN  c.b.mybatisplus.core.injector.DefaultSqlInjector - class com.example.idsdemo.entity.AbDetails ,Not found @TableId annotation, Cannot use Mybatis-Plus 'xxById' Method.
2023-11-29 15:18:08.314 [] [restartedMain] WARN  c.b.mybatisplus.core.injector.DefaultSqlInjector - class com.example.idsdemo.entity.LogRecord ,Not found @TableId annotation, Cannot use Mybatis-Plus 'xxById' Method.
2023-11-29 15:18:16.991 [] [restartedMain] WARN  o.s.c.l.c.LoadBalancerCacheAutoConfiguration$LoadBalancerCaffeineWarnLogger - Spring Cloud LoadBalancer is currently working with the default cache. While this cache implementation is useful for development and tests, it's recommended to use Caffeine cache in production.You can switch to using Caffeine cache, by adding it and org.springframework.cache.caffeine.CaffeineCacheManager to the classpath.
2023-11-29 15:18:24.256 [] [restartedMain] WARN  c.n.d.s.t.decorator.RetryableEurekaHttpClient - Request execution failed with message: I/O error on GET request for "http://localhost:8083/eureka/apps/": Connect to localhost:8083 [localhost/127.0.0.1, localhost/0:0:0:0:0:0:0:1] failed: Connection refused: connect; nested exception is org.apache.http.conn.HttpHostConnectException: Connect to localhost:8083 [localhost/127.0.0.1, localhost/0:0:0:0:0:0:0:1] failed: Connection refused: connect
2023-11-29 15:18:24.257 [] [restartedMain] WARN  com.netflix.discovery.DiscoveryClient - Using default backup registry implementation which does not do anything.
2023-11-29 15:18:28.451 [] [DiscoveryClient-InstanceInfoReplicator-0] WARN  c.n.d.s.t.decorator.RetryableEurekaHttpClient - Request execution failed with message: I/O error on POST request for "http://localhost:8083/eureka/apps/IDS-2023": Connect to localhost:8083 [localhost/127.0.0.1, localhost/0:0:0:0:0:0:0:1] failed: Connection refused: connect; nested exception is org.apache.http.conn.HttpHostConnectException: Connect to localhost:8083 [localhost/127.0.0.1, localhost/0:0:0:0:0:0:0:1] failed: Connection refused: connect
2023-11-29 15:18:28.453 [] [DiscoveryClient-InstanceInfoReplicator-0] WARN  com.netflix.discovery.DiscoveryClient - DiscoveryClient_IDS-2023/LAPTOP-9HR8DGCC:ids-2023:6083 - registration failed Cannot execute request on any known server
com.netflix.discovery.shared.transport.TransportException: Cannot execute request on any known server
	at com.netflix.discovery.shared.transport.decorator.RetryableEurekaHttpClient.execute(RetryableEurekaHttpClient.java:112)
	at com.netflix.discovery.shared.transport.decorator.EurekaHttpClientDecorator.register(EurekaHttpClientDecorator.java:56)
	at com.netflix.discovery.shared.transport.decorator.EurekaHttpClientDecorator$1.execute(EurekaHttpClientDecorator.java:59)
	at com.netflix.discovery.shared.transport.decorator.SessionedEurekaHttpClient.execute(SessionedEurekaHttpClient.java:77)
	at com.netflix.discovery.shared.transport.decorator.EurekaHttpClientDecorator.register(EurekaHttpClientDecorator.java:56)
	at com.netflix.discovery.DiscoveryClient.register(DiscoveryClient.java:876)
	at com.netflix.discovery.InstanceInfoReplicator.run(InstanceInfoReplicator.java:121)
	at com.netflix.discovery.InstanceInfoReplicator$1.run(InstanceInfoReplicator.java:101)
	at java.util.concurrent.Executors$RunnableAdapter.call(Executors.java:511)
	at java.util.concurrent.FutureTask.run(FutureTask.java:266)
	at java.util.concurrent.ScheduledThreadPoolExecutor$ScheduledFutureTask.access$201(ScheduledThreadPoolExecutor.java:180)
	at java.util.concurrent.ScheduledThreadPoolExecutor$ScheduledFutureTask.run(ScheduledThreadPoolExecutor.java:293)
	at java.util.concurrent.ThreadPoolExecutor.runWorker(ThreadPoolExecutor.java:1149)
	at java.util.concurrent.ThreadPoolExecutor$Worker.run(ThreadPoolExecutor.java:624)
	at java.lang.Thread.run(Thread.java:748)
2023-11-29 15:18:28.454 [] [DiscoveryClient-InstanceInfoReplicator-0] WARN  com.netflix.discovery.InstanceInfoReplicator - There was a problem with the instance info replicator
com.netflix.discovery.shared.transport.TransportException: Cannot execute request on any known server
	at com.netflix.discovery.shared.transport.decorator.RetryableEurekaHttpClient.execute(RetryableEurekaHttpClient.java:112)
	at com.netflix.discovery.shared.transport.decorator.EurekaHttpClientDecorator.register(EurekaHttpClientDecorator.java:56)
	at com.netflix.discovery.shared.transport.decorator.EurekaHttpClientDecorator$1.execute(EurekaHttpClientDecorator.java:59)
	at com.netflix.discovery.shared.transport.decorator.SessionedEurekaHttpClient.execute(SessionedEurekaHttpClient.java:77)
	at com.netflix.discovery.shared.transport.decorator.EurekaHttpClientDecorator.register(EurekaHttpClientDecorator.java:56)
	at com.netflix.discovery.DiscoveryClient.register(DiscoveryClient.java:876)
	at com.netflix.discovery.InstanceInfoReplicator.run(InstanceInfoReplicator.java:121)
	at com.netflix.discovery.InstanceInfoReplicator$1.run(InstanceInfoReplicator.java:101)
	at java.util.concurrent.Executors$RunnableAdapter.call(Executors.java:511)
	at java.util.concurrent.FutureTask.run(FutureTask.java:266)
	at java.util.concurrent.ScheduledThreadPoolExecutor$ScheduledFutureTask.access$201(ScheduledThreadPoolExecutor.java:180)
	at java.util.concurrent.ScheduledThreadPoolExecutor$ScheduledFutureTask.run(ScheduledThreadPoolExecutor.java:293)
	at java.util.concurrent.ThreadPoolExecutor.runWorker(ThreadPoolExecutor.java:1149)
	at java.util.concurrent.ThreadPoolExecutor$Worker.run(ThreadPoolExecutor.java:624)
	at java.lang.Thread.run(Thread.java:748)
2023-11-29 15:18:58.407 [] [DiscoveryClient-CacheRefreshExecutor-0] WARN  c.n.d.s.t.decorator.RetryableEurekaHttpClient - Request execution failed with message: I/O error on GET request for "http://localhost:8083/eureka/apps/": Connect to localhost:8083 [localhost/127.0.0.1, localhost/0:0:0:0:0:0:0:1] failed: Connection refused: connect; nested exception is org.apache.http.conn.HttpHostConnectException: Connect to localhost:8083 [localhost/127.0.0.1, localhost/0:0:0:0:0:0:0:1] failed: Connection refused: connect
2023-11-29 15:18:58.409 [] [DiscoveryClient-HeartbeatExecutor-0] WARN  c.n.d.s.t.decorator.RetryableEurekaHttpClient - Request execution failed with message: I/O error on PUT request for "http://localhost:8083/eureka/apps/IDS-2023/LAPTOP-9HR8DGCC:ids-2023:6083": Connect to localhost:8083 [localhost/127.0.0.1, localhost/0:0:0:0:0:0:0:1] failed: Connection refused: connect; nested exception is org.apache.http.conn.HttpHostConnectException: Connect to localhost:8083 [localhost/127.0.0.1, localhost/0:0:0:0:0:0:0:1] failed: Connection refused: connect
2023-11-29 15:19:02.584 [] [DiscoveryClient-InstanceInfoReplicator-0] WARN  c.n.d.s.t.decorator.RetryableEurekaHttpClient - Request execution failed with message: I/O error on POST request for "http://localhost:8083/eureka/apps/IDS-2023": Connect to localhost:8083 [localhost/127.0.0.1, localhost/0:0:0:0:0:0:0:1] failed: Connection refused: connect; nested exception is org.apache.http.conn.HttpHostConnectException: Connect to localhost:8083 [localhost/127.0.0.1, localhost/0:0:0:0:0:0:0:1] failed: Connection refused: connect
2023-11-29 15:19:02.585 [] [DiscoveryClient-InstanceInfoReplicator-0] WARN  com.netflix.discovery.DiscoveryClient - DiscoveryClient_IDS-2023/LAPTOP-9HR8DGCC:ids-2023:6083 - registration failed Cannot execute request on any known server
com.netflix.discovery.shared.transport.TransportException: Cannot execute request on any known server
	at com.netflix.discovery.shared.transport.decorator.RetryableEurekaHttpClient.execute(RetryableEurekaHttpClient.java:112)
	at com.netflix.discovery.shared.transport.decorator.EurekaHttpClientDecorator.register(EurekaHttpClientDecorator.java:56)
	at com.netflix.discovery.shared.transport.decorator.EurekaHttpClientDecorator$1.execute(EurekaHttpClientDecorator.java:59)
	at com.netflix.discovery.shared.transport.decorator.SessionedEurekaHttpClient.execute(SessionedEurekaHttpClient.java:77)
	at com.netflix.discovery.shared.transport.decorator.EurekaHttpClientDecorator.register(EurekaHttpClientDecorator.java:56)
	at com.netflix.discovery.DiscoveryClient.register(DiscoveryClient.java:876)
	at com.netflix.discovery.InstanceInfoReplicator.run(InstanceInfoReplicator.java:121)
	at java.util.concurrent.Executors$RunnableAdapter.call(Executors.java:511)
	at java.util.concurrent.FutureTask.run(FutureTask.java:266)
	at java.util.concurrent.ScheduledThreadPoolExecutor$ScheduledFutureTask.access$201(ScheduledThreadPoolExecutor.java:180)
	at java.util.concurrent.ScheduledThreadPoolExecutor$ScheduledFutureTask.run(ScheduledThreadPoolExecutor.java:293)
	at java.util.concurrent.ThreadPoolExecutor.runWorker(ThreadPoolExecutor.java:1149)
	at java.util.concurrent.ThreadPoolExecutor$Worker.run(ThreadPoolExecutor.java:624)
	at java.lang.Thread.run(Thread.java:748)
2023-11-29 15:19:02.585 [] [DiscoveryClient-InstanceInfoReplicator-0] WARN  com.netflix.discovery.InstanceInfoReplicator - There was a problem with the instance info replicator
com.netflix.discovery.shared.transport.TransportException: Cannot execute request on any known server
	at com.netflix.discovery.shared.transport.decorator.RetryableEurekaHttpClient.execute(RetryableEurekaHttpClient.java:112)
	at com.netflix.discovery.shared.transport.decorator.EurekaHttpClientDecorator.register(EurekaHttpClientDecorator.java:56)
	at com.netflix.discovery.shared.transport.decorator.EurekaHttpClientDecorator$1.execute(EurekaHttpClientDecorator.java:59)
	at com.netflix.discovery.shared.transport.decorator.SessionedEurekaHttpClient.execute(SessionedEurekaHttpClient.java:77)
	at com.netflix.discovery.shared.transport.decorator.EurekaHttpClientDecorator.register(EurekaHttpClientDecorator.java:56)
	at com.netflix.discovery.DiscoveryClient.register(DiscoveryClient.java:876)
	at com.netflix.discovery.InstanceInfoReplicator.run(InstanceInfoReplicator.java:121)
	at java.util.concurrent.Executors$RunnableAdapter.call(Executors.java:511)
	at java.util.concurrent.FutureTask.run(FutureTask.java:266)
	at java.util.concurrent.ScheduledThreadPoolExecutor$ScheduledFutureTask.access$201(ScheduledThreadPoolExecutor.java:180)
	at java.util.concurrent.ScheduledThreadPoolExecutor$ScheduledFutureTask.run(ScheduledThreadPoolExecutor.java:293)
	at java.util.concurrent.ThreadPoolExecutor.runWorker(ThreadPoolExecutor.java:1149)
	at java.util.concurrent.ThreadPoolExecutor$Worker.run(ThreadPoolExecutor.java:624)
	at java.lang.Thread.run(Thread.java:748)
2023-11-29 15:19:32.541 [] [DiscoveryClient-HeartbeatExecutor-0] WARN  c.n.d.s.t.decorator.RetryableEurekaHttpClient - Request execution failed with message: I/O error on PUT request for "http://localhost:8083/eureka/apps/IDS-2023/LAPTOP-9HR8DGCC:ids-2023:6083": Connect to localhost:8083 [localhost/127.0.0.1, localhost/0:0:0:0:0:0:0:1] failed: Connection refused: connect; nested exception is org.apache.http.conn.HttpHostConnectException: Connect to localhost:8083 [localhost/127.0.0.1, localhost/0:0:0:0:0:0:0:1] failed: Connection refused: connect
2023-11-29 15:19:32.541 [] [DiscoveryClient-CacheRefreshExecutor-0] WARN  c.n.d.s.t.decorator.RetryableEurekaHttpClient - Request execution failed with message: I/O error on GET request for "http://localhost:8083/eureka/apps/": Connect to localhost:8083 [localhost/127.0.0.1, localhost/0:0:0:0:0:0:0:1] failed: Connection refused: connect; nested exception is org.apache.http.conn.HttpHostConnectException: Connect to localhost:8083 [localhost/127.0.0.1, localhost/0:0:0:0:0:0:0:1] failed: Connection refused: connect
2023-11-29 15:19:36.678 [] [DiscoveryClient-InstanceInfoReplicator-0] WARN  c.n.d.s.t.decorator.RetryableEurekaHttpClient - Request execution failed with message: I/O error on POST request for "http://localhost:8083/eureka/apps/IDS-2023": Connect to localhost:8083 [localhost/127.0.0.1, localhost/0:0:0:0:0:0:0:1] failed: Connection refused: connect; nested exception is org.apache.http.conn.HttpHostConnectException: Connect to localhost:8083 [localhost/127.0.0.1, localhost/0:0:0:0:0:0:0:1] failed: Connection refused: connect
2023-11-29 15:19:36.678 [] [DiscoveryClient-InstanceInfoReplicator-0] WARN  com.netflix.discovery.DiscoveryClient - DiscoveryClient_IDS-2023/LAPTOP-9HR8DGCC:ids-2023:6083 - registration failed Cannot execute request on any known server
com.netflix.discovery.shared.transport.TransportException: Cannot execute request on any known server
	at com.netflix.discovery.shared.transport.decorator.RetryableEurekaHttpClient.execute(RetryableEurekaHttpClient.java:112)
	at com.netflix.discovery.shared.transport.decorator.EurekaHttpClientDecorator.register(EurekaHttpClientDecorator.java:56)
	at com.netflix.discovery.shared.transport.decorator.EurekaHttpClientDecorator$1.execute(EurekaHttpClientDecorator.java:59)
	at com.netflix.discovery.shared.transport.decorator.SessionedEurekaHttpClient.execute(SessionedEurekaHttpClient.java:77)
	at com.netflix.discovery.shared.transport.decorator.EurekaHttpClientDecorator.register(EurekaHttpClientDecorator.java:56)
	at com.netflix.discovery.DiscoveryClient.register(DiscoveryClient.java:876)
	at com.netflix.discovery.InstanceInfoReplicator.run(InstanceInfoReplicator.java:121)
	at java.util.concurrent.Executors$RunnableAdapter.call(Executors.java:511)
	at java.util.concurrent.FutureTask.run(FutureTask.java:266)
	at java.util.concurrent.ScheduledThreadPoolExecutor$ScheduledFutureTask.access$201(ScheduledThreadPoolExecutor.java:180)
	at java.util.concurrent.ScheduledThreadPoolExecutor$ScheduledFutureTask.run(ScheduledThreadPoolExecutor.java:293)
	at java.util.concurrent.ThreadPoolExecutor.runWorker(ThreadPoolExecutor.java:1149)
	at java.util.concurrent.ThreadPoolExecutor$Worker.run(ThreadPoolExecutor.java:624)
	at java.lang.Thread.run(Thread.java:748)
2023-11-29 15:19:36.678 [] [DiscoveryClient-InstanceInfoReplicator-0] WARN  com.netflix.discovery.InstanceInfoReplicator - There was a problem with the instance info replicator
com.netflix.discovery.shared.transport.TransportException: Cannot execute request on any known server
	at com.netflix.discovery.shared.transport.decorator.RetryableEurekaHttpClient.execute(RetryableEurekaHttpClient.java:112)
	at com.netflix.discovery.shared.transport.decorator.EurekaHttpClientDecorator.register(EurekaHttpClientDecorator.java:56)
	at com.netflix.discovery.shared.transport.decorator.EurekaHttpClientDecorator$1.execute(EurekaHttpClientDecorator.java:59)
	at com.netflix.discovery.shared.transport.decorator.SessionedEurekaHttpClient.execute(SessionedEurekaHttpClient.java:77)
	at com.netflix.discovery.shared.transport.decorator.EurekaHttpClientDecorator.register(EurekaHttpClientDecorator.java:56)
	at com.netflix.discovery.DiscoveryClient.register(DiscoveryClient.java:876)
	at com.netflix.discovery.InstanceInfoReplicator.run(InstanceInfoReplicator.java:121)
	at java.util.concurrent.Executors$RunnableAdapter.call(Executors.java:511)
	at java.util.concurrent.FutureTask.run(FutureTask.java:266)
	at java.util.concurrent.ScheduledThreadPoolExecutor$ScheduledFutureTask.access$201(ScheduledThreadPoolExecutor.java:180)
	at java.util.concurrent.ScheduledThreadPoolExecutor$ScheduledFutureTask.run(ScheduledThreadPoolExecutor.java:293)
	at java.util.concurrent.ThreadPoolExecutor.runWorker(ThreadPoolExecutor.java:1149)
	at java.util.concurrent.ThreadPoolExecutor$Worker.run(ThreadPoolExecutor.java:624)
	at java.lang.Thread.run(Thread.java:748)
2023-11-29 15:23:40.863 [] [restartedMain] WARN  org.mybatis.spring.mapper.ClassPathMapperScanner - Skipping MapperFactoryBean with name 'abDetailsMapper' and 'com.example.idsdemo.mapper.AbDetailsMapper' mapperInterface. Bean already defined with the same name!
2023-11-29 15:23:40.864 [] [restartedMain] WARN  org.mybatis.spring.mapper.ClassPathMapperScanner - Skipping MapperFactoryBean with name 'carIntrusionMapper' and 'com.example.idsdemo.mapper.CarIntrusionMapper' mapperInterface. Bean already defined with the same name!
2023-11-29 15:23:40.864 [] [restartedMain] WARN  org.mybatis.spring.mapper.ClassPathMapperScanner - Skipping MapperFactoryBean with name 'carMapper' and 'com.example.idsdemo.mapper.CarMapper' mapperInterface. Bean already defined with the same name!
2023-11-29 15:23:40.864 [] [restartedMain] WARN  org.mybatis.spring.mapper.ClassPathMapperScanner - Skipping MapperFactoryBean with name 'detectionInfoMapper' and 'com.example.idsdemo.mapper.DetectionInfoMapper' mapperInterface. Bean already defined with the same name!
2023-11-29 15:23:40.864 [] [restartedMain] WARN  org.mybatis.spring.mapper.ClassPathMapperScanner - Skipping MapperFactoryBean with name 'feedbackInfoMapper' and 'com.example.idsdemo.mapper.FeedbackInfoMapper' mapperInterface. Bean already defined with the same name!
2023-11-29 15:23:40.864 [] [restartedMain] WARN  org.mybatis.spring.mapper.ClassPathMapperScanner - Skipping MapperFactoryBean with name 'logRecordMapper' and 'com.example.idsdemo.mapper.LogRecordMapper' mapperInterface. Bean already defined with the same name!
2023-11-29 15:23:40.865 [] [restartedMain] WARN  org.mybatis.spring.mapper.ClassPathMapperScanner - Skipping MapperFactoryBean with name 'userMapper' and 'com.example.idsdemo.mapper.UserMapper' mapperInterface. Bean already defined with the same name!
2023-11-29 15:23:40.865 [] [restartedMain] WARN  org.mybatis.spring.mapper.ClassPathMapperScanner - No MyBatis mapper was found in '[com.example.idsdemo.mapper]' package. Please check your configuration.
2023-11-29 15:23:41.765 [] [restartedMain] WARN  o.s.b.w.s.c.AnnotationConfigServletWebServerApplicationContext - Exception encountered during context initialization - cancelling refresh attempt: org.springframework.beans.factory.UnsatisfiedDependencyException: Error creating bean with name 'idsDemoApplication': Unsatisfied dependency expressed through field 'watchServiceUtil'; nested exception is org.springframework.beans.factory.BeanCreationException: Error creating bean with name 'watchServiceUtil' defined in file [E:\guo_chuang\ids_2023\ids-demo\target\classes\com\example\idsdemo\utils\WatchServiceUtil.class]: Instantiation of bean failed; nested exception is org.springframework.beans.BeanInstantiationException: Failed to instantiate [com.example.idsdemo.utils.WatchServiceUtil]: Constructor threw exception; nested exception is java.lang.NullPointerException
2023-11-29 15:25:10.234 [] [restartedMain] WARN  org.mybatis.spring.mapper.ClassPathMapperScanner - Skipping MapperFactoryBean with name 'abDetailsMapper' and 'com.example.idsdemo.mapper.AbDetailsMapper' mapperInterface. Bean already defined with the same name!
2023-11-29 15:25:10.234 [] [restartedMain] WARN  org.mybatis.spring.mapper.ClassPathMapperScanner - Skipping MapperFactoryBean with name 'carIntrusionMapper' and 'com.example.idsdemo.mapper.CarIntrusionMapper' mapperInterface. Bean already defined with the same name!
2023-11-29 15:25:10.234 [] [restartedMain] WARN  org.mybatis.spring.mapper.ClassPathMapperScanner - Skipping MapperFactoryBean with name 'carMapper' and 'com.example.idsdemo.mapper.CarMapper' mapperInterface. Bean already defined with the same name!
2023-11-29 15:25:10.234 [] [restartedMain] WARN  org.mybatis.spring.mapper.ClassPathMapperScanner - Skipping MapperFactoryBean with name 'detectionInfoMapper' and 'com.example.idsdemo.mapper.DetectionInfoMapper' mapperInterface. Bean already defined with the same name!
2023-11-29 15:25:10.234 [] [restartedMain] WARN  org.mybatis.spring.mapper.ClassPathMapperScanner - Skipping MapperFactoryBean with name 'feedbackInfoMapper' and 'com.example.idsdemo.mapper.FeedbackInfoMapper' mapperInterface. Bean already defined with the same name!
2023-11-29 15:25:10.234 [] [restartedMain] WARN  org.mybatis.spring.mapper.ClassPathMapperScanner - Skipping MapperFactoryBean with name 'logRecordMapper' and 'com.example.idsdemo.mapper.LogRecordMapper' mapperInterface. Bean already defined with the same name!
2023-11-29 15:25:10.235 [] [restartedMain] WARN  org.mybatis.spring.mapper.ClassPathMapperScanner - Skipping MapperFactoryBean with name 'userMapper' and 'com.example.idsdemo.mapper.UserMapper' mapperInterface. Bean already defined with the same name!
2023-11-29 15:25:10.235 [] [restartedMain] WARN  org.mybatis.spring.mapper.ClassPathMapperScanner - No MyBatis mapper was found in '[com.example.idsdemo.mapper]' package. Please check your configuration.
2023-11-29 15:25:11.152 [] [restartedMain] WARN  o.s.b.w.s.c.AnnotationConfigServletWebServerApplicationContext - Exception encountered during context initialization - cancelling refresh attempt: org.springframework.beans.factory.UnsatisfiedDependencyException: Error creating bean with name 'idsDemoApplication': Unsatisfied dependency expressed through field 'watchServiceUtil'; nested exception is org.springframework.beans.factory.BeanCreationException: Error creating bean with name 'watchServiceUtil' defined in file [E:\guo_chuang\ids_2023\ids-demo\target\classes\com\example\idsdemo\utils\WatchServiceUtil.class]: Instantiation of bean failed; nested exception is org.springframework.beans.BeanInstantiationException: Failed to instantiate [com.example.idsdemo.utils.WatchServiceUtil]: Constructor threw exception; nested exception is java.lang.NullPointerException
2023-11-29 15:25:37.293 [] [restartedMain] WARN  org.mybatis.spring.mapper.ClassPathMapperScanner - Skipping MapperFactoryBean with name 'abDetailsMapper' and 'com.example.idsdemo.mapper.AbDetailsMapper' mapperInterface. Bean already defined with the same name!
2023-11-29 15:25:37.293 [] [restartedMain] WARN  org.mybatis.spring.mapper.ClassPathMapperScanner - Skipping MapperFactoryBean with name 'carIntrusionMapper' and 'com.example.idsdemo.mapper.CarIntrusionMapper' mapperInterface. Bean already defined with the same name!
2023-11-29 15:25:37.293 [] [restartedMain] WARN  org.mybatis.spring.mapper.ClassPathMapperScanner - Skipping MapperFactoryBean with name 'carMapper' and 'com.example.idsdemo.mapper.CarMapper' mapperInterface. Bean already defined with the same name!
2023-11-29 15:25:37.294 [] [restartedMain] WARN  org.mybatis.spring.mapper.ClassPathMapperScanner - Skipping MapperFactoryBean with name 'detectionInfoMapper' and 'com.example.idsdemo.mapper.DetectionInfoMapper' mapperInterface. Bean already defined with the same name!
2023-11-29 15:25:37.294 [] [restartedMain] WARN  org.mybatis.spring.mapper.ClassPathMapperScanner - Skipping MapperFactoryBean with name 'feedbackInfoMapper' and 'com.example.idsdemo.mapper.FeedbackInfoMapper' mapperInterface. Bean already defined with the same name!
2023-11-29 15:25:37.294 [] [restartedMain] WARN  org.mybatis.spring.mapper.ClassPathMapperScanner - Skipping MapperFactoryBean with name 'logRecordMapper' and 'com.example.idsdemo.mapper.LogRecordMapper' mapperInterface. Bean already defined with the same name!
2023-11-29 15:25:37.294 [] [restartedMain] WARN  org.mybatis.spring.mapper.ClassPathMapperScanner - Skipping MapperFactoryBean with name 'userMapper' and 'com.example.idsdemo.mapper.UserMapper' mapperInterface. Bean already defined with the same name!
2023-11-29 15:25:37.294 [] [restartedMain] WARN  org.mybatis.spring.mapper.ClassPathMapperScanner - No MyBatis mapper was found in '[com.example.idsdemo.mapper]' package. Please check your configuration.
2023-11-29 15:25:38.238 [] [restartedMain] WARN  o.s.b.w.s.c.AnnotationConfigServletWebServerApplicationContext - Exception encountered during context initialization - cancelling refresh attempt: org.springframework.beans.factory.UnsatisfiedDependencyException: Error creating bean with name 'idsDemoApplication': Unsatisfied dependency expressed through field 'watchServiceUtil'; nested exception is org.springframework.beans.factory.BeanCreationException: Error creating bean with name 'watchServiceUtil' defined in file [E:\guo_chuang\ids_2023\ids-demo\target\classes\com\example\idsdemo\utils\WatchServiceUtil.class]: Instantiation of bean failed; nested exception is org.springframework.beans.BeanInstantiationException: Failed to instantiate [com.example.idsdemo.utils.WatchServiceUtil]: Constructor threw exception; nested exception is java.lang.NullPointerException
2023-11-29 15:26:19.048 [] [restartedMain] WARN  org.mybatis.spring.mapper.ClassPathMapperScanner - Skipping MapperFactoryBean with name 'abDetailsMapper' and 'com.example.idsdemo.mapper.AbDetailsMapper' mapperInterface. Bean already defined with the same name!
2023-11-29 15:26:19.049 [] [restartedMain] WARN  org.mybatis.spring.mapper.ClassPathMapperScanner - Skipping MapperFactoryBean with name 'carIntrusionMapper' and 'com.example.idsdemo.mapper.CarIntrusionMapper' mapperInterface. Bean already defined with the same name!
2023-11-29 15:26:19.049 [] [restartedMain] WARN  org.mybatis.spring.mapper.ClassPathMapperScanner - Skipping MapperFactoryBean with name 'carMapper' and 'com.example.idsdemo.mapper.CarMapper' mapperInterface. Bean already defined with the same name!
2023-11-29 15:26:19.049 [] [restartedMain] WARN  org.mybatis.spring.mapper.ClassPathMapperScanner - Skipping MapperFactoryBean with name 'detectionInfoMapper' and 'com.example.idsdemo.mapper.DetectionInfoMapper' mapperInterface. Bean already defined with the same name!
2023-11-29 15:26:19.049 [] [restartedMain] WARN  org.mybatis.spring.mapper.ClassPathMapperScanner - Skipping MapperFactoryBean with name 'feedbackInfoMapper' and 'com.example.idsdemo.mapper.FeedbackInfoMapper' mapperInterface. Bean already defined with the same name!
2023-11-29 15:26:19.049 [] [restartedMain] WARN  org.mybatis.spring.mapper.ClassPathMapperScanner - Skipping MapperFactoryBean with name 'logRecordMapper' and 'com.example.idsdemo.mapper.LogRecordMapper' mapperInterface. Bean already defined with the same name!
2023-11-29 15:26:19.050 [] [restartedMain] WARN  org.mybatis.spring.mapper.ClassPathMapperScanner - Skipping MapperFactoryBean with name 'userMapper' and 'com.example.idsdemo.mapper.UserMapper' mapperInterface. Bean already defined with the same name!
2023-11-29 15:26:19.050 [] [restartedMain] WARN  org.mybatis.spring.mapper.ClassPathMapperScanner - No MyBatis mapper was found in '[com.example.idsdemo.mapper]' package. Please check your configuration.
2023-11-29 15:26:29.606 [] [restartedMain] WARN  c.b.mybatisplus.core.injector.DefaultSqlInjector - class com.example.idsdemo.entity.User ,Not found @TableId annotation, Cannot use Mybatis-Plus 'xxById' Method.
2023-11-29 15:26:29.682 [] [restartedMain] WARN  c.b.mybatisplus.core.injector.DefaultSqlInjector - class com.example.idsdemo.entity.Car ,Not found @TableId annotation, Cannot use Mybatis-Plus 'xxById' Method.
2023-11-29 15:26:29.719 [] [restartedMain] WARN  c.b.mybatisplus.core.injector.DefaultSqlInjector - class com.example.idsdemo.entity.FeedbackInfo ,Not found @TableId annotation, Cannot use Mybatis-Plus 'xxById' Method.
2023-11-29 15:26:29.745 [] [restartedMain] WARN  c.b.mybatisplus.core.injector.DefaultSqlInjector - class com.example.idsdemo.entity.CarIntrusion ,Not found @TableId annotation, Cannot use Mybatis-Plus 'xxById' Method.
2023-11-29 15:26:29.764 [] [restartedMain] WARN  c.b.mybatisplus.core.injector.DefaultSqlInjector - class com.example.idsdemo.entity.DetectionInfo ,Not found @TableId annotation, Cannot use Mybatis-Plus 'xxById' Method.
2023-11-29 15:26:29.791 [] [restartedMain] WARN  c.b.mybatisplus.core.injector.DefaultSqlInjector - class com.example.idsdemo.entity.AbDetails ,Not found @TableId annotation, Cannot use Mybatis-Plus 'xxById' Method.
2023-11-29 15:26:29.852 [] [restartedMain] WARN  c.b.mybatisplus.core.injector.DefaultSqlInjector - class com.example.idsdemo.entity.LogRecord ,Not found @TableId annotation, Cannot use Mybatis-Plus 'xxById' Method.
2023-11-29 15:26:38.832 [] [restartedMain] WARN  o.s.c.l.c.LoadBalancerCacheAutoConfiguration$LoadBalancerCaffeineWarnLogger - Spring Cloud LoadBalancer is currently working with the default cache. While this cache implementation is useful for development and tests, it's recommended to use Caffeine cache in production.You can switch to using Caffeine cache, by adding it and org.springframework.cache.caffeine.CaffeineCacheManager to the classpath.
2023-11-29 15:29:31.923 [] [restartedMain] WARN  org.mybatis.spring.mapper.ClassPathMapperScanner - Skipping MapperFactoryBean with name 'abDetailsMapper' and 'com.example.idsdemo.mapper.AbDetailsMapper' mapperInterface. Bean already defined with the same name!
2023-11-29 15:29:31.923 [] [restartedMain] WARN  org.mybatis.spring.mapper.ClassPathMapperScanner - Skipping MapperFactoryBean with name 'carIntrusionMapper' and 'com.example.idsdemo.mapper.CarIntrusionMapper' mapperInterface. Bean already defined with the same name!
2023-11-29 15:29:31.923 [] [restartedMain] WARN  org.mybatis.spring.mapper.ClassPathMapperScanner - Skipping MapperFactoryBean with name 'carMapper' and 'com.example.idsdemo.mapper.CarMapper' mapperInterface. Bean already defined with the same name!
2023-11-29 15:29:31.923 [] [restartedMain] WARN  org.mybatis.spring.mapper.ClassPathMapperScanner - Skipping MapperFactoryBean with name 'detectionInfoMapper' and 'com.example.idsdemo.mapper.DetectionInfoMapper' mapperInterface. Bean already defined with the same name!
2023-11-29 15:29:31.924 [] [restartedMain] WARN  org.mybatis.spring.mapper.ClassPathMapperScanner - Skipping MapperFactoryBean with name 'feedbackInfoMapper' and 'com.example.idsdemo.mapper.FeedbackInfoMapper' mapperInterface. Bean already defined with the same name!
2023-11-29 15:29:31.924 [] [restartedMain] WARN  org.mybatis.spring.mapper.ClassPathMapperScanner - Skipping MapperFactoryBean with name 'logRecordMapper' and 'com.example.idsdemo.mapper.LogRecordMapper' mapperInterface. Bean already defined with the same name!
2023-11-29 15:29:31.924 [] [restartedMain] WARN  org.mybatis.spring.mapper.ClassPathMapperScanner - Skipping MapperFactoryBean with name 'userMapper' and 'com.example.idsdemo.mapper.UserMapper' mapperInterface. Bean already defined with the same name!
2023-11-29 15:29:31.924 [] [restartedMain] WARN  org.mybatis.spring.mapper.ClassPathMapperScanner - No MyBatis mapper was found in '[com.example.idsdemo.mapper]' package. Please check your configuration.
2023-11-29 15:29:32.784 [] [restartedMain] WARN  o.s.b.w.s.c.AnnotationConfigServletWebServerApplicationContext - Exception encountered during context initialization - cancelling refresh attempt: org.springframework.beans.factory.UnsatisfiedDependencyException: Error creating bean with name 'idsDemoApplication': Unsatisfied dependency expressed through field 'watchServiceUtil'; nested exception is org.springframework.beans.factory.BeanCreationException: Error creating bean with name 'watchServiceUtil' defined in file [E:\guo_chuang\ids_2023\ids-demo\target\classes\com\example\idsdemo\utils\WatchServiceUtil.class]: Instantiation of bean failed; nested exception is org.springframework.beans.BeanInstantiationException: Failed to instantiate [com.example.idsdemo.utils.WatchServiceUtil]: Constructor threw exception; nested exception is java.lang.NullPointerException
2023-11-29 15:38:15.106 [] [restartedMain] WARN  org.mybatis.spring.mapper.ClassPathMapperScanner - Skipping MapperFactoryBean with name 'abDetailsMapper' and 'com.example.idsdemo.mapper.AbDetailsMapper' mapperInterface. Bean already defined with the same name!
2023-11-29 15:38:15.106 [] [restartedMain] WARN  org.mybatis.spring.mapper.ClassPathMapperScanner - Skipping MapperFactoryBean with name 'carIntrusionMapper' and 'com.example.idsdemo.mapper.CarIntrusionMapper' mapperInterface. Bean already defined with the same name!
2023-11-29 15:38:15.106 [] [restartedMain] WARN  org.mybatis.spring.mapper.ClassPathMapperScanner - Skipping MapperFactoryBean with name 'carMapper' and 'com.example.idsdemo.mapper.CarMapper' mapperInterface. Bean already defined with the same name!
2023-11-29 15:38:15.106 [] [restartedMain] WARN  org.mybatis.spring.mapper.ClassPathMapperScanner - Skipping MapperFactoryBean with name 'detectionInfoMapper' and 'com.example.idsdemo.mapper.DetectionInfoMapper' mapperInterface. Bean already defined with the same name!
2023-11-29 15:38:15.107 [] [restartedMain] WARN  org.mybatis.spring.mapper.ClassPathMapperScanner - Skipping MapperFactoryBean with name 'feedbackInfoMapper' and 'com.example.idsdemo.mapper.FeedbackInfoMapper' mapperInterface. Bean already defined with the same name!
2023-11-29 15:38:15.107 [] [restartedMain] WARN  org.mybatis.spring.mapper.ClassPathMapperScanner - Skipping MapperFactoryBean with name 'logRecordMapper' and 'com.example.idsdemo.mapper.LogRecordMapper' mapperInterface. Bean already defined with the same name!
2023-11-29 15:38:15.107 [] [restartedMain] WARN  org.mybatis.spring.mapper.ClassPathMapperScanner - Skipping MapperFactoryBean with name 'userMapper' and 'com.example.idsdemo.mapper.UserMapper' mapperInterface. Bean already defined with the same name!
2023-11-29 15:38:15.107 [] [restartedMain] WARN  org.mybatis.spring.mapper.ClassPathMapperScanner - No MyBatis mapper was found in '[com.example.idsdemo.mapper]' package. Please check your configuration.
2023-11-29 15:38:16.090 [] [restartedMain] WARN  o.s.b.w.s.c.AnnotationConfigServletWebServerApplicationContext - Exception encountered during context initialization - cancelling refresh attempt: org.springframework.beans.factory.UnsatisfiedDependencyException: Error creating bean with name 'idsDemoApplication': Unsatisfied dependency expressed through field 'watchServiceUtil'; nested exception is org.springframework.beans.factory.BeanCreationException: Error creating bean with name 'watchServiceUtil' defined in file [E:\guo_chuang\ids_2023\ids-demo\target\classes\com\example\idsdemo\utils\WatchServiceUtil.class]: Instantiation of bean failed; nested exception is org.springframework.beans.BeanInstantiationException: Failed to instantiate [com.example.idsdemo.utils.WatchServiceUtil]: Constructor threw exception; nested exception is java.lang.NullPointerException
2023-11-29 15:45:12.056 [] [restartedMain] WARN  org.mybatis.spring.mapper.ClassPathMapperScanner - Skipping MapperFactoryBean with name 'abDetailsMapper' and 'com.example.idsdemo.mapper.AbDetailsMapper' mapperInterface. Bean already defined with the same name!
2023-11-29 15:45:12.056 [] [restartedMain] WARN  org.mybatis.spring.mapper.ClassPathMapperScanner - Skipping MapperFactoryBean with name 'carIntrusionMapper' and 'com.example.idsdemo.mapper.CarIntrusionMapper' mapperInterface. Bean already defined with the same name!
2023-11-29 15:45:12.056 [] [restartedMain] WARN  org.mybatis.spring.mapper.ClassPathMapperScanner - Skipping MapperFactoryBean with name 'carMapper' and 'com.example.idsdemo.mapper.CarMapper' mapperInterface. Bean already defined with the same name!
2023-11-29 15:45:12.057 [] [restartedMain] WARN  org.mybatis.spring.mapper.ClassPathMapperScanner - Skipping MapperFactoryBean with name 'detectionInfoMapper' and 'com.example.idsdemo.mapper.DetectionInfoMapper' mapperInterface. Bean already defined with the same name!
2023-11-29 15:45:12.057 [] [restartedMain] WARN  org.mybatis.spring.mapper.ClassPathMapperScanner - Skipping MapperFactoryBean with name 'feedbackInfoMapper' and 'com.example.idsdemo.mapper.FeedbackInfoMapper' mapperInterface. Bean already defined with the same name!
2023-11-29 15:45:12.057 [] [restartedMain] WARN  org.mybatis.spring.mapper.ClassPathMapperScanner - Skipping MapperFactoryBean with name 'logRecordMapper' and 'com.example.idsdemo.mapper.LogRecordMapper' mapperInterface. Bean already defined with the same name!
2023-11-29 15:45:12.057 [] [restartedMain] WARN  org.mybatis.spring.mapper.ClassPathMapperScanner - Skipping MapperFactoryBean with name 'userMapper' and 'com.example.idsdemo.mapper.UserMapper' mapperInterface. Bean already defined with the same name!
2023-11-29 15:45:12.057 [] [restartedMain] WARN  org.mybatis.spring.mapper.ClassPathMapperScanner - No MyBatis mapper was found in '[com.example.idsdemo.mapper]' package. Please check your configuration.
2023-11-29 15:45:12.903 [] [restartedMain] WARN  o.s.b.w.s.c.AnnotationConfigServletWebServerApplicationContext - Exception encountered during context initialization - cancelling refresh attempt: org.springframework.beans.factory.UnsatisfiedDependencyException: Error creating bean with name 'idsDemoApplication': Unsatisfied dependency expressed through field 'watchServiceUtil'; nested exception is org.springframework.beans.factory.BeanCreationException: Error creating bean with name 'watchServiceUtil' defined in file [E:\guo_chuang\ids_2023\ids-demo\target\classes\com\example\idsdemo\utils\WatchServiceUtil.class]: Instantiation of bean failed; nested exception is org.springframework.beans.BeanInstantiationException: Failed to instantiate [com.example.idsdemo.utils.WatchServiceUtil]: Constructor threw exception; nested exception is java.lang.NullPointerException
2023-11-29 15:45:45.765 [] [restartedMain] WARN  org.mybatis.spring.mapper.ClassPathMapperScanner - Skipping MapperFactoryBean with name 'abDetailsMapper' and 'com.example.idsdemo.mapper.AbDetailsMapper' mapperInterface. Bean already defined with the same name!
2023-11-29 15:45:45.766 [] [restartedMain] WARN  org.mybatis.spring.mapper.ClassPathMapperScanner - Skipping MapperFactoryBean with name 'carIntrusionMapper' and 'com.example.idsdemo.mapper.CarIntrusionMapper' mapperInterface. Bean already defined with the same name!
2023-11-29 15:45:45.766 [] [restartedMain] WARN  org.mybatis.spring.mapper.ClassPathMapperScanner - Skipping MapperFactoryBean with name 'carMapper' and 'com.example.idsdemo.mapper.CarMapper' mapperInterface. Bean already defined with the same name!
2023-11-29 15:45:45.766 [] [restartedMain] WARN  org.mybatis.spring.mapper.ClassPathMapperScanner - Skipping MapperFactoryBean with name 'detectionInfoMapper' and 'com.example.idsdemo.mapper.DetectionInfoMapper' mapperInterface. Bean already defined with the same name!
2023-11-29 15:45:45.766 [] [restartedMain] WARN  org.mybatis.spring.mapper.ClassPathMapperScanner - Skipping MapperFactoryBean with name 'feedbackInfoMapper' and 'com.example.idsdemo.mapper.FeedbackInfoMapper' mapperInterface. Bean already defined with the same name!
2023-11-29 15:45:45.767 [] [restartedMain] WARN  org.mybatis.spring.mapper.ClassPathMapperScanner - Skipping MapperFactoryBean with name 'logRecordMapper' and 'com.example.idsdemo.mapper.LogRecordMapper' mapperInterface. Bean already defined with the same name!
2023-11-29 15:45:45.767 [] [restartedMain] WARN  org.mybatis.spring.mapper.ClassPathMapperScanner - Skipping MapperFactoryBean with name 'userMapper' and 'com.example.idsdemo.mapper.UserMapper' mapperInterface. Bean already defined with the same name!
2023-11-29 15:45:45.767 [] [restartedMain] WARN  org.mybatis.spring.mapper.ClassPathMapperScanner - No MyBatis mapper was found in '[com.example.idsdemo.mapper]' package. Please check your configuration.
2023-11-29 15:45:46.736 [] [restartedMain] WARN  o.s.b.w.s.c.AnnotationConfigServletWebServerApplicationContext - Exception encountered during context initialization - cancelling refresh attempt: org.springframework.beans.factory.UnsatisfiedDependencyException: Error creating bean with name 'idsDemoApplication': Unsatisfied dependency expressed through field 'watchServiceUtil'; nested exception is org.springframework.beans.factory.BeanCreationException: Error creating bean with name 'watchServiceUtil' defined in file [E:\guo_chuang\ids_2023\ids-demo\target\classes\com\example\idsdemo\utils\WatchServiceUtil.class]: Instantiation of bean failed; nested exception is org.springframework.beans.BeanInstantiationException: Failed to instantiate [com.example.idsdemo.utils.WatchServiceUtil]: Constructor threw exception; nested exception is java.lang.NullPointerException
2023-11-29 15:58:51.106 [] [restartedMain] WARN  org.mybatis.spring.mapper.ClassPathMapperScanner - Skipping MapperFactoryBean with name 'abDetailsMapper' and 'com.example.idsdemo.mapper.AbDetailsMapper' mapperInterface. Bean already defined with the same name!
2023-11-29 15:58:51.106 [] [restartedMain] WARN  org.mybatis.spring.mapper.ClassPathMapperScanner - Skipping MapperFactoryBean with name 'carIntrusionMapper' and 'com.example.idsdemo.mapper.CarIntrusionMapper' mapperInterface. Bean already defined with the same name!
2023-11-29 15:58:51.106 [] [restartedMain] WARN  org.mybatis.spring.mapper.ClassPathMapperScanner - Skipping MapperFactoryBean with name 'carMapper' and 'com.example.idsdemo.mapper.CarMapper' mapperInterface. Bean already defined with the same name!
2023-11-29 15:58:51.106 [] [restartedMain] WARN  org.mybatis.spring.mapper.ClassPathMapperScanner - Skipping MapperFactoryBean with name 'detectionInfoMapper' and 'com.example.idsdemo.mapper.DetectionInfoMapper' mapperInterface. Bean already defined with the same name!
2023-11-29 15:58:51.107 [] [restartedMain] WARN  org.mybatis.spring.mapper.ClassPathMapperScanner - Skipping MapperFactoryBean with name 'feedbackInfoMapper' and 'com.example.idsdemo.mapper.FeedbackInfoMapper' mapperInterface. Bean already defined with the same name!
2023-11-29 15:58:51.107 [] [restartedMain] WARN  org.mybatis.spring.mapper.ClassPathMapperScanner - Skipping MapperFactoryBean with name 'logRecordMapper' and 'com.example.idsdemo.mapper.LogRecordMapper' mapperInterface. Bean already defined with the same name!
2023-11-29 15:58:51.107 [] [restartedMain] WARN  org.mybatis.spring.mapper.ClassPathMapperScanner - Skipping MapperFactoryBean with name 'userMapper' and 'com.example.idsdemo.mapper.UserMapper' mapperInterface. Bean already defined with the same name!
2023-11-29 15:58:51.107 [] [restartedMain] WARN  org.mybatis.spring.mapper.ClassPathMapperScanner - No MyBatis mapper was found in '[com.example.idsdemo.mapper]' package. Please check your configuration.
2023-11-29 15:58:52.180 [] [restartedMain] WARN  o.s.b.w.s.c.AnnotationConfigServletWebServerApplicationContext - Exception encountered during context initialization - cancelling refresh attempt: org.springframework.beans.factory.UnsatisfiedDependencyException: Error creating bean with name 'idsDemoApplication': Unsatisfied dependency expressed through field 'watchServiceUtil'; nested exception is org.springframework.beans.factory.BeanCreationException: Error creating bean with name 'watchServiceUtil' defined in file [E:\guo_chuang\ids_2023\ids-demo\target\classes\com\example\idsdemo\utils\WatchServiceUtil.class]: Instantiation of bean failed; nested exception is org.springframework.beans.BeanInstantiationException: Failed to instantiate [com.example.idsdemo.utils.WatchServiceUtil]: Constructor threw exception; nested exception is java.lang.NullPointerException
2023-11-29 15:59:40.513 [] [restartedMain] WARN  org.mybatis.spring.mapper.ClassPathMapperScanner - Skipping MapperFactoryBean with name 'abDetailsMapper' and 'com.example.idsdemo.mapper.AbDetailsMapper' mapperInterface. Bean already defined with the same name!
2023-11-29 15:59:40.513 [] [restartedMain] WARN  org.mybatis.spring.mapper.ClassPathMapperScanner - Skipping MapperFactoryBean with name 'carIntrusionMapper' and 'com.example.idsdemo.mapper.CarIntrusionMapper' mapperInterface. Bean already defined with the same name!
2023-11-29 15:59:40.514 [] [restartedMain] WARN  org.mybatis.spring.mapper.ClassPathMapperScanner - Skipping MapperFactoryBean with name 'carMapper' and 'com.example.idsdemo.mapper.CarMapper' mapperInterface. Bean already defined with the same name!
2023-11-29 15:59:40.514 [] [restartedMain] WARN  org.mybatis.spring.mapper.ClassPathMapperScanner - Skipping MapperFactoryBean with name 'detectionInfoMapper' and 'com.example.idsdemo.mapper.DetectionInfoMapper' mapperInterface. Bean already defined with the same name!
2023-11-29 15:59:40.514 [] [restartedMain] WARN  org.mybatis.spring.mapper.ClassPathMapperScanner - Skipping MapperFactoryBean with name 'feedbackInfoMapper' and 'com.example.idsdemo.mapper.FeedbackInfoMapper' mapperInterface. Bean already defined with the same name!
2023-11-29 15:59:40.514 [] [restartedMain] WARN  org.mybatis.spring.mapper.ClassPathMapperScanner - Skipping MapperFactoryBean with name 'logRecordMapper' and 'com.example.idsdemo.mapper.LogRecordMapper' mapperInterface. Bean already defined with the same name!
2023-11-29 15:59:40.514 [] [restartedMain] WARN  org.mybatis.spring.mapper.ClassPathMapperScanner - Skipping MapperFactoryBean with name 'userMapper' and 'com.example.idsdemo.mapper.UserMapper' mapperInterface. Bean already defined with the same name!
2023-11-29 15:59:40.514 [] [restartedMain] WARN  org.mybatis.spring.mapper.ClassPathMapperScanner - No MyBatis mapper was found in '[com.example.idsdemo.mapper]' package. Please check your configuration.
2023-11-29 15:59:41.384 [] [restartedMain] WARN  o.s.b.w.s.c.AnnotationConfigServletWebServerApplicationContext - Exception encountered during context initialization - cancelling refresh attempt: org.springframework.beans.factory.UnsatisfiedDependencyException: Error creating bean with name 'idsDemoApplication': Unsatisfied dependency expressed through field 'watchServiceUtil'; nested exception is org.springframework.beans.factory.BeanCreationException: Error creating bean with name 'watchServiceUtil' defined in file [E:\guo_chuang\ids_2023\ids-demo\target\classes\com\example\idsdemo\utils\WatchServiceUtil.class]: Instantiation of bean failed; nested exception is org.springframework.beans.BeanInstantiationException: Failed to instantiate [com.example.idsdemo.utils.WatchServiceUtil]: Constructor threw exception; nested exception is java.lang.NullPointerException
2023-11-29 16:22:44.543 [] [restartedMain] WARN  org.mybatis.spring.mapper.ClassPathMapperScanner - Skipping MapperFactoryBean with name 'abDetailsMapper' and 'com.example.idsdemo.mapper.AbDetailsMapper' mapperInterface. Bean already defined with the same name!
2023-11-29 16:22:44.543 [] [restartedMain] WARN  org.mybatis.spring.mapper.ClassPathMapperScanner - Skipping MapperFactoryBean with name 'carIntrusionMapper' and 'com.example.idsdemo.mapper.CarIntrusionMapper' mapperInterface. Bean already defined with the same name!
2023-11-29 16:22:44.543 [] [restartedMain] WARN  org.mybatis.spring.mapper.ClassPathMapperScanner - Skipping MapperFactoryBean with name 'carMapper' and 'com.example.idsdemo.mapper.CarMapper' mapperInterface. Bean already defined with the same name!
2023-11-29 16:22:44.544 [] [restartedMain] WARN  org.mybatis.spring.mapper.ClassPathMapperScanner - Skipping MapperFactoryBean with name 'detectionInfoMapper' and 'com.example.idsdemo.mapper.DetectionInfoMapper' mapperInterface. Bean already defined with the same name!
2023-11-29 16:22:44.544 [] [restartedMain] WARN  org.mybatis.spring.mapper.ClassPathMapperScanner - Skipping MapperFactoryBean with name 'feedbackInfoMapper' and 'com.example.idsdemo.mapper.FeedbackInfoMapper' mapperInterface. Bean already defined with the same name!
2023-11-29 16:22:44.544 [] [restartedMain] WARN  org.mybatis.spring.mapper.ClassPathMapperScanner - Skipping MapperFactoryBean with name 'logRecordMapper' and 'com.example.idsdemo.mapper.LogRecordMapper' mapperInterface. Bean already defined with the same name!
2023-11-29 16:22:44.544 [] [restartedMain] WARN  org.mybatis.spring.mapper.ClassPathMapperScanner - Skipping MapperFactoryBean with name 'userMapper' and 'com.example.idsdemo.mapper.UserMapper' mapperInterface. Bean already defined with the same name!
2023-11-29 16:22:44.544 [] [restartedMain] WARN  org.mybatis.spring.mapper.ClassPathMapperScanner - No MyBatis mapper was found in '[com.example.idsdemo.mapper]' package. Please check your configuration.
2023-11-29 16:22:45.266 [] [restartedMain] WARN  o.s.b.w.s.c.AnnotationConfigServletWebServerApplicationContext - Exception encountered during context initialization - cancelling refresh attempt: org.springframework.beans.factory.UnsatisfiedDependencyException: Error creating bean with name 'idsDemoApplication': Unsatisfied dependency expressed through field 'watchServiceUtil'; nested exception is org.springframework.beans.factory.BeanCreationException: Error creating bean with name 'watchServiceUtil' defined in file [E:\guo_chuang\ids_2023\ids-demo\target\classes\com\example\idsdemo\utils\WatchServiceUtil.class]: Instantiation of bean failed; nested exception is org.springframework.beans.BeanInstantiationException: Failed to instantiate [com.example.idsdemo.utils.WatchServiceUtil]: Constructor threw exception; nested exception is java.lang.NullPointerException
2023-11-29 16:28:22.750 [] [restartedMain] WARN  org.mybatis.spring.mapper.ClassPathMapperScanner - Skipping MapperFactoryBean with name 'abDetailsMapper' and 'com.example.idsdemo.mapper.AbDetailsMapper' mapperInterface. Bean already defined with the same name!
2023-11-29 16:28:22.750 [] [restartedMain] WARN  org.mybatis.spring.mapper.ClassPathMapperScanner - Skipping MapperFactoryBean with name 'carIntrusionMapper' and 'com.example.idsdemo.mapper.CarIntrusionMapper' mapperInterface. Bean already defined with the same name!
2023-11-29 16:28:22.750 [] [restartedMain] WARN  org.mybatis.spring.mapper.ClassPathMapperScanner - Skipping MapperFactoryBean with name 'carMapper' and 'com.example.idsdemo.mapper.CarMapper' mapperInterface. Bean already defined with the same name!
2023-11-29 16:28:22.750 [] [restartedMain] WARN  org.mybatis.spring.mapper.ClassPathMapperScanner - Skipping MapperFactoryBean with name 'detectionInfoMapper' and 'com.example.idsdemo.mapper.DetectionInfoMapper' mapperInterface. Bean already defined with the same name!
2023-11-29 16:28:22.751 [] [restartedMain] WARN  org.mybatis.spring.mapper.ClassPathMapperScanner - Skipping MapperFactoryBean with name 'feedbackInfoMapper' and 'com.example.idsdemo.mapper.FeedbackInfoMapper' mapperInterface. Bean already defined with the same name!
2023-11-29 16:28:22.751 [] [restartedMain] WARN  org.mybatis.spring.mapper.ClassPathMapperScanner - Skipping MapperFactoryBean with name 'logRecordMapper' and 'com.example.idsdemo.mapper.LogRecordMapper' mapperInterface. Bean already defined with the same name!
2023-11-29 16:28:22.751 [] [restartedMain] WARN  org.mybatis.spring.mapper.ClassPathMapperScanner - Skipping MapperFactoryBean with name 'userMapper' and 'com.example.idsdemo.mapper.UserMapper' mapperInterface. Bean already defined with the same name!
2023-11-29 16:28:22.751 [] [restartedMain] WARN  org.mybatis.spring.mapper.ClassPathMapperScanner - No MyBatis mapper was found in '[com.example.idsdemo.mapper]' package. Please check your configuration.
2023-11-29 16:28:23.482 [] [restartedMain] WARN  o.s.b.w.s.c.AnnotationConfigServletWebServerApplicationContext - Exception encountered during context initialization - cancelling refresh attempt: org.springframework.beans.factory.UnsatisfiedDependencyException: Error creating bean with name 'idsDemoApplication': Unsatisfied dependency expressed through field 'watchServiceUtil'; nested exception is org.springframework.beans.factory.BeanCreationException: Error creating bean with name 'watchServiceUtil' defined in file [E:\guo_chuang\ids_2023\ids-demo\target\classes\com\example\idsdemo\utils\WatchServiceUtil.class]: Instantiation of bean failed; nested exception is org.springframework.beans.BeanInstantiationException: Failed to instantiate [com.example.idsdemo.utils.WatchServiceUtil]: Constructor threw exception; nested exception is java.lang.NullPointerException
2023-11-29 16:29:36.148 [] [restartedMain] WARN  org.mybatis.spring.mapper.ClassPathMapperScanner - Skipping MapperFactoryBean with name 'abDetailsMapper' and 'com.example.idsdemo.mapper.AbDetailsMapper' mapperInterface. Bean already defined with the same name!
2023-11-29 16:29:36.148 [] [restartedMain] WARN  org.mybatis.spring.mapper.ClassPathMapperScanner - Skipping MapperFactoryBean with name 'carIntrusionMapper' and 'com.example.idsdemo.mapper.CarIntrusionMapper' mapperInterface. Bean already defined with the same name!
2023-11-29 16:29:36.148 [] [restartedMain] WARN  org.mybatis.spring.mapper.ClassPathMapperScanner - Skipping MapperFactoryBean with name 'carMapper' and 'com.example.idsdemo.mapper.CarMapper' mapperInterface. Bean already defined with the same name!
2023-11-29 16:29:36.149 [] [restartedMain] WARN  org.mybatis.spring.mapper.ClassPathMapperScanner - Skipping MapperFactoryBean with name 'detectionInfoMapper' and 'com.example.idsdemo.mapper.DetectionInfoMapper' mapperInterface. Bean already defined with the same name!
2023-11-29 16:29:36.149 [] [restartedMain] WARN  org.mybatis.spring.mapper.ClassPathMapperScanner - Skipping MapperFactoryBean with name 'feedbackInfoMapper' and 'com.example.idsdemo.mapper.FeedbackInfoMapper' mapperInterface. Bean already defined with the same name!
2023-11-29 16:29:36.149 [] [restartedMain] WARN  org.mybatis.spring.mapper.ClassPathMapperScanner - Skipping MapperFactoryBean with name 'logRecordMapper' and 'com.example.idsdemo.mapper.LogRecordMapper' mapperInterface. Bean already defined with the same name!
2023-11-29 16:29:36.149 [] [restartedMain] WARN  org.mybatis.spring.mapper.ClassPathMapperScanner - Skipping MapperFactoryBean with name 'userMapper' and 'com.example.idsdemo.mapper.UserMapper' mapperInterface. Bean already defined with the same name!
2023-11-29 16:29:36.150 [] [restartedMain] WARN  org.mybatis.spring.mapper.ClassPathMapperScanner - No MyBatis mapper was found in '[com.example.idsdemo.mapper]' package. Please check your configuration.
2023-11-29 16:29:36.985 [] [restartedMain] WARN  o.s.b.w.s.c.AnnotationConfigServletWebServerApplicationContext - Exception encountered during context initialization - cancelling refresh attempt: org.springframework.beans.factory.UnsatisfiedDependencyException: Error creating bean with name 'idsDemoApplication': Unsatisfied dependency expressed through field 'watchServiceUtil'; nested exception is org.springframework.beans.factory.BeanCreationException: Error creating bean with name 'watchServiceUtil' defined in file [E:\guo_chuang\ids_2023\ids-demo\target\classes\com\example\idsdemo\utils\WatchServiceUtil.class]: Instantiation of bean failed; nested exception is org.springframework.beans.BeanInstantiationException: Failed to instantiate [com.example.idsdemo.utils.WatchServiceUtil]: Constructor threw exception; nested exception is java.lang.NullPointerException
2023-11-29 16:30:44.511 [] [restartedMain] WARN  org.mybatis.spring.mapper.ClassPathMapperScanner - Skipping MapperFactoryBean with name 'abDetailsMapper' and 'com.example.idsdemo.mapper.AbDetailsMapper' mapperInterface. Bean already defined with the same name!
2023-11-29 16:30:44.512 [] [restartedMain] WARN  org.mybatis.spring.mapper.ClassPathMapperScanner - Skipping MapperFactoryBean with name 'carIntrusionMapper' and 'com.example.idsdemo.mapper.CarIntrusionMapper' mapperInterface. Bean already defined with the same name!
2023-11-29 16:30:44.512 [] [restartedMain] WARN  org.mybatis.spring.mapper.ClassPathMapperScanner - Skipping MapperFactoryBean with name 'carMapper' and 'com.example.idsdemo.mapper.CarMapper' mapperInterface. Bean already defined with the same name!
2023-11-29 16:30:44.512 [] [restartedMain] WARN  org.mybatis.spring.mapper.ClassPathMapperScanner - Skipping MapperFactoryBean with name 'detectionInfoMapper' and 'com.example.idsdemo.mapper.DetectionInfoMapper' mapperInterface. Bean already defined with the same name!
2023-11-29 16:30:44.512 [] [restartedMain] WARN  org.mybatis.spring.mapper.ClassPathMapperScanner - Skipping MapperFactoryBean with name 'feedbackInfoMapper' and 'com.example.idsdemo.mapper.FeedbackInfoMapper' mapperInterface. Bean already defined with the same name!
2023-11-29 16:30:44.512 [] [restartedMain] WARN  org.mybatis.spring.mapper.ClassPathMapperScanner - Skipping MapperFactoryBean with name 'logRecordMapper' and 'com.example.idsdemo.mapper.LogRecordMapper' mapperInterface. Bean already defined with the same name!
2023-11-29 16:30:44.512 [] [restartedMain] WARN  org.mybatis.spring.mapper.ClassPathMapperScanner - Skipping MapperFactoryBean with name 'userMapper' and 'com.example.idsdemo.mapper.UserMapper' mapperInterface. Bean already defined with the same name!
2023-11-29 16:30:44.513 [] [restartedMain] WARN  org.mybatis.spring.mapper.ClassPathMapperScanner - No MyBatis mapper was found in '[com.example.idsdemo.mapper]' package. Please check your configuration.
2023-11-29 16:30:53.758 [] [restartedMain] WARN  c.b.mybatisplus.core.injector.DefaultSqlInjector - class com.example.idsdemo.entity.User ,Not found @TableId annotation, Cannot use Mybatis-Plus 'xxById' Method.
2023-11-29 16:30:53.826 [] [restartedMain] WARN  c.b.mybatisplus.core.injector.DefaultSqlInjector - class com.example.idsdemo.entity.Car ,Not found @TableId annotation, Cannot use Mybatis-Plus 'xxById' Method.
2023-11-29 16:30:53.856 [] [restartedMain] WARN  c.b.mybatisplus.core.injector.DefaultSqlInjector - class com.example.idsdemo.entity.FeedbackInfo ,Not found @TableId annotation, Cannot use Mybatis-Plus 'xxById' Method.
2023-11-29 16:30:53.881 [] [restartedMain] WARN  c.b.mybatisplus.core.injector.DefaultSqlInjector - class com.example.idsdemo.entity.CarIntrusion ,Not found @TableId annotation, Cannot use Mybatis-Plus 'xxById' Method.
2023-11-29 16:30:53.899 [] [restartedMain] WARN  c.b.mybatisplus.core.injector.DefaultSqlInjector - class com.example.idsdemo.entity.DetectionInfo ,Not found @TableId annotation, Cannot use Mybatis-Plus 'xxById' Method.
2023-11-29 16:30:53.930 [] [restartedMain] WARN  c.b.mybatisplus.core.injector.DefaultSqlInjector - class com.example.idsdemo.entity.AbDetails ,Not found @TableId annotation, Cannot use Mybatis-Plus 'xxById' Method.
2023-11-29 16:30:53.974 [] [restartedMain] WARN  c.b.mybatisplus.core.injector.DefaultSqlInjector - class com.example.idsdemo.entity.LogRecord ,Not found @TableId annotation, Cannot use Mybatis-Plus 'xxById' Method.
2023-11-29 16:31:02.148 [] [restartedMain] WARN  o.s.c.l.c.LoadBalancerCacheAutoConfiguration$LoadBalancerCaffeineWarnLogger - Spring Cloud LoadBalancer is currently working with the default cache. While this cache implementation is useful for development and tests, it's recommended to use Caffeine cache in production.You can switch to using Caffeine cache, by adding it and org.springframework.cache.caffeine.CaffeineCacheManager to the classpath.
