2023-11-24 18:15:48.883 [] [restartedMain] WARN  org.mybatis.spring.mapper.ClassPathMapperScanner - Skipping MapperFactoryBean with name 'carIntrusionMapper' and 'com.example.idsdemo.mapper.CarIntrusionMapper' mapperInterface. Bean already defined with the same name!
2023-11-24 18:15:48.884 [] [restartedMain] WARN  org.mybatis.spring.mapper.ClassPathMapperScanner - Skipping MapperFactoryBean with name 'carMapper' and 'com.example.idsdemo.mapper.CarMapper' mapperInterface. Bean already defined with the same name!
2023-11-24 18:15:48.884 [] [restartedMain] WARN  org.mybatis.spring.mapper.ClassPathMapperScanner - Skipping MapperFactoryBean with name 'detectionInfoMapper' and 'com.example.idsdemo.mapper.DetectionInfoMapper' mapperInterface. Bean already defined with the same name!
2023-11-24 18:15:48.895 [] [restartedMain] WARN  org.mybatis.spring.mapper.ClassPathMapperScanner - Skipping MapperFactoryBean with name 'feedbackInfoMapper' and 'com.example.idsdemo.mapper.FeedbackInfoMapper' mapperInterface. Bean already defined with the same name!
2023-11-24 18:15:48.895 [] [restartedMain] WARN  org.mybatis.spring.mapper.ClassPathMapperScanner - Skipping MapperFactoryBean with name 'logRecordMapper' and 'com.example.idsdemo.mapper.LogRecordMapper' mapperInterface. Bean already defined with the same name!
2023-11-24 18:15:48.895 [] [restartedMain] WARN  org.mybatis.spring.mapper.ClassPathMapperScanner - Skipping MapperFactoryBean with name 'userMapper' and 'com.example.idsdemo.mapper.UserMapper' mapperInterface. Bean already defined with the same name!
2023-11-24 18:15:48.896 [] [restartedMain] WARN  org.mybatis.spring.mapper.ClassPathMapperScanner - No MyBatis mapper was found in '[com.example.idsdemo.mapper]' package. Please check your configuration.
2023-11-24 18:15:55.501 [] [restartedMain] WARN  c.b.mybatisplus.core.injector.DefaultSqlInjector - class com.example.idsdemo.entity.User ,Not found @TableId annotation, Cannot use Mybatis-Plus 'xxById' Method.
2023-11-24 18:15:55.576 [] [restartedMain] WARN  c.b.mybatisplus.core.injector.DefaultSqlInjector - class com.example.idsdemo.entity.Car ,Not found @TableId annotation, Cannot use Mybatis-Plus 'xxById' Method.
2023-11-24 18:15:55.615 [] [restartedMain] WARN  c.b.mybatisplus.core.injector.DefaultSqlInjector - class com.example.idsdemo.entity.FeedbackInfo ,Not found @TableId annotation, Cannot use Mybatis-Plus 'xxById' Method.
2023-11-24 18:15:55.640 [] [restartedMain] WARN  c.b.mybatisplus.core.injector.DefaultSqlInjector - class com.example.idsdemo.entity.CarIntrusion ,Not found @TableId annotation, Cannot use Mybatis-Plus 'xxById' Method.
2023-11-24 18:15:55.661 [] [restartedMain] WARN  c.b.mybatisplus.core.injector.DefaultSqlInjector - class com.example.idsdemo.entity.DetectionInfo ,Not found @TableId annotation, Cannot use Mybatis-Plus 'xxById' Method.
2023-11-24 18:15:55.685 [] [restartedMain] WARN  c.b.mybatisplus.core.injector.DefaultSqlInjector - class com.example.idsdemo.entity.LogRecord ,Not found @TableId annotation, Cannot use Mybatis-Plus 'xxById' Method.
2023-11-24 18:16:01.219 [] [restartedMain] WARN  o.s.c.l.c.LoadBalancerCacheAutoConfiguration$LoadBalancerCaffeineWarnLogger - Spring Cloud LoadBalancer is currently working with the default cache. While this cache implementation is useful for development and tests, it's recommended to use Caffeine cache in production.You can switch to using Caffeine cache, by adding it and org.springframework.cache.caffeine.CaffeineCacheManager to the classpath.
2023-11-24 18:29:06.425 [] [restartedMain] WARN  org.mybatis.spring.mapper.ClassPathMapperScanner - Skipping MapperFactoryBean with name 'carIntrusionMapper' and 'com.example.idsdemo.mapper.CarIntrusionMapper' mapperInterface. Bean already defined with the same name!
2023-11-24 18:29:06.425 [] [restartedMain] WARN  org.mybatis.spring.mapper.ClassPathMapperScanner - Skipping MapperFactoryBean with name 'carMapper' and 'com.example.idsdemo.mapper.CarMapper' mapperInterface. Bean already defined with the same name!
2023-11-24 18:29:06.425 [] [restartedMain] WARN  org.mybatis.spring.mapper.ClassPathMapperScanner - Skipping MapperFactoryBean with name 'detectionInfoMapper' and 'com.example.idsdemo.mapper.DetectionInfoMapper' mapperInterface. Bean already defined with the same name!
2023-11-24 18:29:06.425 [] [restartedMain] WARN  org.mybatis.spring.mapper.ClassPathMapperScanner - Skipping MapperFactoryBean with name 'feedbackInfoMapper' and 'com.example.idsdemo.mapper.FeedbackInfoMapper' mapperInterface. Bean already defined with the same name!
2023-11-24 18:29:06.425 [] [restartedMain] WARN  org.mybatis.spring.mapper.ClassPathMapperScanner - Skipping MapperFactoryBean with name 'logRecordMapper' and 'com.example.idsdemo.mapper.LogRecordMapper' mapperInterface. Bean already defined with the same name!
2023-11-24 18:29:06.426 [] [restartedMain] WARN  org.mybatis.spring.mapper.ClassPathMapperScanner - Skipping MapperFactoryBean with name 'userMapper' and 'com.example.idsdemo.mapper.UserMapper' mapperInterface. Bean already defined with the same name!
2023-11-24 18:29:06.426 [] [restartedMain] WARN  org.mybatis.spring.mapper.ClassPathMapperScanner - No MyBatis mapper was found in '[com.example.idsdemo.mapper]' package. Please check your configuration.
2023-11-24 18:29:12.947 [] [restartedMain] WARN  c.b.mybatisplus.core.injector.DefaultSqlInjector - class com.example.idsdemo.entity.User ,Not found @TableId annotation, Cannot use Mybatis-Plus 'xxById' Method.
2023-11-24 18:29:12.999 [] [restartedMain] WARN  c.b.mybatisplus.core.injector.DefaultSqlInjector - class com.example.idsdemo.entity.Car ,Not found @TableId annotation, Cannot use Mybatis-Plus 'xxById' Method.
2023-11-24 18:29:13.028 [] [restartedMain] WARN  c.b.mybatisplus.core.injector.DefaultSqlInjector - class com.example.idsdemo.entity.FeedbackInfo ,Not found @TableId annotation, Cannot use Mybatis-Plus 'xxById' Method.
2023-11-24 18:29:13.048 [] [restartedMain] WARN  c.b.mybatisplus.core.injector.DefaultSqlInjector - class com.example.idsdemo.entity.CarIntrusion ,Not found @TableId annotation, Cannot use Mybatis-Plus 'xxById' Method.
2023-11-24 18:29:13.061 [] [restartedMain] WARN  c.b.mybatisplus.core.injector.DefaultSqlInjector - class com.example.idsdemo.entity.DetectionInfo ,Not found @TableId annotation, Cannot use Mybatis-Plus 'xxById' Method.
2023-11-24 18:29:13.076 [] [restartedMain] WARN  c.b.mybatisplus.core.injector.DefaultSqlInjector - class com.example.idsdemo.entity.LogRecord ,Not found @TableId annotation, Cannot use Mybatis-Plus 'xxById' Method.
2023-11-24 18:29:17.961 [] [restartedMain] WARN  o.s.c.l.c.LoadBalancerCacheAutoConfiguration$LoadBalancerCaffeineWarnLogger - Spring Cloud LoadBalancer is currently working with the default cache. While this cache implementation is useful for development and tests, it's recommended to use Caffeine cache in production.You can switch to using Caffeine cache, by adding it and org.springframework.cache.caffeine.CaffeineCacheManager to the classpath.
2023-11-24 18:38:50.696 [] [DiscoveryClient-0] WARN  com.netflix.discovery.TimedSupervisorTask - task supervisor shutting down, can't accept the task
2023-11-24 18:39:19.431 [] [restartedMain] WARN  org.mybatis.spring.mapper.ClassPathMapperScanner - Skipping MapperFactoryBean with name 'carIntrusionMapper' and 'com.example.idsdemo.mapper.CarIntrusionMapper' mapperInterface. Bean already defined with the same name!
2023-11-24 18:39:19.431 [] [restartedMain] WARN  org.mybatis.spring.mapper.ClassPathMapperScanner - Skipping MapperFactoryBean with name 'carMapper' and 'com.example.idsdemo.mapper.CarMapper' mapperInterface. Bean already defined with the same name!
2023-11-24 18:39:19.431 [] [restartedMain] WARN  org.mybatis.spring.mapper.ClassPathMapperScanner - Skipping MapperFactoryBean with name 'detectionInfoMapper' and 'com.example.idsdemo.mapper.DetectionInfoMapper' mapperInterface. Bean already defined with the same name!
2023-11-24 18:39:19.431 [] [restartedMain] WARN  org.mybatis.spring.mapper.ClassPathMapperScanner - Skipping MapperFactoryBean with name 'feedbackInfoMapper' and 'com.example.idsdemo.mapper.FeedbackInfoMapper' mapperInterface. Bean already defined with the same name!
2023-11-24 18:39:19.443 [] [restartedMain] WARN  org.mybatis.spring.mapper.ClassPathMapperScanner - Skipping MapperFactoryBean with name 'logRecordMapper' and 'com.example.idsdemo.mapper.LogRecordMapper' mapperInterface. Bean already defined with the same name!
2023-11-24 18:39:19.443 [] [restartedMain] WARN  org.mybatis.spring.mapper.ClassPathMapperScanner - Skipping MapperFactoryBean with name 'userMapper' and 'com.example.idsdemo.mapper.UserMapper' mapperInterface. Bean already defined with the same name!
2023-11-24 18:39:19.443 [] [restartedMain] WARN  org.mybatis.spring.mapper.ClassPathMapperScanner - No MyBatis mapper was found in '[com.example.idsdemo.mapper]' package. Please check your configuration.
2023-11-24 18:39:25.625 [] [restartedMain] WARN  c.b.mybatisplus.core.injector.DefaultSqlInjector - class com.example.idsdemo.entity.User ,Not found @TableId annotation, Cannot use Mybatis-Plus 'xxById' Method.
2023-11-24 18:39:25.682 [] [restartedMain] WARN  c.b.mybatisplus.core.injector.DefaultSqlInjector - class com.example.idsdemo.entity.Car ,Not found @TableId annotation, Cannot use Mybatis-Plus 'xxById' Method.
2023-11-24 18:39:25.708 [] [restartedMain] WARN  c.b.mybatisplus.core.injector.DefaultSqlInjector - class com.example.idsdemo.entity.FeedbackInfo ,Not found @TableId annotation, Cannot use Mybatis-Plus 'xxById' Method.
2023-11-24 18:39:25.729 [] [restartedMain] WARN  c.b.mybatisplus.core.injector.DefaultSqlInjector - class com.example.idsdemo.entity.CarIntrusion ,Not found @TableId annotation, Cannot use Mybatis-Plus 'xxById' Method.
2023-11-24 18:39:25.744 [] [restartedMain] WARN  c.b.mybatisplus.core.injector.DefaultSqlInjector - class com.example.idsdemo.entity.DetectionInfo ,Not found @TableId annotation, Cannot use Mybatis-Plus 'xxById' Method.
2023-11-24 18:39:25.758 [] [restartedMain] WARN  c.b.mybatisplus.core.injector.DefaultSqlInjector - class com.example.idsdemo.entity.LogRecord ,Not found @TableId annotation, Cannot use Mybatis-Plus 'xxById' Method.
2023-11-24 18:39:30.764 [] [restartedMain] WARN  o.s.c.l.c.LoadBalancerCacheAutoConfiguration$LoadBalancerCaffeineWarnLogger - Spring Cloud LoadBalancer is currently working with the default cache. While this cache implementation is useful for development and tests, it's recommended to use Caffeine cache in production.You can switch to using Caffeine cache, by adding it and org.springframework.cache.caffeine.CaffeineCacheManager to the classpath.
2023-11-24 19:02:48.942 [] [restartedMain] WARN  org.mybatis.spring.mapper.ClassPathMapperScanner - Skipping MapperFactoryBean with name 'carIntrusionMapper' and 'com.example.idsdemo.mapper.CarIntrusionMapper' mapperInterface. Bean already defined with the same name!
2023-11-24 19:02:48.943 [] [restartedMain] WARN  org.mybatis.spring.mapper.ClassPathMapperScanner - Skipping MapperFactoryBean with name 'carMapper' and 'com.example.idsdemo.mapper.CarMapper' mapperInterface. Bean already defined with the same name!
2023-11-24 19:02:48.943 [] [restartedMain] WARN  org.mybatis.spring.mapper.ClassPathMapperScanner - Skipping MapperFactoryBean with name 'detectionInfoMapper' and 'com.example.idsdemo.mapper.DetectionInfoMapper' mapperInterface. Bean already defined with the same name!
2023-11-24 19:02:48.943 [] [restartedMain] WARN  org.mybatis.spring.mapper.ClassPathMapperScanner - Skipping MapperFactoryBean with name 'feedbackInfoMapper' and 'com.example.idsdemo.mapper.FeedbackInfoMapper' mapperInterface. Bean already defined with the same name!
2023-11-24 19:02:48.943 [] [restartedMain] WARN  org.mybatis.spring.mapper.ClassPathMapperScanner - Skipping MapperFactoryBean with name 'logRecordMapper' and 'com.example.idsdemo.mapper.LogRecordMapper' mapperInterface. Bean already defined with the same name!
2023-11-24 19:02:48.943 [] [restartedMain] WARN  org.mybatis.spring.mapper.ClassPathMapperScanner - Skipping MapperFactoryBean with name 'userMapper' and 'com.example.idsdemo.mapper.UserMapper' mapperInterface. Bean already defined with the same name!
2023-11-24 19:02:48.944 [] [restartedMain] WARN  org.mybatis.spring.mapper.ClassPathMapperScanner - No MyBatis mapper was found in '[com.example.idsdemo.mapper]' package. Please check your configuration.
2023-11-24 19:02:55.233 [] [restartedMain] WARN  c.b.mybatisplus.core.injector.DefaultSqlInjector - class com.example.idsdemo.entity.User ,Not found @TableId annotation, Cannot use Mybatis-Plus 'xxById' Method.
2023-11-24 19:02:55.289 [] [restartedMain] WARN  c.b.mybatisplus.core.injector.DefaultSqlInjector - class com.example.idsdemo.entity.Car ,Not found @TableId annotation, Cannot use Mybatis-Plus 'xxById' Method.
2023-11-24 19:02:55.316 [] [restartedMain] WARN  c.b.mybatisplus.core.injector.DefaultSqlInjector - class com.example.idsdemo.entity.FeedbackInfo ,Not found @TableId annotation, Cannot use Mybatis-Plus 'xxById' Method.
2023-11-24 19:02:55.342 [] [restartedMain] WARN  c.b.mybatisplus.core.injector.DefaultSqlInjector - class com.example.idsdemo.entity.CarIntrusion ,Not found @TableId annotation, Cannot use Mybatis-Plus 'xxById' Method.
2023-11-24 19:02:55.358 [] [restartedMain] WARN  c.b.mybatisplus.core.injector.DefaultSqlInjector - class com.example.idsdemo.entity.DetectionInfo ,Not found @TableId annotation, Cannot use Mybatis-Plus 'xxById' Method.
2023-11-24 19:02:55.392 [] [restartedMain] WARN  c.b.mybatisplus.core.injector.DefaultSqlInjector - class com.example.idsdemo.entity.LogRecord ,Not found @TableId annotation, Cannot use Mybatis-Plus 'xxById' Method.
2023-11-24 19:03:00.268 [] [restartedMain] WARN  o.s.c.l.c.LoadBalancerCacheAutoConfiguration$LoadBalancerCaffeineWarnLogger - Spring Cloud LoadBalancer is currently working with the default cache. While this cache implementation is useful for development and tests, it's recommended to use Caffeine cache in production.You can switch to using Caffeine cache, by adding it and org.springframework.cache.caffeine.CaffeineCacheManager to the classpath.
2023-11-24 19:19:42.453 [] [SpringApplicationShutdownHook] WARN  c.n.d.s.t.decorator.RetryableEurekaHttpClient - Request execution failed with message: I/O error on DELETE request for "http://localhost:8083/eureka/apps/IDS-2023/LAPTOP-9HR8DGCC:ids-2023:6083": Connect to localhost:8083 [localhost/127.0.0.1, localhost/0:0:0:0:0:0:0:1] failed: Connection refused: connect; nested exception is org.apache.http.conn.HttpHostConnectException: Connect to localhost:8083 [localhost/127.0.0.1, localhost/0:0:0:0:0:0:0:1] failed: Connection refused: connect
2023-11-24 19:19:46.543 [] [SpringApplicationShutdownHook] WARN  c.n.d.s.t.decorator.RetryableEurekaHttpClient - Request execution failed with message: I/O error on DELETE request for "http://localhost:8083/eureka/apps/IDS-2023/LAPTOP-9HR8DGCC:ids-2023:6083": Connect to localhost:8083 [localhost/127.0.0.1, localhost/0:0:0:0:0:0:0:1] failed: Connection refused: connect; nested exception is org.apache.http.conn.HttpHostConnectException: Connect to localhost:8083 [localhost/127.0.0.1, localhost/0:0:0:0:0:0:0:1] failed: Connection refused: connect
