2023-11-22 15:42:17.649 [] [restartedMain] WARN  org.mybatis.spring.mapper.ClassPathMapperScanner - Skipping MapperFactoryBean with name 'carIntrusionMapper' and 'com.example.idsdemo.mapper.CarIntrusionMapper' mapperInterface. Bean already defined with the same name!
2023-11-22 15:42:17.650 [] [restartedMain] WARN  org.mybatis.spring.mapper.ClassPathMapperScanner - Skipping MapperFactoryBean with name 'carMapper' and 'com.example.idsdemo.mapper.CarMapper' mapperInterface. Bean already defined with the same name!
2023-11-22 15:42:17.651 [] [restartedMain] WARN  org.mybatis.spring.mapper.ClassPathMapperScanner - Skipping MapperFactoryBean with name 'detectionInfoMapper' and 'com.example.idsdemo.mapper.DetectionInfoMapper' mapperInterface. Bean already defined with the same name!
2023-11-22 15:42:17.662 [] [restartedMain] WARN  org.mybatis.spring.mapper.ClassPathMapperScanner - Skipping MapperFactoryBean with name 'feedbackInfoMapper' and 'com.example.idsdemo.mapper.FeedbackInfoMapper' mapperInterface. Bean already defined with the same name!
2023-11-22 15:42:17.662 [] [restartedMain] WARN  org.mybatis.spring.mapper.ClassPathMapperScanner - Skipping MapperFactoryBean with name 'logRecordMapper' and 'com.example.idsdemo.mapper.LogRecordMapper' mapperInterface. Bean already defined with the same name!
2023-11-22 15:42:17.662 [] [restartedMain] WARN  org.mybatis.spring.mapper.ClassPathMapperScanner - Skipping MapperFactoryBean with name 'userMapper' and 'com.example.idsdemo.mapper.UserMapper' mapperInterface. Bean already defined with the same name!
2023-11-22 15:42:17.662 [] [restartedMain] WARN  org.mybatis.spring.mapper.ClassPathMapperScanner - No MyBatis mapper was found in '[com.example.idsdemo.mapper]' package. Please check your configuration.
2023-11-22 15:42:24.714 [] [restartedMain] WARN  c.b.mybatisplus.core.injector.DefaultSqlInjector - class com.example.idsdemo.entity.User ,Not found @TableId annotation, Cannot use Mybatis-Plus 'xxById' Method.
2023-11-22 15:42:24.797 [] [restartedMain] WARN  c.b.mybatisplus.core.injector.DefaultSqlInjector - class com.example.idsdemo.entity.Car ,Not found @TableId annotation, Cannot use Mybatis-Plus 'xxById' Method.
2023-11-22 15:42:24.830 [] [restartedMain] WARN  c.b.mybatisplus.core.injector.DefaultSqlInjector - class com.example.idsdemo.entity.FeedbackInfo ,Not found @TableId annotation, Cannot use Mybatis-Plus 'xxById' Method.
2023-11-22 15:42:24.853 [] [restartedMain] WARN  c.b.mybatisplus.core.injector.DefaultSqlInjector - class com.example.idsdemo.entity.CarIntrusion ,Not found @TableId annotation, Cannot use Mybatis-Plus 'xxById' Method.
2023-11-22 15:42:24.870 [] [restartedMain] WARN  c.b.mybatisplus.core.injector.DefaultSqlInjector - class com.example.idsdemo.entity.DetectionInfo ,Not found @TableId annotation, Cannot use Mybatis-Plus 'xxById' Method.
2023-11-22 15:42:24.887 [] [restartedMain] WARN  c.b.mybatisplus.core.injector.DefaultSqlInjector - class com.example.idsdemo.entity.LogRecord ,Not found @TableId annotation, Cannot use Mybatis-Plus 'xxById' Method.
2023-11-22 15:42:31.836 [] [restartedMain] WARN  o.s.c.l.c.LoadBalancerCacheAutoConfiguration$LoadBalancerCaffeineWarnLogger - Spring Cloud LoadBalancer is currently working with the default cache. While this cache implementation is useful for development and tests, it's recommended to use Caffeine cache in production.You can switch to using Caffeine cache, by adding it and org.springframework.cache.caffeine.CaffeineCacheManager to the classpath.
2023-11-22 15:48:34.318 [] [restartedMain] WARN  org.mybatis.spring.mapper.ClassPathMapperScanner - Skipping MapperFactoryBean with name 'carIntrusionMapper' and 'com.example.idsdemo.mapper.CarIntrusionMapper' mapperInterface. Bean already defined with the same name!
2023-11-22 15:48:34.318 [] [restartedMain] WARN  org.mybatis.spring.mapper.ClassPathMapperScanner - Skipping MapperFactoryBean with name 'carMapper' and 'com.example.idsdemo.mapper.CarMapper' mapperInterface. Bean already defined with the same name!
2023-11-22 15:48:34.318 [] [restartedMain] WARN  org.mybatis.spring.mapper.ClassPathMapperScanner - Skipping MapperFactoryBean with name 'detectionInfoMapper' and 'com.example.idsdemo.mapper.DetectionInfoMapper' mapperInterface. Bean already defined with the same name!
2023-11-22 15:48:34.329 [] [restartedMain] WARN  org.mybatis.spring.mapper.ClassPathMapperScanner - Skipping MapperFactoryBean with name 'feedbackInfoMapper' and 'com.example.idsdemo.mapper.FeedbackInfoMapper' mapperInterface. Bean already defined with the same name!
2023-11-22 15:48:34.329 [] [restartedMain] WARN  org.mybatis.spring.mapper.ClassPathMapperScanner - Skipping MapperFactoryBean with name 'logRecordMapper' and 'com.example.idsdemo.mapper.LogRecordMapper' mapperInterface. Bean already defined with the same name!
2023-11-22 15:48:34.330 [] [restartedMain] WARN  org.mybatis.spring.mapper.ClassPathMapperScanner - Skipping MapperFactoryBean with name 'userMapper' and 'com.example.idsdemo.mapper.UserMapper' mapperInterface. Bean already defined with the same name!
2023-11-22 15:48:34.330 [] [restartedMain] WARN  org.mybatis.spring.mapper.ClassPathMapperScanner - No MyBatis mapper was found in '[com.example.idsdemo.mapper]' package. Please check your configuration.
2023-11-22 15:48:43.528 [] [restartedMain] WARN  c.b.mybatisplus.core.injector.DefaultSqlInjector - class com.example.idsdemo.entity.User ,Not found @TableId annotation, Cannot use Mybatis-Plus 'xxById' Method.
2023-11-22 15:48:43.614 [] [restartedMain] WARN  c.b.mybatisplus.core.injector.DefaultSqlInjector - class com.example.idsdemo.entity.Car ,Not found @TableId annotation, Cannot use Mybatis-Plus 'xxById' Method.
2023-11-22 15:48:43.658 [] [restartedMain] WARN  c.b.mybatisplus.core.injector.DefaultSqlInjector - class com.example.idsdemo.entity.FeedbackInfo ,Not found @TableId annotation, Cannot use Mybatis-Plus 'xxById' Method.
2023-11-22 15:48:43.688 [] [restartedMain] WARN  c.b.mybatisplus.core.injector.DefaultSqlInjector - class com.example.idsdemo.entity.CarIntrusion ,Not found @TableId annotation, Cannot use Mybatis-Plus 'xxById' Method.
2023-11-22 15:48:43.714 [] [restartedMain] WARN  c.b.mybatisplus.core.injector.DefaultSqlInjector - class com.example.idsdemo.entity.DetectionInfo ,Not found @TableId annotation, Cannot use Mybatis-Plus 'xxById' Method.
2023-11-22 15:48:43.736 [] [restartedMain] WARN  c.b.mybatisplus.core.injector.DefaultSqlInjector - class com.example.idsdemo.entity.LogRecord ,Not found @TableId annotation, Cannot use Mybatis-Plus 'xxById' Method.
2023-11-22 15:48:49.563 [] [restartedMain] WARN  o.s.c.l.c.LoadBalancerCacheAutoConfiguration$LoadBalancerCaffeineWarnLogger - Spring Cloud LoadBalancer is currently working with the default cache. While this cache implementation is useful for development and tests, it's recommended to use Caffeine cache in production.You can switch to using Caffeine cache, by adding it and org.springframework.cache.caffeine.CaffeineCacheManager to the classpath.
2023-11-22 16:29:33.692 [] [http-nio-6083-exec-3] WARN  org.springframework.web.servlet.PageNotFound - No mapping for GET /api/myHandle
2023-11-22 16:29:33.694 [] [http-nio-6083-exec-3] WARN  org.springframework.web.servlet.PageNotFound - No handler found for GET /api/myHandle
2023-11-22 16:29:33.694 [] [http-nio-6083-exec-3] WARN  o.s.w.s.m.support.DefaultHandlerExceptionResolver - Resolved [org.springframework.web.servlet.NoHandlerFoundException: No handler found for GET /api/myHandle]
2023-11-22 16:29:42.546 [] [http-nio-6083-exec-4] WARN  org.springframework.web.servlet.PageNotFound - No mapping for GET /api/myHandle
2023-11-22 16:29:42.546 [] [http-nio-6083-exec-4] WARN  org.springframework.web.servlet.PageNotFound - No handler found for GET /api/myHandle
2023-11-22 16:29:42.546 [] [http-nio-6083-exec-4] WARN  o.s.w.s.m.support.DefaultHandlerExceptionResolver - Resolved [org.springframework.web.servlet.NoHandlerFoundException: No handler found for GET /api/myHandle]
2023-11-22 16:29:51.129 [] [http-nio-6083-exec-5] WARN  org.springframework.web.servlet.PageNotFound - No mapping for GET /api/myHandle
2023-11-22 16:29:51.130 [] [http-nio-6083-exec-5] WARN  org.springframework.web.servlet.PageNotFound - No handler found for GET /api/myHandle
2023-11-22 16:29:51.130 [] [http-nio-6083-exec-5] WARN  o.s.w.s.m.support.DefaultHandlerExceptionResolver - Resolved [org.springframework.web.servlet.NoHandlerFoundException: No handler found for GET /api/myHandle]
2023-11-22 17:10:49.022 [] [SpringApplicationShutdownHook] WARN  c.n.d.s.t.decorator.RetryableEurekaHttpClient - Request execution failed with message: I/O error on DELETE request for "http://localhost:8083/eureka/apps/IDS-2023/LAPTOP-9HR8DGCC:ids-2023:6083": Connect to localhost:8083 [localhost/127.0.0.1, localhost/0:0:0:0:0:0:0:1] failed: Connection refused: connect; nested exception is org.apache.http.conn.HttpHostConnectException: Connect to localhost:8083 [localhost/127.0.0.1, localhost/0:0:0:0:0:0:0:1] failed: Connection refused: connect
2023-11-22 17:10:53.108 [] [SpringApplicationShutdownHook] WARN  c.n.d.s.t.decorator.RetryableEurekaHttpClient - Request execution failed with message: I/O error on DELETE request for "http://localhost:8083/eureka/apps/IDS-2023/LAPTOP-9HR8DGCC:ids-2023:6083": Connect to localhost:8083 [localhost/127.0.0.1, localhost/0:0:0:0:0:0:0:1] failed: Connection refused: connect; nested exception is org.apache.http.conn.HttpHostConnectException: Connect to localhost:8083 [localhost/127.0.0.1, localhost/0:0:0:0:0:0:0:1] failed: Connection refused: connect
