2024-04-02 10:02:24.758 [] [restartedMain] INFO  com.example.idsdemo.IdsDemoApplication - Starting IdsDemoApplication using Java 1.8.0_291 on LAPTOP-9HR8DGCC with PID 3992 (E:\guo_chuang\ids_2023\ids-demo\target\classes started by YU in E:\guo_chuang\ids_2023)
2024-04-02 10:02:24.761 [] [restartedMain] INFO  com.example.idsdemo.IdsDemoApplication - No active profile set, falling back to default profiles: default
2024-04-02 10:02:24.823 [] [restartedMain] INFO  o.s.b.d.env.DevToolsPropertyDefaultsPostProcessor - Devtools property defaults active! Set 'spring.devtools.add-properties' to 'false' to disable
2024-04-02 10:02:24.823 [] [restartedMain] INFO  o.s.b.d.env.DevToolsPropertyDefaultsPostProcessor - For additional web related logging consider setting the 'logging.level.web' property to 'DEBUG'
2024-04-02 10:02:25.429 [] [restartedMain] INFO  o.s.d.r.config.RepositoryConfigurationDelegate - Multiple Spring Data modules found, entering strict repository configuration mode!
2024-04-02 10:02:25.431 [] [restartedMain] INFO  o.s.d.r.config.RepositoryConfigurationDelegate - Bootstrapping Spring Data Redis repositories in DEFAULT mode.
2024-04-02 10:02:25.457 [] [restartedMain] INFO  o.s.d.r.config.RepositoryConfigurationDelegate - Finished Spring Data repository scanning in 11 ms. Found 0 Redis repository interfaces.
2024-04-02 10:02:25.755 [] [restartedMain] INFO  o.springframework.cloud.context.scope.GenericScope - BeanFactory id=5f23f99c-e331-345e-9a96-ed9498b9a7d4
2024-04-02 10:02:25.989 [] [restartedMain] INFO  o.s.c.s.PostProcessorRegistrationDelegate$BeanPostProcessorChecker - Bean 'redisConfig' of type [com.example.idsdemo.config.RedisConfig$$EnhancerBySpringCGLIB$$bd60024b] is not eligible for getting processed by all BeanPostProcessors (for example: not eligible for auto-proxying)
2024-04-02 10:02:26.602 [] [restartedMain] INFO  o.s.boot.web.embedded.tomcat.TomcatWebServer - Tomcat initialized with port(s): 6083 (http)
2024-04-02 10:02:26.612 [] [restartedMain] INFO  org.apache.coyote.http11.Http11NioProtocol - Initializing ProtocolHandler ["http-nio-6083"]
2024-04-02 10:02:26.613 [] [restartedMain] INFO  org.apache.catalina.core.StandardService - Starting service [Tomcat]
2024-04-02 10:02:26.613 [] [restartedMain] INFO  org.apache.catalina.core.StandardEngine - Starting Servlet engine: [Apache Tomcat/9.0.55]
2024-04-02 10:02:26.818 [] [restartedMain] INFO  o.a.c.c.ContainerBase.[Tomcat].[localhost].[/api] - Initializing Spring embedded WebApplicationContext
2024-04-02 10:02:26.818 [] [restartedMain] INFO  o.s.b.w.s.c.ServletWebServerApplicationContext - Root WebApplicationContext: initialization completed in 1984 ms
2024-04-02 10:02:36.389 [] [restartedMain] INFO  o.s.b.d.autoconfigure.OptionalLiveReloadServer - LiveReload server is running on port 35729
2024-04-02 10:02:40.083 [] [restartedMain] INFO  o.s.c.n.e.c.DiscoveryClientOptionalArgsConfiguration - Eureka HTTP Client uses RestTemplate.
2024-04-02 10:02:44.018 [] [restartedMain] INFO  o.s.cloud.netflix.eureka.InstanceInfoFactory - Setting initial instance status as: STARTING
2024-04-02 10:02:44.055 [] [restartedMain] INFO  com.netflix.discovery.DiscoveryClient - Initializing Eureka in region us-east-1
2024-04-02 10:02:44.060 [] [restartedMain] INFO  c.n.d.shared.resolver.aws.ConfigClusterResolver - Resolving eureka endpoints via configuration
2024-04-02 10:02:44.081 [] [restartedMain] INFO  com.netflix.discovery.DiscoveryClient - Disable delta property : false
2024-04-02 10:02:44.084 [] [restartedMain] INFO  com.netflix.discovery.DiscoveryClient - Single vip registry refresh property : null
2024-04-02 10:02:44.084 [] [restartedMain] INFO  com.netflix.discovery.DiscoveryClient - Force full registry fetch : false
2024-04-02 10:02:44.084 [] [restartedMain] INFO  com.netflix.discovery.DiscoveryClient - Application is null : false
2024-04-02 10:02:44.084 [] [restartedMain] INFO  com.netflix.discovery.DiscoveryClient - Registered Applications size is zero : true
2024-04-02 10:02:44.084 [] [restartedMain] INFO  com.netflix.discovery.DiscoveryClient - Application version is -1: true
2024-04-02 10:02:44.084 [] [restartedMain] INFO  com.netflix.discovery.DiscoveryClient - Getting all instance registry info from the eureka server
2024-04-02 10:02:47.057 [] [restartedMain] INFO  com.netflix.discovery.DiscoveryClient - The response status is 200
2024-04-02 10:02:47.064 [] [restartedMain] INFO  com.netflix.discovery.DiscoveryClient - Starting heartbeat executor: renew interval is: 30
2024-04-02 10:02:47.067 [] [restartedMain] INFO  com.netflix.discovery.InstanceInfoReplicator - InstanceInfoReplicator onDemand update allowed rate per min is 4
2024-04-02 10:02:47.070 [] [restartedMain] INFO  com.netflix.discovery.DiscoveryClient - Discovery Client initialized at timestamp 1712023367069 with initial instances count: 0
2024-04-02 10:02:47.072 [] [restartedMain] INFO  o.s.c.n.e.serviceregistry.EurekaServiceRegistry - Registering application IDS-2023 with eureka with status UP
2024-04-02 10:02:47.073 [] [restartedMain] INFO  com.netflix.discovery.DiscoveryClient - Saw local status change event StatusChangeEvent [timestamp=1712023367073, current=UP, previous=STARTING]
2024-04-02 10:02:47.075 [] [DiscoveryClient-InstanceInfoReplicator-0] INFO  com.netflix.discovery.DiscoveryClient - DiscoveryClient_IDS-2023/LAPTOP-9HR8DGCC:ids-2023:6083: registering service...
2024-04-02 10:02:47.079 [] [restartedMain] INFO  org.apache.coyote.http11.Http11NioProtocol - Starting ProtocolHandler ["http-nio-6083"]
2024-04-02 10:02:47.096 [] [restartedMain] INFO  o.s.boot.web.embedded.tomcat.TomcatWebServer - Tomcat started on port(s): 6083 (http) with context path '/api'
2024-04-02 10:02:47.097 [] [restartedMain] INFO  o.s.c.n.e.s.EurekaAutoServiceRegistration - Updating port to 6083
2024-04-02 10:02:47.168 [] [DiscoveryClient-InstanceInfoReplicator-0] INFO  com.netflix.discovery.DiscoveryClient - DiscoveryClient_IDS-2023/LAPTOP-9HR8DGCC:ids-2023:6083 - registration status: 204
2024-04-02 10:02:50.685 [] [restartedMain] INFO  com.example.idsdemo.IdsDemoApplication - Started IdsDemoApplication in 29.84 seconds (JVM running for 33.209)
2024-04-02 10:02:55.652 [] [http-nio-6083-exec-1] INFO  o.a.c.c.ContainerBase.[Tomcat].[localhost].[/api] - Initializing Spring DispatcherServlet 'dispatcherServlet'
2024-04-02 10:02:55.652 [] [http-nio-6083-exec-1] INFO  org.springframework.web.servlet.DispatcherServlet - Initializing Servlet 'dispatcherServlet'
2024-04-02 10:02:55.653 [] [http-nio-6083-exec-1] INFO  org.springframework.web.servlet.DispatcherServlet - Completed initialization in 1 ms
2024-04-02 10:03:17.065 [] [DiscoveryClient-CacheRefreshExecutor-0] INFO  com.netflix.discovery.DiscoveryClient - Disable delta property : false
2024-04-02 10:03:17.065 [] [DiscoveryClient-CacheRefreshExecutor-0] INFO  com.netflix.discovery.DiscoveryClient - Single vip registry refresh property : null
2024-04-02 10:03:17.065 [] [DiscoveryClient-CacheRefreshExecutor-0] INFO  com.netflix.discovery.DiscoveryClient - Force full registry fetch : false
2024-04-02 10:03:17.065 [] [DiscoveryClient-CacheRefreshExecutor-0] INFO  com.netflix.discovery.DiscoveryClient - Application is null : false
2024-04-02 10:03:17.066 [] [DiscoveryClient-CacheRefreshExecutor-0] INFO  com.netflix.discovery.DiscoveryClient - Registered Applications size is zero : true
2024-04-02 10:03:17.066 [] [DiscoveryClient-CacheRefreshExecutor-0] INFO  com.netflix.discovery.DiscoveryClient - Application version is -1: false
2024-04-02 10:03:17.066 [] [DiscoveryClient-CacheRefreshExecutor-0] INFO  com.netflix.discovery.DiscoveryClient - Getting all instance registry info from the eureka server
2024-04-02 10:03:17.108 [] [DiscoveryClient-CacheRefreshExecutor-0] INFO  com.netflix.discovery.DiscoveryClient - The response status is 200
2024-04-02 10:07:44.094 [] [AsyncResolver-bootstrap-executor-0] INFO  c.n.d.shared.resolver.aws.ConfigClusterResolver - Resolving eureka endpoints via configuration
2024-04-02 10:08:35.415 [] [http-nio-6083-exec-8] INFO  com.zaxxer.hikari.HikariDataSource - HikariCPDatasource - Starting...
2024-04-02 10:08:35.776 [] [http-nio-6083-exec-8] INFO  com.zaxxer.hikari.HikariDataSource - HikariCPDatasource - Start completed.
2024-04-02 10:12:44.110 [] [AsyncResolver-bootstrap-executor-0] INFO  c.n.d.shared.resolver.aws.ConfigClusterResolver - Resolving eureka endpoints via configuration
2024-04-02 10:17:44.112 [] [AsyncResolver-bootstrap-executor-0] INFO  c.n.d.shared.resolver.aws.ConfigClusterResolver - Resolving eureka endpoints via configuration
2024-04-02 10:22:44.116 [] [AsyncResolver-bootstrap-executor-0] INFO  c.n.d.shared.resolver.aws.ConfigClusterResolver - Resolving eureka endpoints via configuration
2024-04-02 10:27:44.126 [] [AsyncResolver-bootstrap-executor-0] INFO  c.n.d.shared.resolver.aws.ConfigClusterResolver - Resolving eureka endpoints via configuration
2024-04-02 10:32:44.131 [] [AsyncResolver-bootstrap-executor-0] INFO  c.n.d.shared.resolver.aws.ConfigClusterResolver - Resolving eureka endpoints via configuration
2024-04-02 10:37:44.148 [] [AsyncResolver-bootstrap-executor-0] INFO  c.n.d.shared.resolver.aws.ConfigClusterResolver - Resolving eureka endpoints via configuration
2024-04-02 10:42:44.151 [] [AsyncResolver-bootstrap-executor-0] INFO  c.n.d.shared.resolver.aws.ConfigClusterResolver - Resolving eureka endpoints via configuration
2024-04-02 10:47:44.151 [] [AsyncResolver-bootstrap-executor-0] INFO  c.n.d.shared.resolver.aws.ConfigClusterResolver - Resolving eureka endpoints via configuration
2024-04-02 10:52:44.173 [] [AsyncResolver-bootstrap-executor-0] INFO  c.n.d.shared.resolver.aws.ConfigClusterResolver - Resolving eureka endpoints via configuration
2024-04-02 10:57:44.193 [] [AsyncResolver-bootstrap-executor-0] INFO  c.n.d.shared.resolver.aws.ConfigClusterResolver - Resolving eureka endpoints via configuration
2024-04-02 11:02:44.203 [] [AsyncResolver-bootstrap-executor-0] INFO  c.n.d.shared.resolver.aws.ConfigClusterResolver - Resolving eureka endpoints via configuration
2024-04-02 11:03:47.055 [] [SpringApplicationShutdownHook] INFO  o.s.c.n.e.serviceregistry.EurekaServiceRegistry - Unregistering application IDS-2023 with eureka with status DOWN
2024-04-02 11:03:47.055 [] [SpringApplicationShutdownHook] INFO  com.netflix.discovery.DiscoveryClient - Saw local status change event StatusChangeEvent [timestamp=1712027027055, current=DOWN, previous=UP]
2024-04-02 11:03:47.055 [] [DiscoveryClient-InstanceInfoReplicator-0] INFO  com.netflix.discovery.DiscoveryClient - DiscoveryClient_IDS-2023/LAPTOP-9HR8DGCC:ids-2023:6083: registering service...
2024-04-02 11:03:47.077 [] [DiscoveryClient-InstanceInfoReplicator-0] INFO  com.netflix.discovery.DiscoveryClient - DiscoveryClient_IDS-2023/LAPTOP-9HR8DGCC:ids-2023:6083 - registration status: 204
2024-04-02 11:03:49.272 [] [SpringApplicationShutdownHook] INFO  com.zaxxer.hikari.HikariDataSource - HikariCPDatasource - Shutdown initiated...
2024-04-02 11:03:49.276 [] [SpringApplicationShutdownHook] INFO  com.zaxxer.hikari.HikariDataSource - HikariCPDatasource - Shutdown completed.
2024-04-02 11:03:49.297 [] [SpringApplicationShutdownHook] INFO  com.netflix.discovery.DiscoveryClient - Shutting down DiscoveryClient ...
2024-04-02 11:03:52.313 [] [SpringApplicationShutdownHook] INFO  com.netflix.discovery.DiscoveryClient - Unregistering ...
2024-04-02 11:03:52.341 [] [SpringApplicationShutdownHook] INFO  com.netflix.discovery.DiscoveryClient - DiscoveryClient_IDS-2023/LAPTOP-9HR8DGCC:ids-2023:6083 - deregister  status: 200
2024-04-02 11:03:52.344 [] [SpringApplicationShutdownHook] INFO  com.netflix.discovery.DiscoveryClient - Completed shut down of DiscoveryClient
2024-04-02 11:04:09.350 [] [restartedMain] INFO  com.example.idsdemo.IdsDemoApplication - Starting IdsDemoApplication using Java 1.8.0_291 on LAPTOP-9HR8DGCC with PID 9496 (E:\guo_chuang\ids_2023\ids-demo\target\classes started by YU in E:\guo_chuang\ids_2023)
2024-04-02 11:04:09.353 [] [restartedMain] INFO  com.example.idsdemo.IdsDemoApplication - No active profile set, falling back to default profiles: default
2024-04-02 11:04:09.407 [] [restartedMain] INFO  o.s.b.d.env.DevToolsPropertyDefaultsPostProcessor - Devtools property defaults active! Set 'spring.devtools.add-properties' to 'false' to disable
2024-04-02 11:04:09.407 [] [restartedMain] INFO  o.s.b.d.env.DevToolsPropertyDefaultsPostProcessor - For additional web related logging consider setting the 'logging.level.web' property to 'DEBUG'
2024-04-02 11:04:09.936 [] [restartedMain] INFO  o.s.d.r.config.RepositoryConfigurationDelegate - Multiple Spring Data modules found, entering strict repository configuration mode!
2024-04-02 11:04:09.938 [] [restartedMain] INFO  o.s.d.r.config.RepositoryConfigurationDelegate - Bootstrapping Spring Data Redis repositories in DEFAULT mode.
2024-04-02 11:04:09.960 [] [restartedMain] INFO  o.s.d.r.config.RepositoryConfigurationDelegate - Finished Spring Data repository scanning in 10 ms. Found 0 Redis repository interfaces.
2024-04-02 11:04:10.166 [] [restartedMain] INFO  o.springframework.cloud.context.scope.GenericScope - BeanFactory id=5f23f99c-e331-345e-9a96-ed9498b9a7d4
2024-04-02 11:04:10.276 [] [restartedMain] INFO  o.s.c.s.PostProcessorRegistrationDelegate$BeanPostProcessorChecker - Bean 'redisConfig' of type [com.example.idsdemo.config.RedisConfig$$EnhancerBySpringCGLIB$$343cf284] is not eligible for getting processed by all BeanPostProcessors (for example: not eligible for auto-proxying)
2024-04-02 11:04:10.708 [] [restartedMain] INFO  o.s.boot.web.embedded.tomcat.TomcatWebServer - Tomcat initialized with port(s): 6083 (http)
2024-04-02 11:04:10.716 [] [restartedMain] INFO  org.apache.coyote.http11.Http11NioProtocol - Initializing ProtocolHandler ["http-nio-6083"]
2024-04-02 11:04:10.716 [] [restartedMain] INFO  org.apache.catalina.core.StandardService - Starting service [Tomcat]
2024-04-02 11:04:10.717 [] [restartedMain] INFO  org.apache.catalina.core.StandardEngine - Starting Servlet engine: [Apache Tomcat/9.0.55]
2024-04-02 11:04:10.874 [] [restartedMain] INFO  o.a.c.c.ContainerBase.[Tomcat].[localhost].[/api] - Initializing Spring embedded WebApplicationContext
2024-04-02 11:04:10.875 [] [restartedMain] INFO  o.s.b.w.s.c.ServletWebServerApplicationContext - Root WebApplicationContext: initialization completed in 1467 ms
2024-04-02 11:04:19.690 [] [restartedMain] INFO  o.s.b.d.autoconfigure.OptionalLiveReloadServer - LiveReload server is running on port 35729
2024-04-02 11:04:23.327 [] [restartedMain] INFO  o.s.c.n.e.c.DiscoveryClientOptionalArgsConfiguration - Eureka HTTP Client uses RestTemplate.
2024-04-02 11:04:26.768 [] [restartedMain] INFO  o.s.cloud.netflix.eureka.InstanceInfoFactory - Setting initial instance status as: STARTING
2024-04-02 11:04:26.797 [] [restartedMain] INFO  com.netflix.discovery.DiscoveryClient - Initializing Eureka in region us-east-1
2024-04-02 11:04:26.801 [] [restartedMain] INFO  c.n.d.shared.resolver.aws.ConfigClusterResolver - Resolving eureka endpoints via configuration
2024-04-02 11:04:26.817 [] [restartedMain] INFO  com.netflix.discovery.DiscoveryClient - Disable delta property : false
2024-04-02 11:04:26.817 [] [restartedMain] INFO  com.netflix.discovery.DiscoveryClient - Single vip registry refresh property : null
2024-04-02 11:04:26.817 [] [restartedMain] INFO  com.netflix.discovery.DiscoveryClient - Force full registry fetch : false
2024-04-02 11:04:26.817 [] [restartedMain] INFO  com.netflix.discovery.DiscoveryClient - Application is null : false
2024-04-02 11:04:26.817 [] [restartedMain] INFO  com.netflix.discovery.DiscoveryClient - Registered Applications size is zero : true
2024-04-02 11:04:26.817 [] [restartedMain] INFO  com.netflix.discovery.DiscoveryClient - Application version is -1: true
2024-04-02 11:04:26.817 [] [restartedMain] INFO  com.netflix.discovery.DiscoveryClient - Getting all instance registry info from the eureka server
2024-04-02 11:04:29.437 [] [restartedMain] INFO  com.netflix.discovery.DiscoveryClient - The response status is 200
2024-04-02 11:04:29.439 [] [restartedMain] INFO  com.netflix.discovery.DiscoveryClient - Starting heartbeat executor: renew interval is: 30
2024-04-02 11:04:29.441 [] [restartedMain] INFO  com.netflix.discovery.InstanceInfoReplicator - InstanceInfoReplicator onDemand update allowed rate per min is 4
2024-04-02 11:04:29.446 [] [restartedMain] INFO  com.netflix.discovery.DiscoveryClient - Discovery Client initialized at timestamp 1712027069445 with initial instances count: 0
2024-04-02 11:04:29.450 [] [restartedMain] INFO  o.s.c.n.e.serviceregistry.EurekaServiceRegistry - Registering application IDS-2023 with eureka with status UP
2024-04-02 11:04:29.450 [] [restartedMain] INFO  com.netflix.discovery.DiscoveryClient - Saw local status change event StatusChangeEvent [timestamp=1712027069450, current=UP, previous=STARTING]
2024-04-02 11:04:29.452 [] [DiscoveryClient-InstanceInfoReplicator-0] INFO  com.netflix.discovery.DiscoveryClient - DiscoveryClient_IDS-2023/LAPTOP-9HR8DGCC:ids-2023:6083: registering service...
2024-04-02 11:04:29.454 [] [restartedMain] INFO  org.apache.coyote.http11.Http11NioProtocol - Starting ProtocolHandler ["http-nio-6083"]
2024-04-02 11:04:29.472 [] [restartedMain] INFO  o.s.boot.web.embedded.tomcat.TomcatWebServer - Tomcat started on port(s): 6083 (http) with context path '/api'
2024-04-02 11:04:29.474 [] [restartedMain] INFO  o.s.c.n.e.s.EurekaAutoServiceRegistration - Updating port to 6083
2024-04-02 11:04:29.495 [] [DiscoveryClient-InstanceInfoReplicator-0] INFO  com.netflix.discovery.DiscoveryClient - DiscoveryClient_IDS-2023/LAPTOP-9HR8DGCC:ids-2023:6083 - registration status: 204
2024-04-02 11:04:32.757 [] [restartedMain] INFO  com.example.idsdemo.IdsDemoApplication - Started IdsDemoApplication in 27.08 seconds (JVM running for 30.361)
2024-04-02 11:04:59.452 [] [DiscoveryClient-CacheRefreshExecutor-0] INFO  com.netflix.discovery.DiscoveryClient - Disable delta property : false
2024-04-02 11:04:59.452 [] [DiscoveryClient-CacheRefreshExecutor-0] INFO  com.netflix.discovery.DiscoveryClient - Single vip registry refresh property : null
2024-04-02 11:04:59.452 [] [DiscoveryClient-CacheRefreshExecutor-0] INFO  com.netflix.discovery.DiscoveryClient - Force full registry fetch : false
2024-04-02 11:04:59.453 [] [DiscoveryClient-CacheRefreshExecutor-0] INFO  com.netflix.discovery.DiscoveryClient - Application is null : false
2024-04-02 11:04:59.453 [] [DiscoveryClient-CacheRefreshExecutor-0] INFO  com.netflix.discovery.DiscoveryClient - Registered Applications size is zero : true
2024-04-02 11:04:59.453 [] [DiscoveryClient-CacheRefreshExecutor-0] INFO  com.netflix.discovery.DiscoveryClient - Application version is -1: false
2024-04-02 11:04:59.453 [] [DiscoveryClient-CacheRefreshExecutor-0] INFO  com.netflix.discovery.DiscoveryClient - Getting all instance registry info from the eureka server
2024-04-02 11:04:59.473 [] [DiscoveryClient-CacheRefreshExecutor-0] INFO  com.netflix.discovery.DiscoveryClient - The response status is 200
2024-04-02 11:06:17.617 [] [http-nio-6083-exec-1] INFO  o.a.c.c.ContainerBase.[Tomcat].[localhost].[/api] - Initializing Spring DispatcherServlet 'dispatcherServlet'
2024-04-02 11:06:17.617 [] [http-nio-6083-exec-1] INFO  org.springframework.web.servlet.DispatcherServlet - Initializing Servlet 'dispatcherServlet'
2024-04-02 11:06:17.619 [] [http-nio-6083-exec-1] INFO  org.springframework.web.servlet.DispatcherServlet - Completed initialization in 2 ms
2024-04-02 11:06:17.695 [] [http-nio-6083-exec-1] INFO  com.zaxxer.hikari.HikariDataSource - HikariCPDatasource - Starting...
2024-04-02 11:06:18.024 [] [http-nio-6083-exec-1] INFO  com.zaxxer.hikari.HikariDataSource - HikariCPDatasource - Start completed.
2024-04-02 11:09:26.837 [] [AsyncResolver-bootstrap-executor-0] INFO  c.n.d.shared.resolver.aws.ConfigClusterResolver - Resolving eureka endpoints via configuration
2024-04-02 11:12:34.978 [] [SpringApplicationShutdownHook] INFO  o.s.c.n.e.serviceregistry.EurekaServiceRegistry - Unregistering application IDS-2023 with eureka with status DOWN
2024-04-02 11:12:34.978 [] [SpringApplicationShutdownHook] INFO  com.netflix.discovery.DiscoveryClient - Saw local status change event StatusChangeEvent [timestamp=1712027554978, current=DOWN, previous=UP]
2024-04-02 11:12:34.978 [] [DiscoveryClient-InstanceInfoReplicator-0] INFO  com.netflix.discovery.DiscoveryClient - DiscoveryClient_IDS-2023/LAPTOP-9HR8DGCC:ids-2023:6083: registering service...
2024-04-02 11:12:34.996 [] [DiscoveryClient-InstanceInfoReplicator-0] INFO  com.netflix.discovery.DiscoveryClient - DiscoveryClient_IDS-2023/LAPTOP-9HR8DGCC:ids-2023:6083 - registration status: 204
2024-04-02 11:12:37.078 [] [SpringApplicationShutdownHook] INFO  com.zaxxer.hikari.HikariDataSource - HikariCPDatasource - Shutdown initiated...
2024-04-02 11:12:37.084 [] [SpringApplicationShutdownHook] INFO  com.zaxxer.hikari.HikariDataSource - HikariCPDatasource - Shutdown completed.
2024-04-02 11:12:37.096 [] [SpringApplicationShutdownHook] INFO  com.netflix.discovery.DiscoveryClient - Shutting down DiscoveryClient ...
2024-04-02 11:12:40.101 [] [SpringApplicationShutdownHook] INFO  com.netflix.discovery.DiscoveryClient - Unregistering ...
2024-04-02 11:12:40.116 [] [SpringApplicationShutdownHook] INFO  com.netflix.discovery.DiscoveryClient - DiscoveryClient_IDS-2023/LAPTOP-9HR8DGCC:ids-2023:6083 - deregister  status: 200
2024-04-02 11:12:40.120 [] [SpringApplicationShutdownHook] INFO  com.netflix.discovery.DiscoveryClient - Completed shut down of DiscoveryClient
2024-04-02 11:13:31.276 [] [restartedMain] INFO  com.example.idsdemo.IdsDemoApplication - Starting IdsDemoApplication using Java 1.8.0_291 on LAPTOP-9HR8DGCC with PID 13344 (E:\guo_chuang\ids_2023\ids-demo\target\classes started by YU in E:\guo_chuang\ids_2023)
2024-04-02 11:13:31.278 [] [restartedMain] INFO  com.example.idsdemo.IdsDemoApplication - No active profile set, falling back to default profiles: default
2024-04-02 11:13:31.330 [] [restartedMain] INFO  o.s.b.d.env.DevToolsPropertyDefaultsPostProcessor - Devtools property defaults active! Set 'spring.devtools.add-properties' to 'false' to disable
2024-04-02 11:13:31.330 [] [restartedMain] INFO  o.s.b.d.env.DevToolsPropertyDefaultsPostProcessor - For additional web related logging consider setting the 'logging.level.web' property to 'DEBUG'
2024-04-02 11:13:31.797 [] [restartedMain] INFO  o.s.d.r.config.RepositoryConfigurationDelegate - Multiple Spring Data modules found, entering strict repository configuration mode!
2024-04-02 11:13:31.798 [] [restartedMain] INFO  o.s.d.r.config.RepositoryConfigurationDelegate - Bootstrapping Spring Data Redis repositories in DEFAULT mode.
2024-04-02 11:13:31.816 [] [restartedMain] INFO  o.s.d.r.config.RepositoryConfigurationDelegate - Finished Spring Data repository scanning in 9 ms. Found 0 Redis repository interfaces.
2024-04-02 11:13:32.009 [] [restartedMain] INFO  o.springframework.cloud.context.scope.GenericScope - BeanFactory id=5f23f99c-e331-345e-9a96-ed9498b9a7d4
2024-04-02 11:13:32.118 [] [restartedMain] INFO  o.s.c.s.PostProcessorRegistrationDelegate$BeanPostProcessorChecker - Bean 'redisConfig' of type [com.example.idsdemo.config.RedisConfig$$EnhancerBySpringCGLIB$$fc877271] is not eligible for getting processed by all BeanPostProcessors (for example: not eligible for auto-proxying)
2024-04-02 11:13:32.448 [] [restartedMain] INFO  o.s.boot.web.embedded.tomcat.TomcatWebServer - Tomcat initialized with port(s): 6083 (http)
2024-04-02 11:13:32.455 [] [restartedMain] INFO  org.apache.coyote.http11.Http11NioProtocol - Initializing ProtocolHandler ["http-nio-6083"]
2024-04-02 11:13:32.455 [] [restartedMain] INFO  org.apache.catalina.core.StandardService - Starting service [Tomcat]
2024-04-02 11:13:32.455 [] [restartedMain] INFO  org.apache.catalina.core.StandardEngine - Starting Servlet engine: [Apache Tomcat/9.0.55]
2024-04-02 11:13:32.595 [] [restartedMain] INFO  o.a.c.c.ContainerBase.[Tomcat].[localhost].[/api] - Initializing Spring embedded WebApplicationContext
2024-04-02 11:13:32.596 [] [restartedMain] INFO  o.s.b.w.s.c.ServletWebServerApplicationContext - Root WebApplicationContext: initialization completed in 1265 ms
2024-04-02 11:13:41.451 [] [restartedMain] INFO  o.s.b.d.autoconfigure.OptionalLiveReloadServer - LiveReload server is running on port 35729
2024-04-02 11:13:44.721 [] [restartedMain] INFO  o.s.c.n.e.c.DiscoveryClientOptionalArgsConfiguration - Eureka HTTP Client uses RestTemplate.
2024-04-02 11:13:48.069 [] [restartedMain] INFO  o.s.cloud.netflix.eureka.InstanceInfoFactory - Setting initial instance status as: STARTING
2024-04-02 11:13:48.093 [] [restartedMain] INFO  com.netflix.discovery.DiscoveryClient - Initializing Eureka in region us-east-1
2024-04-02 11:13:48.096 [] [restartedMain] INFO  c.n.d.shared.resolver.aws.ConfigClusterResolver - Resolving eureka endpoints via configuration
2024-04-02 11:13:48.111 [] [restartedMain] INFO  com.netflix.discovery.DiscoveryClient - Disable delta property : false
2024-04-02 11:13:48.111 [] [restartedMain] INFO  com.netflix.discovery.DiscoveryClient - Single vip registry refresh property : null
2024-04-02 11:13:48.111 [] [restartedMain] INFO  com.netflix.discovery.DiscoveryClient - Force full registry fetch : false
2024-04-02 11:13:48.111 [] [restartedMain] INFO  com.netflix.discovery.DiscoveryClient - Application is null : false
2024-04-02 11:13:48.111 [] [restartedMain] INFO  com.netflix.discovery.DiscoveryClient - Registered Applications size is zero : true
2024-04-02 11:13:48.112 [] [restartedMain] INFO  com.netflix.discovery.DiscoveryClient - Application version is -1: true
2024-04-02 11:13:48.112 [] [restartedMain] INFO  com.netflix.discovery.DiscoveryClient - Getting all instance registry info from the eureka server
2024-04-02 11:13:50.514 [] [restartedMain] INFO  com.netflix.discovery.DiscoveryClient - The response status is 200
2024-04-02 11:13:50.515 [] [restartedMain] INFO  com.netflix.discovery.DiscoveryClient - Starting heartbeat executor: renew interval is: 30
2024-04-02 11:13:50.517 [] [restartedMain] INFO  com.netflix.discovery.InstanceInfoReplicator - InstanceInfoReplicator onDemand update allowed rate per min is 4
2024-04-02 11:13:50.521 [] [restartedMain] INFO  com.netflix.discovery.DiscoveryClient - Discovery Client initialized at timestamp 1712027630520 with initial instances count: 0
2024-04-02 11:13:50.523 [] [restartedMain] INFO  o.s.c.n.e.serviceregistry.EurekaServiceRegistry - Registering application IDS-2023 with eureka with status UP
2024-04-02 11:13:50.523 [] [restartedMain] INFO  com.netflix.discovery.DiscoveryClient - Saw local status change event StatusChangeEvent [timestamp=1712027630523, current=UP, previous=STARTING]
2024-04-02 11:13:50.525 [] [DiscoveryClient-InstanceInfoReplicator-0] INFO  com.netflix.discovery.DiscoveryClient - DiscoveryClient_IDS-2023/LAPTOP-9HR8DGCC:ids-2023:6083: registering service...
2024-04-02 11:13:50.527 [] [restartedMain] INFO  org.apache.coyote.http11.Http11NioProtocol - Starting ProtocolHandler ["http-nio-6083"]
2024-04-02 11:13:50.543 [] [restartedMain] INFO  o.s.boot.web.embedded.tomcat.TomcatWebServer - Tomcat started on port(s): 6083 (http) with context path '/api'
2024-04-02 11:13:50.544 [] [restartedMain] INFO  o.s.c.n.e.s.EurekaAutoServiceRegistration - Updating port to 6083
2024-04-02 11:13:50.560 [] [DiscoveryClient-InstanceInfoReplicator-0] INFO  com.netflix.discovery.DiscoveryClient - DiscoveryClient_IDS-2023/LAPTOP-9HR8DGCC:ids-2023:6083 - registration status: 204
2024-04-02 11:13:51.829 [] [http-nio-6083-exec-1] INFO  o.a.c.c.ContainerBase.[Tomcat].[localhost].[/api] - Initializing Spring DispatcherServlet 'dispatcherServlet'
2024-04-02 11:13:51.829 [] [http-nio-6083-exec-1] INFO  org.springframework.web.servlet.DispatcherServlet - Initializing Servlet 'dispatcherServlet'
2024-04-02 11:13:51.831 [] [http-nio-6083-exec-1] INFO  org.springframework.web.servlet.DispatcherServlet - Completed initialization in 2 ms
2024-04-02 11:13:51.867 [] [http-nio-6083-exec-1] INFO  com.zaxxer.hikari.HikariDataSource - HikariCPDatasource - Starting...
2024-04-02 11:13:52.051 [] [http-nio-6083-exec-1] INFO  com.zaxxer.hikari.HikariDataSource - HikariCPDatasource - Start completed.
2024-04-02 11:13:53.734 [] [restartedMain] INFO  com.example.idsdemo.IdsDemoApplication - Started IdsDemoApplication in 26.222 seconds (JVM running for 29.434)
2024-04-02 11:14:20.527 [] [DiscoveryClient-CacheRefreshExecutor-0] INFO  com.netflix.discovery.DiscoveryClient - Disable delta property : false
2024-04-02 11:14:20.528 [] [DiscoveryClient-CacheRefreshExecutor-0] INFO  com.netflix.discovery.DiscoveryClient - Single vip registry refresh property : null
2024-04-02 11:14:20.528 [] [DiscoveryClient-CacheRefreshExecutor-0] INFO  com.netflix.discovery.DiscoveryClient - Force full registry fetch : false
2024-04-02 11:14:20.528 [] [DiscoveryClient-CacheRefreshExecutor-0] INFO  com.netflix.discovery.DiscoveryClient - Application is null : false
2024-04-02 11:14:20.528 [] [DiscoveryClient-CacheRefreshExecutor-0] INFO  com.netflix.discovery.DiscoveryClient - Registered Applications size is zero : true
2024-04-02 11:14:20.528 [] [DiscoveryClient-CacheRefreshExecutor-0] INFO  com.netflix.discovery.DiscoveryClient - Application version is -1: false
2024-04-02 11:14:20.528 [] [DiscoveryClient-CacheRefreshExecutor-0] INFO  com.netflix.discovery.DiscoveryClient - Getting all instance registry info from the eureka server
2024-04-02 11:14:20.546 [] [DiscoveryClient-CacheRefreshExecutor-0] INFO  com.netflix.discovery.DiscoveryClient - The response status is 200
2024-04-02 11:18:48.115 [] [AsyncResolver-bootstrap-executor-0] INFO  c.n.d.shared.resolver.aws.ConfigClusterResolver - Resolving eureka endpoints via configuration
2024-04-02 11:23:02.183 [] [SpringApplicationShutdownHook] INFO  o.s.c.n.e.serviceregistry.EurekaServiceRegistry - Unregistering application IDS-2023 with eureka with status DOWN
2024-04-02 11:23:02.184 [] [SpringApplicationShutdownHook] INFO  com.netflix.discovery.DiscoveryClient - Saw local status change event StatusChangeEvent [timestamp=1712028182184, current=DOWN, previous=UP]
2024-04-02 11:23:02.184 [] [DiscoveryClient-InstanceInfoReplicator-0] INFO  com.netflix.discovery.DiscoveryClient - DiscoveryClient_IDS-2023/LAPTOP-9HR8DGCC:ids-2023:6083: registering service...
2024-04-02 11:23:02.197 [] [DiscoveryClient-InstanceInfoReplicator-0] INFO  com.netflix.discovery.DiscoveryClient - DiscoveryClient_IDS-2023/LAPTOP-9HR8DGCC:ids-2023:6083 - registration status: 204
2024-04-02 11:23:04.313 [] [SpringApplicationShutdownHook] INFO  com.zaxxer.hikari.HikariDataSource - HikariCPDatasource - Shutdown initiated...
2024-04-02 11:23:04.318 [] [SpringApplicationShutdownHook] INFO  com.zaxxer.hikari.HikariDataSource - HikariCPDatasource - Shutdown completed.
2024-04-02 11:23:04.331 [] [SpringApplicationShutdownHook] INFO  com.netflix.discovery.DiscoveryClient - Shutting down DiscoveryClient ...
2024-04-02 11:23:07.347 [] [SpringApplicationShutdownHook] INFO  com.netflix.discovery.DiscoveryClient - Unregistering ...
2024-04-02 11:23:07.365 [] [SpringApplicationShutdownHook] INFO  com.netflix.discovery.DiscoveryClient - DiscoveryClient_IDS-2023/LAPTOP-9HR8DGCC:ids-2023:6083 - deregister  status: 200
2024-04-02 11:23:07.368 [] [SpringApplicationShutdownHook] INFO  com.netflix.discovery.DiscoveryClient - Completed shut down of DiscoveryClient
2024-04-02 11:23:26.280 [] [restartedMain] INFO  com.example.idsdemo.IdsDemoApplication - Starting IdsDemoApplication using Java 1.8.0_291 on LAPTOP-9HR8DGCC with PID 9960 (E:\guo_chuang\ids_2023\ids-demo\target\classes started by YU in E:\guo_chuang\ids_2023)
2024-04-02 11:23:26.282 [] [restartedMain] INFO  com.example.idsdemo.IdsDemoApplication - No active profile set, falling back to default profiles: default
2024-04-02 11:23:26.330 [] [restartedMain] INFO  o.s.b.d.env.DevToolsPropertyDefaultsPostProcessor - Devtools property defaults active! Set 'spring.devtools.add-properties' to 'false' to disable
2024-04-02 11:23:26.331 [] [restartedMain] INFO  o.s.b.d.env.DevToolsPropertyDefaultsPostProcessor - For additional web related logging consider setting the 'logging.level.web' property to 'DEBUG'
2024-04-02 11:23:26.783 [] [restartedMain] INFO  o.s.d.r.config.RepositoryConfigurationDelegate - Multiple Spring Data modules found, entering strict repository configuration mode!
2024-04-02 11:23:26.786 [] [restartedMain] INFO  o.s.d.r.config.RepositoryConfigurationDelegate - Bootstrapping Spring Data Redis repositories in DEFAULT mode.
2024-04-02 11:23:26.804 [] [restartedMain] INFO  o.s.d.r.config.RepositoryConfigurationDelegate - Finished Spring Data repository scanning in 9 ms. Found 0 Redis repository interfaces.
2024-04-02 11:23:26.990 [] [restartedMain] INFO  o.springframework.cloud.context.scope.GenericScope - BeanFactory id=5f23f99c-e331-345e-9a96-ed9498b9a7d4
2024-04-02 11:23:27.099 [] [restartedMain] INFO  o.s.c.s.PostProcessorRegistrationDelegate$BeanPostProcessorChecker - Bean 'redisConfig' of type [com.example.idsdemo.config.RedisConfig$$EnhancerBySpringCGLIB$$2f1ddbce] is not eligible for getting processed by all BeanPostProcessors (for example: not eligible for auto-proxying)
2024-04-02 11:23:27.438 [] [restartedMain] INFO  o.s.boot.web.embedded.tomcat.TomcatWebServer - Tomcat initialized with port(s): 6083 (http)
2024-04-02 11:23:27.444 [] [restartedMain] INFO  org.apache.coyote.http11.Http11NioProtocol - Initializing ProtocolHandler ["http-nio-6083"]
2024-04-02 11:23:27.445 [] [restartedMain] INFO  org.apache.catalina.core.StandardService - Starting service [Tomcat]
2024-04-02 11:23:27.445 [] [restartedMain] INFO  org.apache.catalina.core.StandardEngine - Starting Servlet engine: [Apache Tomcat/9.0.55]
2024-04-02 11:23:27.585 [] [restartedMain] INFO  o.a.c.c.ContainerBase.[Tomcat].[localhost].[/api] - Initializing Spring embedded WebApplicationContext
2024-04-02 11:23:27.586 [] [restartedMain] INFO  o.s.b.w.s.c.ServletWebServerApplicationContext - Root WebApplicationContext: initialization completed in 1255 ms
2024-04-02 11:23:35.591 [] [restartedMain] INFO  o.s.b.d.autoconfigure.OptionalLiveReloadServer - LiveReload server is running on port 35729
2024-04-02 11:23:38.700 [] [restartedMain] INFO  o.s.c.n.e.c.DiscoveryClientOptionalArgsConfiguration - Eureka HTTP Client uses RestTemplate.
2024-04-02 11:23:41.933 [] [restartedMain] INFO  o.s.cloud.netflix.eureka.InstanceInfoFactory - Setting initial instance status as: STARTING
2024-04-02 11:23:41.957 [] [restartedMain] INFO  com.netflix.discovery.DiscoveryClient - Initializing Eureka in region us-east-1
2024-04-02 11:23:41.959 [] [restartedMain] INFO  c.n.d.shared.resolver.aws.ConfigClusterResolver - Resolving eureka endpoints via configuration
2024-04-02 11:23:41.972 [] [restartedMain] INFO  com.netflix.discovery.DiscoveryClient - Disable delta property : false
2024-04-02 11:23:41.974 [] [restartedMain] INFO  com.netflix.discovery.DiscoveryClient - Single vip registry refresh property : null
2024-04-02 11:23:41.974 [] [restartedMain] INFO  com.netflix.discovery.DiscoveryClient - Force full registry fetch : false
2024-04-02 11:23:41.974 [] [restartedMain] INFO  com.netflix.discovery.DiscoveryClient - Application is null : false
2024-04-02 11:23:41.974 [] [restartedMain] INFO  com.netflix.discovery.DiscoveryClient - Registered Applications size is zero : true
2024-04-02 11:23:41.974 [] [restartedMain] INFO  com.netflix.discovery.DiscoveryClient - Application version is -1: true
2024-04-02 11:23:41.974 [] [restartedMain] INFO  com.netflix.discovery.DiscoveryClient - Getting all instance registry info from the eureka server
2024-04-02 11:23:44.317 [] [restartedMain] INFO  com.netflix.discovery.DiscoveryClient - The response status is 200
2024-04-02 11:23:44.320 [] [restartedMain] INFO  com.netflix.discovery.DiscoveryClient - Starting heartbeat executor: renew interval is: 30
2024-04-02 11:23:44.321 [] [restartedMain] INFO  com.netflix.discovery.InstanceInfoReplicator - InstanceInfoReplicator onDemand update allowed rate per min is 4
2024-04-02 11:23:44.325 [] [restartedMain] INFO  com.netflix.discovery.DiscoveryClient - Discovery Client initialized at timestamp 1712028224324 with initial instances count: 0
2024-04-02 11:23:44.326 [] [restartedMain] INFO  o.s.c.n.e.serviceregistry.EurekaServiceRegistry - Registering application IDS-2023 with eureka with status UP
2024-04-02 11:23:44.327 [] [restartedMain] INFO  com.netflix.discovery.DiscoveryClient - Saw local status change event StatusChangeEvent [timestamp=1712028224327, current=UP, previous=STARTING]
2024-04-02 11:23:44.328 [] [DiscoveryClient-InstanceInfoReplicator-0] INFO  com.netflix.discovery.DiscoveryClient - DiscoveryClient_IDS-2023/LAPTOP-9HR8DGCC:ids-2023:6083: registering service...
2024-04-02 11:23:44.331 [] [restartedMain] INFO  org.apache.coyote.http11.Http11NioProtocol - Starting ProtocolHandler ["http-nio-6083"]
2024-04-02 11:23:44.345 [] [restartedMain] INFO  o.s.boot.web.embedded.tomcat.TomcatWebServer - Tomcat started on port(s): 6083 (http) with context path '/api'
2024-04-02 11:23:44.345 [] [restartedMain] INFO  o.s.c.n.e.s.EurekaAutoServiceRegistration - Updating port to 6083
2024-04-02 11:23:44.363 [] [DiscoveryClient-InstanceInfoReplicator-0] INFO  com.netflix.discovery.DiscoveryClient - DiscoveryClient_IDS-2023/LAPTOP-9HR8DGCC:ids-2023:6083 - registration status: 204
2024-04-02 11:23:47.449 [] [restartedMain] INFO  com.example.idsdemo.IdsDemoApplication - Started IdsDemoApplication in 24.807 seconds (JVM running for 27.99)
2024-04-02 11:23:50.823 [] [http-nio-6083-exec-1] INFO  o.a.c.c.ContainerBase.[Tomcat].[localhost].[/api] - Initializing Spring DispatcherServlet 'dispatcherServlet'
2024-04-02 11:23:50.823 [] [http-nio-6083-exec-1] INFO  org.springframework.web.servlet.DispatcherServlet - Initializing Servlet 'dispatcherServlet'
2024-04-02 11:23:50.825 [] [http-nio-6083-exec-1] INFO  org.springframework.web.servlet.DispatcherServlet - Completed initialization in 2 ms
2024-04-02 11:23:50.858 [] [http-nio-6083-exec-1] INFO  com.zaxxer.hikari.HikariDataSource - HikariCPDatasource - Starting...
2024-04-02 11:23:51.157 [] [http-nio-6083-exec-1] INFO  com.zaxxer.hikari.HikariDataSource - HikariCPDatasource - Start completed.
2024-04-02 11:24:14.330 [] [DiscoveryClient-CacheRefreshExecutor-0] INFO  com.netflix.discovery.DiscoveryClient - Disable delta property : false
2024-04-02 11:24:14.331 [] [DiscoveryClient-CacheRefreshExecutor-0] INFO  com.netflix.discovery.DiscoveryClient - Single vip registry refresh property : null
2024-04-02 11:24:14.331 [] [DiscoveryClient-CacheRefreshExecutor-0] INFO  com.netflix.discovery.DiscoveryClient - Force full registry fetch : false
2024-04-02 11:24:14.331 [] [DiscoveryClient-CacheRefreshExecutor-0] INFO  com.netflix.discovery.DiscoveryClient - Application is null : false
2024-04-02 11:24:14.331 [] [DiscoveryClient-CacheRefreshExecutor-0] INFO  com.netflix.discovery.DiscoveryClient - Registered Applications size is zero : true
2024-04-02 11:24:14.331 [] [DiscoveryClient-CacheRefreshExecutor-0] INFO  com.netflix.discovery.DiscoveryClient - Application version is -1: false
2024-04-02 11:24:14.331 [] [DiscoveryClient-CacheRefreshExecutor-0] INFO  com.netflix.discovery.DiscoveryClient - Getting all instance registry info from the eureka server
2024-04-02 11:24:14.343 [] [DiscoveryClient-CacheRefreshExecutor-0] INFO  com.netflix.discovery.DiscoveryClient - The response status is 200
2024-04-02 11:28:41.979 [] [AsyncResolver-bootstrap-executor-0] INFO  c.n.d.shared.resolver.aws.ConfigClusterResolver - Resolving eureka endpoints via configuration
2024-04-02 11:33:41.999 [] [AsyncResolver-bootstrap-executor-0] INFO  c.n.d.shared.resolver.aws.ConfigClusterResolver - Resolving eureka endpoints via configuration
2024-04-02 11:38:42.009 [] [AsyncResolver-bootstrap-executor-0] INFO  c.n.d.shared.resolver.aws.ConfigClusterResolver - Resolving eureka endpoints via configuration
2024-04-02 11:43:42.011 [] [AsyncResolver-bootstrap-executor-0] INFO  c.n.d.shared.resolver.aws.ConfigClusterResolver - Resolving eureka endpoints via configuration
2024-04-02 11:48:42.022 [] [AsyncResolver-bootstrap-executor-0] INFO  c.n.d.shared.resolver.aws.ConfigClusterResolver - Resolving eureka endpoints via configuration
2024-04-02 11:53:42.028 [] [AsyncResolver-bootstrap-executor-0] INFO  c.n.d.shared.resolver.aws.ConfigClusterResolver - Resolving eureka endpoints via configuration
2024-04-02 11:58:42.031 [] [AsyncResolver-bootstrap-executor-0] INFO  c.n.d.shared.resolver.aws.ConfigClusterResolver - Resolving eureka endpoints via configuration
2024-04-02 12:03:42.033 [] [AsyncResolver-bootstrap-executor-0] INFO  c.n.d.shared.resolver.aws.ConfigClusterResolver - Resolving eureka endpoints via configuration
2024-04-02 12:08:42.038 [] [AsyncResolver-bootstrap-executor-0] INFO  c.n.d.shared.resolver.aws.ConfigClusterResolver - Resolving eureka endpoints via configuration
2024-04-02 12:13:42.041 [] [AsyncResolver-bootstrap-executor-0] INFO  c.n.d.shared.resolver.aws.ConfigClusterResolver - Resolving eureka endpoints via configuration
2024-04-02 12:18:42.049 [] [AsyncResolver-bootstrap-executor-0] INFO  c.n.d.shared.resolver.aws.ConfigClusterResolver - Resolving eureka endpoints via configuration
2024-04-02 12:23:42.051 [] [AsyncResolver-bootstrap-executor-0] INFO  c.n.d.shared.resolver.aws.ConfigClusterResolver - Resolving eureka endpoints via configuration
2024-04-02 12:28:42.055 [] [AsyncResolver-bootstrap-executor-0] INFO  c.n.d.shared.resolver.aws.ConfigClusterResolver - Resolving eureka endpoints via configuration
2024-04-02 12:33:42.057 [] [AsyncResolver-bootstrap-executor-0] INFO  c.n.d.shared.resolver.aws.ConfigClusterResolver - Resolving eureka endpoints via configuration
2024-04-02 12:38:42.059 [] [AsyncResolver-bootstrap-executor-0] INFO  c.n.d.shared.resolver.aws.ConfigClusterResolver - Resolving eureka endpoints via configuration
2024-04-02 12:43:42.071 [] [AsyncResolver-bootstrap-executor-0] INFO  c.n.d.shared.resolver.aws.ConfigClusterResolver - Resolving eureka endpoints via configuration
2024-04-02 12:48:42.079 [] [AsyncResolver-bootstrap-executor-0] INFO  c.n.d.shared.resolver.aws.ConfigClusterResolver - Resolving eureka endpoints via configuration
2024-04-02 12:53:42.082 [] [AsyncResolver-bootstrap-executor-0] INFO  c.n.d.shared.resolver.aws.ConfigClusterResolver - Resolving eureka endpoints via configuration
2024-04-02 12:58:42.093 [] [AsyncResolver-bootstrap-executor-0] INFO  c.n.d.shared.resolver.aws.ConfigClusterResolver - Resolving eureka endpoints via configuration
2024-04-02 13:03:42.097 [] [AsyncResolver-bootstrap-executor-0] INFO  c.n.d.shared.resolver.aws.ConfigClusterResolver - Resolving eureka endpoints via configuration
2024-04-02 13:08:42.098 [] [AsyncResolver-bootstrap-executor-0] INFO  c.n.d.shared.resolver.aws.ConfigClusterResolver - Resolving eureka endpoints via configuration
2024-04-02 13:13:42.104 [] [AsyncResolver-bootstrap-executor-0] INFO  c.n.d.shared.resolver.aws.ConfigClusterResolver - Resolving eureka endpoints via configuration
2024-04-02 13:18:42.107 [] [AsyncResolver-bootstrap-executor-0] INFO  c.n.d.shared.resolver.aws.ConfigClusterResolver - Resolving eureka endpoints via configuration
2024-04-02 13:23:42.108 [] [AsyncResolver-bootstrap-executor-0] INFO  c.n.d.shared.resolver.aws.ConfigClusterResolver - Resolving eureka endpoints via configuration
2024-04-02 13:28:42.109 [] [AsyncResolver-bootstrap-executor-0] INFO  c.n.d.shared.resolver.aws.ConfigClusterResolver - Resolving eureka endpoints via configuration
2024-04-02 13:33:42.111 [] [AsyncResolver-bootstrap-executor-0] INFO  c.n.d.shared.resolver.aws.ConfigClusterResolver - Resolving eureka endpoints via configuration
2024-04-02 13:38:42.122 [] [AsyncResolver-bootstrap-executor-0] INFO  c.n.d.shared.resolver.aws.ConfigClusterResolver - Resolving eureka endpoints via configuration
2024-04-02 13:43:42.131 [] [AsyncResolver-bootstrap-executor-0] INFO  c.n.d.shared.resolver.aws.ConfigClusterResolver - Resolving eureka endpoints via configuration
2024-04-02 13:48:42.142 [] [AsyncResolver-bootstrap-executor-0] INFO  c.n.d.shared.resolver.aws.ConfigClusterResolver - Resolving eureka endpoints via configuration
2024-04-02 13:53:42.147 [] [AsyncResolver-bootstrap-executor-0] INFO  c.n.d.shared.resolver.aws.ConfigClusterResolver - Resolving eureka endpoints via configuration
2024-04-02 13:58:42.159 [] [AsyncResolver-bootstrap-executor-0] INFO  c.n.d.shared.resolver.aws.ConfigClusterResolver - Resolving eureka endpoints via configuration
2024-04-02 14:03:42.170 [] [AsyncResolver-bootstrap-executor-0] INFO  c.n.d.shared.resolver.aws.ConfigClusterResolver - Resolving eureka endpoints via configuration
2024-04-02 14:08:42.188 [] [AsyncResolver-bootstrap-executor-0] INFO  c.n.d.shared.resolver.aws.ConfigClusterResolver - Resolving eureka endpoints via configuration
2024-04-02 14:13:42.206 [] [AsyncResolver-bootstrap-executor-0] INFO  c.n.d.shared.resolver.aws.ConfigClusterResolver - Resolving eureka endpoints via configuration
2024-04-02 14:18:42.217 [] [AsyncResolver-bootstrap-executor-0] INFO  c.n.d.shared.resolver.aws.ConfigClusterResolver - Resolving eureka endpoints via configuration
2024-04-02 14:23:42.235 [] [AsyncResolver-bootstrap-executor-0] INFO  c.n.d.shared.resolver.aws.ConfigClusterResolver - Resolving eureka endpoints via configuration
2024-04-02 14:28:42.252 [] [AsyncResolver-bootstrap-executor-0] INFO  c.n.d.shared.resolver.aws.ConfigClusterResolver - Resolving eureka endpoints via configuration
2024-04-02 14:33:42.258 [] [AsyncResolver-bootstrap-executor-0] INFO  c.n.d.shared.resolver.aws.ConfigClusterResolver - Resolving eureka endpoints via configuration
2024-04-02 14:38:42.270 [] [AsyncResolver-bootstrap-executor-0] INFO  c.n.d.shared.resolver.aws.ConfigClusterResolver - Resolving eureka endpoints via configuration
2024-04-02 14:43:42.276 [] [AsyncResolver-bootstrap-executor-0] INFO  c.n.d.shared.resolver.aws.ConfigClusterResolver - Resolving eureka endpoints via configuration
2024-04-02 14:48:42.280 [] [AsyncResolver-bootstrap-executor-0] INFO  c.n.d.shared.resolver.aws.ConfigClusterResolver - Resolving eureka endpoints via configuration
2024-04-02 14:53:42.298 [] [AsyncResolver-bootstrap-executor-0] INFO  c.n.d.shared.resolver.aws.ConfigClusterResolver - Resolving eureka endpoints via configuration
2024-04-02 14:58:42.310 [] [AsyncResolver-bootstrap-executor-0] INFO  c.n.d.shared.resolver.aws.ConfigClusterResolver - Resolving eureka endpoints via configuration
2024-04-02 15:03:42.315 [] [AsyncResolver-bootstrap-executor-0] INFO  c.n.d.shared.resolver.aws.ConfigClusterResolver - Resolving eureka endpoints via configuration
2024-04-02 15:08:42.333 [] [AsyncResolver-bootstrap-executor-0] INFO  c.n.d.shared.resolver.aws.ConfigClusterResolver - Resolving eureka endpoints via configuration
2024-04-02 15:13:42.338 [] [AsyncResolver-bootstrap-executor-0] INFO  c.n.d.shared.resolver.aws.ConfigClusterResolver - Resolving eureka endpoints via configuration
2024-04-02 15:18:42.352 [] [AsyncResolver-bootstrap-executor-0] INFO  c.n.d.shared.resolver.aws.ConfigClusterResolver - Resolving eureka endpoints via configuration
2024-04-02 15:23:42.361 [] [AsyncResolver-bootstrap-executor-0] INFO  c.n.d.shared.resolver.aws.ConfigClusterResolver - Resolving eureka endpoints via configuration
2024-04-02 15:28:42.373 [] [AsyncResolver-bootstrap-executor-0] INFO  c.n.d.shared.resolver.aws.ConfigClusterResolver - Resolving eureka endpoints via configuration
2024-04-02 15:33:42.378 [] [AsyncResolver-bootstrap-executor-0] INFO  c.n.d.shared.resolver.aws.ConfigClusterResolver - Resolving eureka endpoints via configuration
2024-04-02 15:38:42.381 [] [AsyncResolver-bootstrap-executor-0] INFO  c.n.d.shared.resolver.aws.ConfigClusterResolver - Resolving eureka endpoints via configuration
2024-04-02 15:43:42.383 [] [AsyncResolver-bootstrap-executor-0] INFO  c.n.d.shared.resolver.aws.ConfigClusterResolver - Resolving eureka endpoints via configuration
2024-04-02 15:48:42.389 [] [AsyncResolver-bootstrap-executor-0] INFO  c.n.d.shared.resolver.aws.ConfigClusterResolver - Resolving eureka endpoints via configuration
2024-04-02 15:52:09.419 [] [SpringApplicationShutdownHook] INFO  o.s.c.n.e.serviceregistry.EurekaServiceRegistry - Unregistering application IDS-2023 with eureka with status DOWN
2024-04-02 15:52:09.419 [] [SpringApplicationShutdownHook] INFO  com.netflix.discovery.DiscoveryClient - Saw local status change event StatusChangeEvent [timestamp=1712044329419, current=DOWN, previous=UP]
2024-04-02 15:52:09.422 [] [DiscoveryClient-InstanceInfoReplicator-0] INFO  com.netflix.discovery.DiscoveryClient - DiscoveryClient_IDS-2023/LAPTOP-9HR8DGCC:ids-2023:6083: registering service...
2024-04-02 15:52:09.444 [] [DiscoveryClient-InstanceInfoReplicator-0] INFO  com.netflix.discovery.DiscoveryClient - DiscoveryClient_IDS-2023/LAPTOP-9HR8DGCC:ids-2023:6083 - registration status: 204
2024-04-02 15:52:11.593 [] [SpringApplicationShutdownHook] INFO  com.zaxxer.hikari.HikariDataSource - HikariCPDatasource - Shutdown initiated...
2024-04-02 15:52:11.597 [] [SpringApplicationShutdownHook] INFO  com.zaxxer.hikari.HikariDataSource - HikariCPDatasource - Shutdown completed.
2024-04-02 15:52:11.622 [] [SpringApplicationShutdownHook] INFO  com.netflix.discovery.DiscoveryClient - Shutting down DiscoveryClient ...
2024-04-02 15:52:14.636 [] [SpringApplicationShutdownHook] INFO  com.netflix.discovery.DiscoveryClient - Unregistering ...
2024-04-02 15:52:14.654 [] [SpringApplicationShutdownHook] INFO  com.netflix.discovery.DiscoveryClient - DiscoveryClient_IDS-2023/LAPTOP-9HR8DGCC:ids-2023:6083 - deregister  status: 200
2024-04-02 15:52:14.660 [] [SpringApplicationShutdownHook] INFO  com.netflix.discovery.DiscoveryClient - Completed shut down of DiscoveryClient
2024-04-02 15:56:11.508 [] [restartedMain] INFO  com.example.idsdemo.IdsDemoApplication - Starting IdsDemoApplication using Java 1.8.0_291 on LAPTOP-9HR8DGCC with PID 3092 (E:\guo_chuang\ids_2023\ids-demo\target\classes started by YU in E:\guo_chuang\ids_2023)
2024-04-02 15:56:11.510 [] [restartedMain] INFO  com.example.idsdemo.IdsDemoApplication - No active profile set, falling back to default profiles: default
2024-04-02 15:56:11.559 [] [restartedMain] INFO  o.s.b.d.env.DevToolsPropertyDefaultsPostProcessor - Devtools property defaults active! Set 'spring.devtools.add-properties' to 'false' to disable
2024-04-02 15:56:11.559 [] [restartedMain] INFO  o.s.b.d.env.DevToolsPropertyDefaultsPostProcessor - For additional web related logging consider setting the 'logging.level.web' property to 'DEBUG'
2024-04-02 15:56:12.042 [] [restartedMain] INFO  o.s.d.r.config.RepositoryConfigurationDelegate - Multiple Spring Data modules found, entering strict repository configuration mode!
2024-04-02 15:56:12.042 [] [restartedMain] INFO  o.s.d.r.config.RepositoryConfigurationDelegate - Bootstrapping Spring Data Redis repositories in DEFAULT mode.
2024-04-02 15:56:12.064 [] [restartedMain] INFO  o.s.d.r.config.RepositoryConfigurationDelegate - Finished Spring Data repository scanning in 10 ms. Found 0 Redis repository interfaces.
2024-04-02 15:56:12.254 [] [restartedMain] INFO  o.springframework.cloud.context.scope.GenericScope - BeanFactory id=eaaf5bbb-31a8-3293-82e2-46de6efa7050
2024-04-02 15:56:12.442 [] [restartedMain] INFO  o.s.c.s.PostProcessorRegistrationDelegate$BeanPostProcessorChecker - Bean 'redisConfig' of type [com.example.idsdemo.config.RedisConfig$$EnhancerBySpringCGLIB$$28beb7fe] is not eligible for getting processed by all BeanPostProcessors (for example: not eligible for auto-proxying)
2024-04-02 15:56:12.844 [] [restartedMain] INFO  o.s.boot.web.embedded.tomcat.TomcatWebServer - Tomcat initialized with port(s): 6083 (http)
2024-04-02 15:56:12.850 [] [restartedMain] INFO  org.apache.coyote.http11.Http11NioProtocol - Initializing ProtocolHandler ["http-nio-6083"]
2024-04-02 15:56:12.851 [] [restartedMain] INFO  org.apache.catalina.core.StandardService - Starting service [Tomcat]
2024-04-02 15:56:12.851 [] [restartedMain] INFO  org.apache.catalina.core.StandardEngine - Starting Servlet engine: [Apache Tomcat/9.0.55]
2024-04-02 15:56:12.961 [] [restartedMain] INFO  o.a.c.c.ContainerBase.[Tomcat].[localhost].[/api] - Initializing Spring embedded WebApplicationContext
2024-04-02 15:56:12.961 [] [restartedMain] INFO  o.s.b.w.s.c.ServletWebServerApplicationContext - Root WebApplicationContext: initialization completed in 1402 ms
2024-04-02 15:56:21.513 [] [restartedMain] INFO  o.s.b.d.autoconfigure.OptionalLiveReloadServer - LiveReload server is running on port 35729
2024-04-02 15:56:24.818 [] [restartedMain] INFO  o.s.c.n.e.c.DiscoveryClientOptionalArgsConfiguration - Eureka HTTP Client uses RestTemplate.
2024-04-02 15:56:28.358 [] [restartedMain] INFO  o.s.cloud.netflix.eureka.InstanceInfoFactory - Setting initial instance status as: STARTING
2024-04-02 15:56:28.396 [] [restartedMain] INFO  com.netflix.discovery.DiscoveryClient - Initializing Eureka in region us-east-1
2024-04-02 15:56:28.400 [] [restartedMain] INFO  c.n.d.shared.resolver.aws.ConfigClusterResolver - Resolving eureka endpoints via configuration
2024-04-02 15:56:28.417 [] [restartedMain] INFO  com.netflix.discovery.DiscoveryClient - Disable delta property : false
2024-04-02 15:56:28.418 [] [restartedMain] INFO  com.netflix.discovery.DiscoveryClient - Single vip registry refresh property : null
2024-04-02 15:56:28.418 [] [restartedMain] INFO  com.netflix.discovery.DiscoveryClient - Force full registry fetch : false
2024-04-02 15:56:28.418 [] [restartedMain] INFO  com.netflix.discovery.DiscoveryClient - Application is null : false
2024-04-02 15:56:28.418 [] [restartedMain] INFO  com.netflix.discovery.DiscoveryClient - Registered Applications size is zero : true
2024-04-02 15:56:28.418 [] [restartedMain] INFO  com.netflix.discovery.DiscoveryClient - Application version is -1: true
2024-04-02 15:56:28.418 [] [restartedMain] INFO  com.netflix.discovery.DiscoveryClient - Getting all instance registry info from the eureka server
2024-04-02 15:56:31.204 [] [restartedMain] INFO  com.netflix.discovery.DiscoveryClient - The response status is 200
2024-04-02 15:56:31.206 [] [restartedMain] INFO  com.netflix.discovery.DiscoveryClient - Starting heartbeat executor: renew interval is: 30
2024-04-02 15:56:31.209 [] [restartedMain] INFO  com.netflix.discovery.InstanceInfoReplicator - InstanceInfoReplicator onDemand update allowed rate per min is 4
2024-04-02 15:56:31.213 [] [restartedMain] INFO  com.netflix.discovery.DiscoveryClient - Discovery Client initialized at timestamp 1712044591212 with initial instances count: 0
2024-04-02 15:56:31.217 [] [restartedMain] INFO  o.s.c.n.e.serviceregistry.EurekaServiceRegistry - Registering application IDS-2023 with eureka with status UP
2024-04-02 15:56:31.217 [] [restartedMain] INFO  com.netflix.discovery.DiscoveryClient - Saw local status change event StatusChangeEvent [timestamp=1712044591217, current=UP, previous=STARTING]
2024-04-02 15:56:31.219 [] [DiscoveryClient-InstanceInfoReplicator-0] INFO  com.netflix.discovery.DiscoveryClient - DiscoveryClient_IDS-2023/LAPTOP-9HR8DGCC:ids-2023:6083: registering service...
2024-04-02 15:56:31.220 [] [restartedMain] INFO  org.apache.coyote.http11.Http11NioProtocol - Starting ProtocolHandler ["http-nio-6083"]
2024-04-02 15:56:31.241 [] [restartedMain] INFO  o.s.boot.web.embedded.tomcat.TomcatWebServer - Tomcat started on port(s): 6083 (http) with context path '/api'
2024-04-02 15:56:31.242 [] [restartedMain] INFO  o.s.c.n.e.s.EurekaAutoServiceRegistration - Updating port to 6083
2024-04-02 15:56:31.262 [] [DiscoveryClient-InstanceInfoReplicator-0] INFO  com.netflix.discovery.DiscoveryClient - DiscoveryClient_IDS-2023/LAPTOP-9HR8DGCC:ids-2023:6083 - registration status: 204
2024-04-02 15:56:32.742 [] [http-nio-6083-exec-1] INFO  o.a.c.c.ContainerBase.[Tomcat].[localhost].[/api] - Initializing Spring DispatcherServlet 'dispatcherServlet'
2024-04-02 15:56:32.742 [] [http-nio-6083-exec-1] INFO  org.springframework.web.servlet.DispatcherServlet - Initializing Servlet 'dispatcherServlet'
2024-04-02 15:56:32.744 [] [http-nio-6083-exec-1] INFO  org.springframework.web.servlet.DispatcherServlet - Completed initialization in 1 ms
2024-04-02 15:56:34.885 [] [restartedMain] INFO  com.example.idsdemo.IdsDemoApplication - Started IdsDemoApplication in 26.966 seconds (JVM running for 30.076)
2024-04-02 15:56:49.416 [] [SpringApplicationShutdownHook] INFO  o.s.c.n.e.serviceregistry.EurekaServiceRegistry - Unregistering application IDS-2023 with eureka with status DOWN
2024-04-02 15:56:49.416 [] [SpringApplicationShutdownHook] INFO  com.netflix.discovery.DiscoveryClient - Saw local status change event StatusChangeEvent [timestamp=1712044609416, current=DOWN, previous=UP]
2024-04-02 15:56:49.416 [] [DiscoveryClient-InstanceInfoReplicator-0] INFO  com.netflix.discovery.DiscoveryClient - DiscoveryClient_IDS-2023/LAPTOP-9HR8DGCC:ids-2023:6083: registering service...
2024-04-02 15:56:49.420 [] [DiscoveryClient-InstanceInfoReplicator-0] INFO  com.netflix.discovery.DiscoveryClient - DiscoveryClient_IDS-2023/LAPTOP-9HR8DGCC:ids-2023:6083 - registration status: 204
2024-04-02 15:56:51.711 [] [SpringApplicationShutdownHook] INFO  com.netflix.discovery.DiscoveryClient - Shutting down DiscoveryClient ...
2024-04-02 15:56:54.726 [] [SpringApplicationShutdownHook] INFO  com.netflix.discovery.DiscoveryClient - Unregistering ...
2024-04-02 15:56:54.744 [] [SpringApplicationShutdownHook] INFO  com.netflix.discovery.DiscoveryClient - DiscoveryClient_IDS-2023/LAPTOP-9HR8DGCC:ids-2023:6083 - deregister  status: 200
2024-04-02 15:56:54.748 [] [SpringApplicationShutdownHook] INFO  com.netflix.discovery.DiscoveryClient - Completed shut down of DiscoveryClient
2024-04-02 15:57:16.588 [] [restartedMain] INFO  com.example.idsdemo.IdsDemoApplication - Starting IdsDemoApplication using Java 1.8.0_291 on LAPTOP-9HR8DGCC with PID 14620 (E:\guo_chuang\ids_2023\ids-demo\target\classes started by YU in E:\guo_chuang\ids_2023)
2024-04-02 15:57:16.589 [] [restartedMain] INFO  com.example.idsdemo.IdsDemoApplication - No active profile set, falling back to default profiles: default
2024-04-02 15:57:16.639 [] [restartedMain] INFO  o.s.b.d.env.DevToolsPropertyDefaultsPostProcessor - Devtools property defaults active! Set 'spring.devtools.add-properties' to 'false' to disable
2024-04-02 15:57:16.639 [] [restartedMain] INFO  o.s.b.d.env.DevToolsPropertyDefaultsPostProcessor - For additional web related logging consider setting the 'logging.level.web' property to 'DEBUG'
2024-04-02 15:57:17.093 [] [restartedMain] INFO  o.s.d.r.config.RepositoryConfigurationDelegate - Multiple Spring Data modules found, entering strict repository configuration mode!
2024-04-02 15:57:17.095 [] [restartedMain] INFO  o.s.d.r.config.RepositoryConfigurationDelegate - Bootstrapping Spring Data Redis repositories in DEFAULT mode.
2024-04-02 15:57:17.113 [] [restartedMain] INFO  o.s.d.r.config.RepositoryConfigurationDelegate - Finished Spring Data repository scanning in 10 ms. Found 0 Redis repository interfaces.
2024-04-02 15:57:17.297 [] [restartedMain] INFO  o.springframework.cloud.context.scope.GenericScope - BeanFactory id=eaaf5bbb-31a8-3293-82e2-46de6efa7050
2024-04-02 15:57:17.458 [] [restartedMain] INFO  o.s.c.s.PostProcessorRegistrationDelegate$BeanPostProcessorChecker - Bean 'redisConfig' of type [com.example.idsdemo.config.RedisConfig$$EnhancerBySpringCGLIB$$f65990ea] is not eligible for getting processed by all BeanPostProcessors (for example: not eligible for auto-proxying)
2024-04-02 15:57:17.821 [] [restartedMain] INFO  o.s.boot.web.embedded.tomcat.TomcatWebServer - Tomcat initialized with port(s): 6083 (http)
2024-04-02 15:57:17.828 [] [restartedMain] INFO  org.apache.coyote.http11.Http11NioProtocol - Initializing ProtocolHandler ["http-nio-6083"]
2024-04-02 15:57:17.829 [] [restartedMain] INFO  org.apache.catalina.core.StandardService - Starting service [Tomcat]
2024-04-02 15:57:17.829 [] [restartedMain] INFO  org.apache.catalina.core.StandardEngine - Starting Servlet engine: [Apache Tomcat/9.0.55]
2024-04-02 15:57:17.937 [] [restartedMain] INFO  o.a.c.c.ContainerBase.[Tomcat].[localhost].[/api] - Initializing Spring embedded WebApplicationContext
2024-04-02 15:57:17.937 [] [restartedMain] INFO  o.s.b.w.s.c.ServletWebServerApplicationContext - Root WebApplicationContext: initialization completed in 1297 ms
2024-04-02 15:57:25.979 [] [restartedMain] INFO  o.s.b.d.autoconfigure.OptionalLiveReloadServer - LiveReload server is running on port 35729
2024-04-02 15:57:29.071 [] [restartedMain] INFO  o.s.c.n.e.c.DiscoveryClientOptionalArgsConfiguration - Eureka HTTP Client uses RestTemplate.
2024-04-02 15:57:32.280 [] [restartedMain] INFO  o.s.cloud.netflix.eureka.InstanceInfoFactory - Setting initial instance status as: STARTING
2024-04-02 15:57:32.303 [] [restartedMain] INFO  com.netflix.discovery.DiscoveryClient - Initializing Eureka in region us-east-1
2024-04-02 15:57:32.306 [] [restartedMain] INFO  c.n.d.shared.resolver.aws.ConfigClusterResolver - Resolving eureka endpoints via configuration
2024-04-02 15:57:32.320 [] [restartedMain] INFO  com.netflix.discovery.DiscoveryClient - Disable delta property : false
2024-04-02 15:57:32.320 [] [restartedMain] INFO  com.netflix.discovery.DiscoveryClient - Single vip registry refresh property : null
2024-04-02 15:57:32.320 [] [restartedMain] INFO  com.netflix.discovery.DiscoveryClient - Force full registry fetch : false
2024-04-02 15:57:32.321 [] [restartedMain] INFO  com.netflix.discovery.DiscoveryClient - Application is null : false
2024-04-02 15:57:32.321 [] [restartedMain] INFO  com.netflix.discovery.DiscoveryClient - Registered Applications size is zero : true
2024-04-02 15:57:32.321 [] [restartedMain] INFO  com.netflix.discovery.DiscoveryClient - Application version is -1: true
2024-04-02 15:57:32.321 [] [restartedMain] INFO  com.netflix.discovery.DiscoveryClient - Getting all instance registry info from the eureka server
2024-04-02 15:57:34.666 [] [restartedMain] INFO  com.netflix.discovery.DiscoveryClient - The response status is 200
2024-04-02 15:57:34.668 [] [restartedMain] INFO  com.netflix.discovery.DiscoveryClient - Starting heartbeat executor: renew interval is: 30
2024-04-02 15:57:34.669 [] [restartedMain] INFO  com.netflix.discovery.InstanceInfoReplicator - InstanceInfoReplicator onDemand update allowed rate per min is 4
2024-04-02 15:57:34.672 [] [restartedMain] INFO  com.netflix.discovery.DiscoveryClient - Discovery Client initialized at timestamp 1712044654672 with initial instances count: 0
2024-04-02 15:57:34.675 [] [restartedMain] INFO  o.s.c.n.e.serviceregistry.EurekaServiceRegistry - Registering application IDS-2023 with eureka with status UP
2024-04-02 15:57:34.676 [] [restartedMain] INFO  com.netflix.discovery.DiscoveryClient - Saw local status change event StatusChangeEvent [timestamp=1712044654676, current=UP, previous=STARTING]
2024-04-02 15:57:34.677 [] [DiscoveryClient-InstanceInfoReplicator-0] INFO  com.netflix.discovery.DiscoveryClient - DiscoveryClient_IDS-2023/LAPTOP-9HR8DGCC:ids-2023:6083: registering service...
2024-04-02 15:57:34.679 [] [restartedMain] INFO  org.apache.coyote.http11.Http11NioProtocol - Starting ProtocolHandler ["http-nio-6083"]
2024-04-02 15:57:34.693 [] [restartedMain] INFO  o.s.boot.web.embedded.tomcat.TomcatWebServer - Tomcat started on port(s): 6083 (http) with context path '/api'
2024-04-02 15:57:34.694 [] [restartedMain] INFO  o.s.c.n.e.s.EurekaAutoServiceRegistration - Updating port to 6083
2024-04-02 15:57:34.711 [] [DiscoveryClient-InstanceInfoReplicator-0] INFO  com.netflix.discovery.DiscoveryClient - DiscoveryClient_IDS-2023/LAPTOP-9HR8DGCC:ids-2023:6083 - registration status: 204
2024-04-02 15:57:37.754 [] [restartedMain] INFO  com.example.idsdemo.IdsDemoApplication - Started IdsDemoApplication in 24.715 seconds (JVM running for 27.869)
2024-04-02 15:58:01.712 [] [http-nio-6083-exec-1] INFO  o.a.c.c.ContainerBase.[Tomcat].[localhost].[/api] - Initializing Spring DispatcherServlet 'dispatcherServlet'
2024-04-02 15:58:01.712 [] [http-nio-6083-exec-1] INFO  org.springframework.web.servlet.DispatcherServlet - Initializing Servlet 'dispatcherServlet'
2024-04-02 15:58:01.713 [] [http-nio-6083-exec-1] INFO  org.springframework.web.servlet.DispatcherServlet - Completed initialization in 1 ms
2024-04-02 15:58:04.681 [] [DiscoveryClient-CacheRefreshExecutor-0] INFO  com.netflix.discovery.DiscoveryClient - Disable delta property : false
2024-04-02 15:58:04.681 [] [DiscoveryClient-CacheRefreshExecutor-0] INFO  com.netflix.discovery.DiscoveryClient - Single vip registry refresh property : null
2024-04-02 15:58:04.681 [] [DiscoveryClient-CacheRefreshExecutor-0] INFO  com.netflix.discovery.DiscoveryClient - Force full registry fetch : false
2024-04-02 15:58:04.681 [] [DiscoveryClient-CacheRefreshExecutor-0] INFO  com.netflix.discovery.DiscoveryClient - Application is null : false
2024-04-02 15:58:04.682 [] [DiscoveryClient-CacheRefreshExecutor-0] INFO  com.netflix.discovery.DiscoveryClient - Registered Applications size is zero : true
2024-04-02 15:58:04.682 [] [DiscoveryClient-CacheRefreshExecutor-0] INFO  com.netflix.discovery.DiscoveryClient - Application version is -1: false
2024-04-02 15:58:04.682 [] [DiscoveryClient-CacheRefreshExecutor-0] INFO  com.netflix.discovery.DiscoveryClient - Getting all instance registry info from the eureka server
2024-04-02 15:58:04.703 [] [DiscoveryClient-CacheRefreshExecutor-0] INFO  com.netflix.discovery.DiscoveryClient - The response status is 200
2024-04-02 15:58:27.954 [] [http-nio-6083-exec-3] INFO  com.zaxxer.hikari.HikariDataSource - HikariCPDatasource - Starting...
2024-04-02 15:58:28.339 [] [http-nio-6083-exec-3] INFO  com.zaxxer.hikari.HikariDataSource - HikariCPDatasource - Start completed.
2024-04-02 16:00:34.610 [] [SpringApplicationShutdownHook] INFO  o.s.c.n.e.serviceregistry.EurekaServiceRegistry - Unregistering application IDS-2023 with eureka with status DOWN
2024-04-02 16:00:34.610 [] [SpringApplicationShutdownHook] INFO  com.netflix.discovery.DiscoveryClient - Saw local status change event StatusChangeEvent [timestamp=1712044834610, current=DOWN, previous=UP]
2024-04-02 16:00:34.610 [] [DiscoveryClient-InstanceInfoReplicator-0] INFO  com.netflix.discovery.DiscoveryClient - DiscoveryClient_IDS-2023/LAPTOP-9HR8DGCC:ids-2023:6083: registering service...
2024-04-02 16:00:34.628 [] [DiscoveryClient-InstanceInfoReplicator-0] INFO  com.netflix.discovery.DiscoveryClient - DiscoveryClient_IDS-2023/LAPTOP-9HR8DGCC:ids-2023:6083 - registration status: 204
2024-04-02 16:00:37.046 [] [SpringApplicationShutdownHook] INFO  com.zaxxer.hikari.HikariDataSource - HikariCPDatasource - Shutdown initiated...
2024-04-02 16:00:37.051 [] [SpringApplicationShutdownHook] INFO  com.zaxxer.hikari.HikariDataSource - HikariCPDatasource - Shutdown completed.
2024-04-02 16:00:37.068 [] [SpringApplicationShutdownHook] INFO  com.netflix.discovery.DiscoveryClient - Shutting down DiscoveryClient ...
2024-04-02 16:00:40.081 [] [SpringApplicationShutdownHook] INFO  com.netflix.discovery.DiscoveryClient - Unregistering ...
2024-04-02 16:00:40.097 [] [SpringApplicationShutdownHook] INFO  com.netflix.discovery.DiscoveryClient - DiscoveryClient_IDS-2023/LAPTOP-9HR8DGCC:ids-2023:6083 - deregister  status: 200
2024-04-02 16:00:40.101 [] [SpringApplicationShutdownHook] INFO  com.netflix.discovery.DiscoveryClient - Completed shut down of DiscoveryClient
2024-04-02 16:02:34.926 [] [restartedMain] INFO  com.example.idsdemo.IdsDemoApplication - Starting IdsDemoApplication using Java 1.8.0_291 on LAPTOP-9HR8DGCC with PID 6756 (E:\guo_chuang\ids_2023\ids-demo\target\classes started by YU in E:\guo_chuang\ids_2023)
2024-04-02 16:02:34.928 [] [restartedMain] INFO  com.example.idsdemo.IdsDemoApplication - No active profile set, falling back to default profiles: default
2024-04-02 16:02:34.977 [] [restartedMain] INFO  o.s.b.d.env.DevToolsPropertyDefaultsPostProcessor - Devtools property defaults active! Set 'spring.devtools.add-properties' to 'false' to disable
2024-04-02 16:02:34.977 [] [restartedMain] INFO  o.s.b.d.env.DevToolsPropertyDefaultsPostProcessor - For additional web related logging consider setting the 'logging.level.web' property to 'DEBUG'
2024-04-02 16:02:35.496 [] [restartedMain] INFO  o.s.d.r.config.RepositoryConfigurationDelegate - Multiple Spring Data modules found, entering strict repository configuration mode!
2024-04-02 16:02:35.498 [] [restartedMain] INFO  o.s.d.r.config.RepositoryConfigurationDelegate - Bootstrapping Spring Data Redis repositories in DEFAULT mode.
2024-04-02 16:02:35.519 [] [restartedMain] INFO  o.s.d.r.config.RepositoryConfigurationDelegate - Finished Spring Data repository scanning in 11 ms. Found 0 Redis repository interfaces.
2024-04-02 16:02:35.711 [] [restartedMain] INFO  o.springframework.cloud.context.scope.GenericScope - BeanFactory id=eaaf5bbb-31a8-3293-82e2-46de6efa7050
2024-04-02 16:02:35.885 [] [restartedMain] INFO  o.s.c.s.PostProcessorRegistrationDelegate$BeanPostProcessorChecker - Bean 'redisConfig' of type [com.example.idsdemo.config.RedisConfig$$EnhancerBySpringCGLIB$$a64c48dd] is not eligible for getting processed by all BeanPostProcessors (for example: not eligible for auto-proxying)
2024-04-02 16:02:36.355 [] [restartedMain] INFO  o.s.boot.web.embedded.tomcat.TomcatWebServer - Tomcat initialized with port(s): 6083 (http)
2024-04-02 16:02:36.363 [] [restartedMain] INFO  org.apache.coyote.http11.Http11NioProtocol - Initializing ProtocolHandler ["http-nio-6083"]
2024-04-02 16:02:36.363 [] [restartedMain] INFO  org.apache.catalina.core.StandardService - Starting service [Tomcat]
2024-04-02 16:02:36.363 [] [restartedMain] INFO  org.apache.catalina.core.StandardEngine - Starting Servlet engine: [Apache Tomcat/9.0.55]
2024-04-02 16:02:36.480 [] [restartedMain] INFO  o.a.c.c.ContainerBase.[Tomcat].[localhost].[/api] - Initializing Spring embedded WebApplicationContext
2024-04-02 16:02:36.480 [] [restartedMain] INFO  o.s.b.w.s.c.ServletWebServerApplicationContext - Root WebApplicationContext: initialization completed in 1503 ms
2024-04-02 16:02:44.950 [] [restartedMain] INFO  o.s.b.d.autoconfigure.OptionalLiveReloadServer - LiveReload server is running on port 35729
2024-04-02 16:02:48.052 [] [restartedMain] INFO  o.s.c.n.e.c.DiscoveryClientOptionalArgsConfiguration - Eureka HTTP Client uses RestTemplate.
2024-04-02 16:02:51.430 [] [restartedMain] INFO  o.s.cloud.netflix.eureka.InstanceInfoFactory - Setting initial instance status as: STARTING
2024-04-02 16:02:51.465 [] [restartedMain] INFO  com.netflix.discovery.DiscoveryClient - Initializing Eureka in region us-east-1
2024-04-02 16:02:51.467 [] [restartedMain] INFO  c.n.d.shared.resolver.aws.ConfigClusterResolver - Resolving eureka endpoints via configuration
2024-04-02 16:02:51.484 [] [restartedMain] INFO  com.netflix.discovery.DiscoveryClient - Disable delta property : false
2024-04-02 16:02:51.486 [] [restartedMain] INFO  com.netflix.discovery.DiscoveryClient - Single vip registry refresh property : null
2024-04-02 16:02:51.486 [] [restartedMain] INFO  com.netflix.discovery.DiscoveryClient - Force full registry fetch : false
2024-04-02 16:02:51.486 [] [restartedMain] INFO  com.netflix.discovery.DiscoveryClient - Application is null : false
2024-04-02 16:02:51.486 [] [restartedMain] INFO  com.netflix.discovery.DiscoveryClient - Registered Applications size is zero : true
2024-04-02 16:02:51.486 [] [restartedMain] INFO  com.netflix.discovery.DiscoveryClient - Application version is -1: true
2024-04-02 16:02:51.486 [] [restartedMain] INFO  com.netflix.discovery.DiscoveryClient - Getting all instance registry info from the eureka server
2024-04-02 16:02:53.978 [] [restartedMain] INFO  com.netflix.discovery.DiscoveryClient - The response status is 200
2024-04-02 16:02:53.979 [] [restartedMain] INFO  com.netflix.discovery.DiscoveryClient - Starting heartbeat executor: renew interval is: 30
2024-04-02 16:02:53.981 [] [restartedMain] INFO  com.netflix.discovery.InstanceInfoReplicator - InstanceInfoReplicator onDemand update allowed rate per min is 4
2024-04-02 16:02:53.985 [] [restartedMain] INFO  com.netflix.discovery.DiscoveryClient - Discovery Client initialized at timestamp 1712044973984 with initial instances count: 0
2024-04-02 16:02:53.988 [] [restartedMain] INFO  o.s.c.n.e.serviceregistry.EurekaServiceRegistry - Registering application IDS-2023 with eureka with status UP
2024-04-02 16:02:53.989 [] [restartedMain] INFO  com.netflix.discovery.DiscoveryClient - Saw local status change event StatusChangeEvent [timestamp=1712044973989, current=UP, previous=STARTING]
2024-04-02 16:02:53.990 [] [DiscoveryClient-InstanceInfoReplicator-0] INFO  com.netflix.discovery.DiscoveryClient - DiscoveryClient_IDS-2023/LAPTOP-9HR8DGCC:ids-2023:6083: registering service...
2024-04-02 16:02:53.992 [] [restartedMain] INFO  org.apache.coyote.http11.Http11NioProtocol - Starting ProtocolHandler ["http-nio-6083"]
2024-04-02 16:02:54.007 [] [restartedMain] INFO  o.s.boot.web.embedded.tomcat.TomcatWebServer - Tomcat started on port(s): 6083 (http) with context path '/api'
2024-04-02 16:02:54.008 [] [restartedMain] INFO  o.s.c.n.e.s.EurekaAutoServiceRegistration - Updating port to 6083
2024-04-02 16:02:54.026 [] [DiscoveryClient-InstanceInfoReplicator-0] INFO  com.netflix.discovery.DiscoveryClient - DiscoveryClient_IDS-2023/LAPTOP-9HR8DGCC:ids-2023:6083 - registration status: 204
2024-04-02 16:02:54.161 [] [http-nio-6083-exec-1] INFO  o.a.c.c.ContainerBase.[Tomcat].[localhost].[/api] - Initializing Spring DispatcherServlet 'dispatcherServlet'
2024-04-02 16:02:54.161 [] [http-nio-6083-exec-1] INFO  org.springframework.web.servlet.DispatcherServlet - Initializing Servlet 'dispatcherServlet'
2024-04-02 16:02:54.162 [] [http-nio-6083-exec-1] INFO  org.springframework.web.servlet.DispatcherServlet - Completed initialization in 1 ms
2024-04-02 16:02:57.180 [] [restartedMain] INFO  com.example.idsdemo.IdsDemoApplication - Started IdsDemoApplication in 26.093 seconds (JVM running for 29.253)
2024-04-02 16:03:23.987 [] [DiscoveryClient-CacheRefreshExecutor-0] INFO  com.netflix.discovery.DiscoveryClient - Disable delta property : false
2024-04-02 16:03:23.988 [] [DiscoveryClient-CacheRefreshExecutor-0] INFO  com.netflix.discovery.DiscoveryClient - Single vip registry refresh property : null
2024-04-02 16:03:23.988 [] [DiscoveryClient-CacheRefreshExecutor-0] INFO  com.netflix.discovery.DiscoveryClient - Force full registry fetch : false
2024-04-02 16:03:23.988 [] [DiscoveryClient-CacheRefreshExecutor-0] INFO  com.netflix.discovery.DiscoveryClient - Application is null : false
2024-04-02 16:03:23.988 [] [DiscoveryClient-CacheRefreshExecutor-0] INFO  com.netflix.discovery.DiscoveryClient - Registered Applications size is zero : true
2024-04-02 16:03:23.988 [] [DiscoveryClient-CacheRefreshExecutor-0] INFO  com.netflix.discovery.DiscoveryClient - Application version is -1: false
2024-04-02 16:03:23.988 [] [DiscoveryClient-CacheRefreshExecutor-0] INFO  com.netflix.discovery.DiscoveryClient - Getting all instance registry info from the eureka server
2024-04-02 16:03:24.008 [] [DiscoveryClient-CacheRefreshExecutor-0] INFO  com.netflix.discovery.DiscoveryClient - The response status is 200
2024-04-02 16:07:51.495 [] [AsyncResolver-bootstrap-executor-0] INFO  c.n.d.shared.resolver.aws.ConfigClusterResolver - Resolving eureka endpoints via configuration
2024-04-02 16:12:51.499 [] [AsyncResolver-bootstrap-executor-0] INFO  c.n.d.shared.resolver.aws.ConfigClusterResolver - Resolving eureka endpoints via configuration
2024-04-02 16:17:51.505 [] [AsyncResolver-bootstrap-executor-0] INFO  c.n.d.shared.resolver.aws.ConfigClusterResolver - Resolving eureka endpoints via configuration
2024-04-02 16:22:51.511 [] [AsyncResolver-bootstrap-executor-0] INFO  c.n.d.shared.resolver.aws.ConfigClusterResolver - Resolving eureka endpoints via configuration
2024-04-02 16:27:51.514 [] [AsyncResolver-bootstrap-executor-0] INFO  c.n.d.shared.resolver.aws.ConfigClusterResolver - Resolving eureka endpoints via configuration
2024-04-02 16:32:51.528 [] [AsyncResolver-bootstrap-executor-0] INFO  c.n.d.shared.resolver.aws.ConfigClusterResolver - Resolving eureka endpoints via configuration
2024-04-02 16:37:51.533 [] [AsyncResolver-bootstrap-executor-0] INFO  c.n.d.shared.resolver.aws.ConfigClusterResolver - Resolving eureka endpoints via configuration
2024-04-02 16:42:51.537 [] [AsyncResolver-bootstrap-executor-0] INFO  c.n.d.shared.resolver.aws.ConfigClusterResolver - Resolving eureka endpoints via configuration
2024-04-02 16:47:51.550 [] [AsyncResolver-bootstrap-executor-0] INFO  c.n.d.shared.resolver.aws.ConfigClusterResolver - Resolving eureka endpoints via configuration
2024-04-02 16:52:51.556 [] [AsyncResolver-bootstrap-executor-0] INFO  c.n.d.shared.resolver.aws.ConfigClusterResolver - Resolving eureka endpoints via configuration
2024-04-02 16:57:51.570 [] [AsyncResolver-bootstrap-executor-0] INFO  c.n.d.shared.resolver.aws.ConfigClusterResolver - Resolving eureka endpoints via configuration
2024-04-02 17:02:51.573 [] [AsyncResolver-bootstrap-executor-0] INFO  c.n.d.shared.resolver.aws.ConfigClusterResolver - Resolving eureka endpoints via configuration
2024-04-02 17:07:51.585 [] [AsyncResolver-bootstrap-executor-0] INFO  c.n.d.shared.resolver.aws.ConfigClusterResolver - Resolving eureka endpoints via configuration
2024-04-02 17:12:51.589 [] [AsyncResolver-bootstrap-executor-0] INFO  c.n.d.shared.resolver.aws.ConfigClusterResolver - Resolving eureka endpoints via configuration
2024-04-02 17:17:51.602 [] [AsyncResolver-bootstrap-executor-0] INFO  c.n.d.shared.resolver.aws.ConfigClusterResolver - Resolving eureka endpoints via configuration
2024-04-02 17:22:51.603 [] [AsyncResolver-bootstrap-executor-0] INFO  c.n.d.shared.resolver.aws.ConfigClusterResolver - Resolving eureka endpoints via configuration
2024-04-02 17:27:51.616 [] [AsyncResolver-bootstrap-executor-0] INFO  c.n.d.shared.resolver.aws.ConfigClusterResolver - Resolving eureka endpoints via configuration
2024-04-02 17:32:51.618 [] [AsyncResolver-bootstrap-executor-0] INFO  c.n.d.shared.resolver.aws.ConfigClusterResolver - Resolving eureka endpoints via configuration
2024-04-02 17:37:51.620 [] [AsyncResolver-bootstrap-executor-0] INFO  c.n.d.shared.resolver.aws.ConfigClusterResolver - Resolving eureka endpoints via configuration
2024-04-02 17:42:51.629 [] [AsyncResolver-bootstrap-executor-0] INFO  c.n.d.shared.resolver.aws.ConfigClusterResolver - Resolving eureka endpoints via configuration
2024-04-02 17:47:51.637 [] [AsyncResolver-bootstrap-executor-0] INFO  c.n.d.shared.resolver.aws.ConfigClusterResolver - Resolving eureka endpoints via configuration
2024-04-02 17:52:51.648 [] [AsyncResolver-bootstrap-executor-0] INFO  c.n.d.shared.resolver.aws.ConfigClusterResolver - Resolving eureka endpoints via configuration
2024-04-02 17:57:51.657 [] [AsyncResolver-bootstrap-executor-0] INFO  c.n.d.shared.resolver.aws.ConfigClusterResolver - Resolving eureka endpoints via configuration
2024-04-02 18:02:51.663 [] [AsyncResolver-bootstrap-executor-0] INFO  c.n.d.shared.resolver.aws.ConfigClusterResolver - Resolving eureka endpoints via configuration
2024-04-02 18:07:51.668 [] [AsyncResolver-bootstrap-executor-0] INFO  c.n.d.shared.resolver.aws.ConfigClusterResolver - Resolving eureka endpoints via configuration
2024-04-02 18:12:51.677 [] [AsyncResolver-bootstrap-executor-0] INFO  c.n.d.shared.resolver.aws.ConfigClusterResolver - Resolving eureka endpoints via configuration
2024-04-02 18:17:51.687 [] [AsyncResolver-bootstrap-executor-0] INFO  c.n.d.shared.resolver.aws.ConfigClusterResolver - Resolving eureka endpoints via configuration
2024-04-02 18:22:51.702 [] [AsyncResolver-bootstrap-executor-0] INFO  c.n.d.shared.resolver.aws.ConfigClusterResolver - Resolving eureka endpoints via configuration
2024-04-02 18:25:42.933 [] [SpringApplicationShutdownHook] INFO  o.s.c.n.e.serviceregistry.EurekaServiceRegistry - Unregistering application IDS-2023 with eureka with status DOWN
2024-04-02 18:25:42.934 [] [SpringApplicationShutdownHook] INFO  com.netflix.discovery.DiscoveryClient - Saw local status change event StatusChangeEvent [timestamp=1712053542934, current=DOWN, previous=UP]
2024-04-02 18:25:42.934 [] [DiscoveryClient-InstanceInfoReplicator-0] INFO  com.netflix.discovery.DiscoveryClient - DiscoveryClient_IDS-2023/LAPTOP-9HR8DGCC:ids-2023:6083: registering service...
2024-04-02 18:25:42.961 [] [DiscoveryClient-InstanceInfoReplicator-0] INFO  com.netflix.discovery.DiscoveryClient - DiscoveryClient_IDS-2023/LAPTOP-9HR8DGCC:ids-2023:6083 - registration status: 204
2024-04-02 18:25:45.727 [] [SpringApplicationShutdownHook] INFO  com.netflix.discovery.DiscoveryClient - Shutting down DiscoveryClient ...
2024-04-02 18:25:48.740 [] [SpringApplicationShutdownHook] INFO  com.netflix.discovery.DiscoveryClient - Unregistering ...
2024-04-02 18:25:52.834 [] [SpringApplicationShutdownHook] INFO  c.n.d.s.t.decorator.RedirectingEurekaHttpClient - Request execution error. endpoint=DefaultEndpoint{ serviceUrl='http://localhost:8083/eureka/} exception=I/O error on DELETE request for "http://localhost:8083/eureka/apps/IDS-2023/LAPTOP-9HR8DGCC:ids-2023:6083": Connect to localhost:8083 [localhost/127.0.0.1, localhost/0:0:0:0:0:0:0:1] failed: Connection refused: connect; nested exception is org.apache.http.conn.HttpHostConnectException: Connect to localhost:8083 [localhost/127.0.0.1, localhost/0:0:0:0:0:0:0:1] failed: Connection refused: connect stacktrace=org.springframework.web.client.ResourceAccessException: I/O error on DELETE request for "http://localhost:8083/eureka/apps/IDS-2023/LAPTOP-9HR8DGCC:ids-2023:6083": Connect to localhost:8083 [localhost/127.0.0.1, localhost/0:0:0:0:0:0:0:1] failed: Connection refused: connect; nested exception is org.apache.http.conn.HttpHostConnectException: Connect to localhost:8083 [localhost/127.0.0.1, localhost/0:0:0:0:0:0:0:1] failed: Connection refused: connect
	at org.springframework.web.client.RestTemplate.doExecute(RestTemplate.java:785)
	at org.springframework.web.client.RestTemplate.execute(RestTemplate.java:711)
	at org.springframework.web.client.RestTemplate.exchange(RestTemplate.java:602)
	at org.springframework.cloud.netflix.eureka.http.RestTemplateEurekaHttpClient.cancel(RestTemplateEurekaHttpClient.java:87)
	at com.netflix.discovery.shared.transport.decorator.EurekaHttpClientDecorator$2.execute(EurekaHttpClientDecorator.java:74)
	at com.netflix.discovery.shared.transport.decorator.RedirectingEurekaHttpClient.execute(RedirectingEurekaHttpClient.java:91)
	at com.netflix.discovery.shared.transport.decorator.EurekaHttpClientDecorator.cancel(EurekaHttpClientDecorator.java:71)
	at com.netflix.discovery.shared.transport.decorator.EurekaHttpClientDecorator$2.execute(EurekaHttpClientDecorator.java:74)
	at com.netflix.discovery.shared.transport.decorator.RetryableEurekaHttpClient.execute(RetryableEurekaHttpClient.java:120)
	at com.netflix.discovery.shared.transport.decorator.EurekaHttpClientDecorator.cancel(EurekaHttpClientDecorator.java:71)
	at com.netflix.discovery.shared.transport.decorator.EurekaHttpClientDecorator$2.execute(EurekaHttpClientDecorator.java:74)
	at com.netflix.discovery.shared.transport.decorator.SessionedEurekaHttpClient.execute(SessionedEurekaHttpClient.java:77)
	at com.netflix.discovery.shared.transport.decorator.EurekaHttpClientDecorator.cancel(EurekaHttpClientDecorator.java:71)
	at com.netflix.discovery.DiscoveryClient.unregister(DiscoveryClient.java:972)
	at com.netflix.discovery.DiscoveryClient.shutdown(DiscoveryClient.java:948)
	at sun.reflect.NativeMethodAccessorImpl.invoke0(Native Method)
	at sun.reflect.NativeMethodAccessorImpl.invoke(NativeMethodAccessorImpl.java:62)
	at sun.reflect.DelegatingMethodAccessorImpl.invoke(DelegatingMethodAccessorImpl.java:43)
	at java.lang.reflect.Method.invoke(Method.java:498)
	at org.springframework.beans.factory.annotation.InitDestroyAnnotationBeanPostProcessor$LifecycleElement.invoke(InitDestroyAnnotationBeanPostProcessor.java:389)
	at org.springframework.beans.factory.annotation.InitDestroyAnnotationBeanPostProcessor$LifecycleMetadata.invokeDestroyMethods(InitDestroyAnnotationBeanPostProcessor.java:347)
	at org.springframework.beans.factory.annotation.InitDestroyAnnotationBeanPostProcessor.postProcessBeforeDestruction(InitDestroyAnnotationBeanPostProcessor.java:177)
	at org.springframework.beans.factory.support.DisposableBeanAdapter.destroy(DisposableBeanAdapter.java:196)
	at org.springframework.beans.factory.support.DisposableBeanAdapter.run(DisposableBeanAdapter.java:189)
	at org.springframework.cloud.context.scope.GenericScope$BeanLifecycleWrapper.destroy(GenericScope.java:390)
	at org.springframework.cloud.context.scope.GenericScope.destroy(GenericScope.java:136)
	at org.springframework.beans.factory.support.DisposableBeanAdapter.destroy(DisposableBeanAdapter.java:212)
	at org.springframework.beans.factory.support.DefaultSingletonBeanRegistry.destroyBean(DefaultSingletonBeanRegistry.java:587)
	at org.springframework.beans.factory.support.DefaultSingletonBeanRegistry.destroySingleton(DefaultSingletonBeanRegistry.java:559)
	at org.springframework.beans.factory.support.DefaultListableBeanFactory.destroySingleton(DefaultListableBeanFactory.java:1152)
	at org.springframework.beans.factory.support.DefaultSingletonBeanRegistry.destroySingletons(DefaultSingletonBeanRegistry.java:520)
	at org.springframework.beans.factory.support.DefaultListableBeanFactory.destroySingletons(DefaultListableBeanFactory.java:1145)
	at org.springframework.context.support.AbstractApplicationContext.destroyBeans(AbstractApplicationContext.java:1106)
	at org.springframework.context.support.AbstractApplicationContext.doClose(AbstractApplicationContext.java:1075)
	at org.springframework.boot.web.servlet.context.ServletWebServerApplicationContext.doClose(ServletWebServerApplicationContext.java:172)
	at org.springframework.context.support.AbstractApplicationContext.close(AbstractApplicationContext.java:1021)
	at org.springframework.boot.SpringApplicationShutdownHook.closeAndWait(SpringApplicationShutdownHook.java:137)
	at java.lang.Iterable.forEach(Iterable.java:75)
	at org.springframework.boot.SpringApplicationShutdownHook.run(SpringApplicationShutdownHook.java:106)
	at java.lang.Thread.run(Thread.java:748)
Caused by: org.apache.http.conn.HttpHostConnectException: Connect to localhost:8083 [localhost/127.0.0.1, localhost/0:0:0:0:0:0:0:1] failed: Connection refused: connect
	at org.apache.http.impl.conn.DefaultHttpClientConnectionOperator.connect(DefaultHttpClientConnectionOperator.java:156)
	at org.apache.http.impl.conn.PoolingHttpClientConnectionManager.connect(PoolingHttpClientConnectionManager.java:376)
	at org.apache.http.impl.execchain.MainClientExec.establishRoute(MainClientExec.java:393)
	at org.apache.http.impl.execchain.MainClientExec.execute(MainClientExec.java:236)
	at org.apache.http.impl.execchain.ProtocolExec.execute(ProtocolExec.java:186)
	at org.apache.http.impl.execchain.RetryExec.execute(RetryExec.java:89)
	at org.apache.http.impl.execchain.RedirectExec.execute(RedirectExec.java:110)
	at org.apache.http.impl.client.InternalHttpClient.doExecute(InternalHttpClient.java:185)
	at org.apache.http.impl.client.CloseableHttpClient.execute(CloseableHttpClient.java:83)
	at org.apache.http.impl.client.CloseableHttpClient.execute(CloseableHttpClient.java:56)
	at org.springframework.http.client.HttpComponentsClientHttpRequest.executeInternal(HttpComponentsClientHttpRequest.java:87)
	at org.springframework.http.client.AbstractBufferingClientHttpRequest.executeInternal(AbstractBufferingClientHttpRequest.java:48)
	at org.springframework.http.client.AbstractClientHttpRequest.execute(AbstractClientHttpRequest.java:66)
	at org.springframework.web.client.RestTemplate.doExecute(RestTemplate.java:776)
	... 39 more
Caused by: java.net.ConnectException: Connection refused: connect
	at java.net.DualStackPlainSocketImpl.connect0(Native Method)
	at java.net.DualStackPlainSocketImpl.socketConnect(DualStackPlainSocketImpl.java:75)
	at java.net.AbstractPlainSocketImpl.doConnect(AbstractPlainSocketImpl.java:476)
	at java.net.AbstractPlainSocketImpl.connectToAddress(AbstractPlainSocketImpl.java:218)
	at java.net.AbstractPlainSocketImpl.connect(AbstractPlainSocketImpl.java:200)
	at java.net.PlainSocketImpl.connect(PlainSocketImpl.java:162)
	at java.net.SocksSocketImpl.connect(SocksSocketImpl.java:394)
	at java.net.Socket.connect(Socket.java:606)
	at org.apache.http.conn.socket.PlainConnectionSocketFactory.connectSocket(PlainConnectionSocketFactory.java:75)
	at org.apache.http.impl.conn.DefaultHttpClientConnectionOperator.connect(DefaultHttpClientConnectionOperator.java:142)
	... 52 more

2024-04-02 18:25:56.919 [] [SpringApplicationShutdownHook] INFO  c.n.d.s.t.decorator.RedirectingEurekaHttpClient - Request execution error. endpoint=DefaultEndpoint{ serviceUrl='http://localhost:8083/eureka/}, exception=I/O error on DELETE request for "http://localhost:8083/eureka/apps/IDS-2023/LAPTOP-9HR8DGCC:ids-2023:6083": Connect to localhost:8083 [localhost/127.0.0.1, localhost/0:0:0:0:0:0:0:1] failed: Connection refused: connect; nested exception is org.apache.http.conn.HttpHostConnectException: Connect to localhost:8083 [localhost/127.0.0.1, localhost/0:0:0:0:0:0:0:1] failed: Connection refused: connect stacktrace=org.springframework.web.client.ResourceAccessException: I/O error on DELETE request for "http://localhost:8083/eureka/apps/IDS-2023/LAPTOP-9HR8DGCC:ids-2023:6083": Connect to localhost:8083 [localhost/127.0.0.1, localhost/0:0:0:0:0:0:0:1] failed: Connection refused: connect; nested exception is org.apache.http.conn.HttpHostConnectException: Connect to localhost:8083 [localhost/127.0.0.1, localhost/0:0:0:0:0:0:0:1] failed: Connection refused: connect
	at org.springframework.web.client.RestTemplate.doExecute(RestTemplate.java:785)
	at org.springframework.web.client.RestTemplate.execute(RestTemplate.java:711)
	at org.springframework.web.client.RestTemplate.exchange(RestTemplate.java:602)
	at org.springframework.cloud.netflix.eureka.http.RestTemplateEurekaHttpClient.cancel(RestTemplateEurekaHttpClient.java:87)
	at com.netflix.discovery.shared.transport.decorator.EurekaHttpClientDecorator$2.execute(EurekaHttpClientDecorator.java:74)
	at com.netflix.discovery.shared.transport.decorator.RedirectingEurekaHttpClient.executeOnNewServer(RedirectingEurekaHttpClient.java:121)
	at com.netflix.discovery.shared.transport.decorator.RedirectingEurekaHttpClient.execute(RedirectingEurekaHttpClient.java:80)
	at com.netflix.discovery.shared.transport.decorator.EurekaHttpClientDecorator.cancel(EurekaHttpClientDecorator.java:71)
	at com.netflix.discovery.shared.transport.decorator.EurekaHttpClientDecorator$2.execute(EurekaHttpClientDecorator.java:74)
	at com.netflix.discovery.shared.transport.decorator.RetryableEurekaHttpClient.execute(RetryableEurekaHttpClient.java:120)
	at com.netflix.discovery.shared.transport.decorator.EurekaHttpClientDecorator.cancel(EurekaHttpClientDecorator.java:71)
	at com.netflix.discovery.shared.transport.decorator.EurekaHttpClientDecorator$2.execute(EurekaHttpClientDecorator.java:74)
	at com.netflix.discovery.shared.transport.decorator.SessionedEurekaHttpClient.execute(SessionedEurekaHttpClient.java:77)
	at com.netflix.discovery.shared.transport.decorator.EurekaHttpClientDecorator.cancel(EurekaHttpClientDecorator.java:71)
	at com.netflix.discovery.DiscoveryClient.unregister(DiscoveryClient.java:972)
	at com.netflix.discovery.DiscoveryClient.shutdown(DiscoveryClient.java:948)
	at sun.reflect.NativeMethodAccessorImpl.invoke0(Native Method)
	at sun.reflect.NativeMethodAccessorImpl.invoke(NativeMethodAccessorImpl.java:62)
	at sun.reflect.DelegatingMethodAccessorImpl.invoke(DelegatingMethodAccessorImpl.java:43)
	at java.lang.reflect.Method.invoke(Method.java:498)
	at org.springframework.beans.factory.annotation.InitDestroyAnnotationBeanPostProcessor$LifecycleElement.invoke(InitDestroyAnnotationBeanPostProcessor.java:389)
	at org.springframework.beans.factory.annotation.InitDestroyAnnotationBeanPostProcessor$LifecycleMetadata.invokeDestroyMethods(InitDestroyAnnotationBeanPostProcessor.java:347)
	at org.springframework.beans.factory.annotation.InitDestroyAnnotationBeanPostProcessor.postProcessBeforeDestruction(InitDestroyAnnotationBeanPostProcessor.java:177)
	at org.springframework.beans.factory.support.DisposableBeanAdapter.destroy(DisposableBeanAdapter.java:196)
	at org.springframework.beans.factory.support.DisposableBeanAdapter.run(DisposableBeanAdapter.java:189)
	at org.springframework.cloud.context.scope.GenericScope$BeanLifecycleWrapper.destroy(GenericScope.java:390)
	at org.springframework.cloud.context.scope.GenericScope.destroy(GenericScope.java:136)
	at org.springframework.beans.factory.support.DisposableBeanAdapter.destroy(DisposableBeanAdapter.java:212)
	at org.springframework.beans.factory.support.DefaultSingletonBeanRegistry.destroyBean(DefaultSingletonBeanRegistry.java:587)
	at org.springframework.beans.factory.support.DefaultSingletonBeanRegistry.destroySingleton(DefaultSingletonBeanRegistry.java:559)
	at org.springframework.beans.factory.support.DefaultListableBeanFactory.destroySingleton(DefaultListableBeanFactory.java:1152)
	at org.springframework.beans.factory.support.DefaultSingletonBeanRegistry.destroySingletons(DefaultSingletonBeanRegistry.java:520)
	at org.springframework.beans.factory.support.DefaultListableBeanFactory.destroySingletons(DefaultListableBeanFactory.java:1145)
	at org.springframework.context.support.AbstractApplicationContext.destroyBeans(AbstractApplicationContext.java:1106)
	at org.springframework.context.support.AbstractApplicationContext.doClose(AbstractApplicationContext.java:1075)
	at org.springframework.boot.web.servlet.context.ServletWebServerApplicationContext.doClose(ServletWebServerApplicationContext.java:172)
	at org.springframework.context.support.AbstractApplicationContext.close(AbstractApplicationContext.java:1021)
	at org.springframework.boot.SpringApplicationShutdownHook.closeAndWait(SpringApplicationShutdownHook.java:137)
	at java.lang.Iterable.forEach(Iterable.java:75)
	at org.springframework.boot.SpringApplicationShutdownHook.run(SpringApplicationShutdownHook.java:106)
	at java.lang.Thread.run(Thread.java:748)
Caused by: org.apache.http.conn.HttpHostConnectException: Connect to localhost:8083 [localhost/127.0.0.1, localhost/0:0:0:0:0:0:0:1] failed: Connection refused: connect
	at org.apache.http.impl.conn.DefaultHttpClientConnectionOperator.connect(DefaultHttpClientConnectionOperator.java:156)
	at org.apache.http.impl.conn.PoolingHttpClientConnectionManager.connect(PoolingHttpClientConnectionManager.java:376)
	at org.apache.http.impl.execchain.MainClientExec.establishRoute(MainClientExec.java:393)
	at org.apache.http.impl.execchain.MainClientExec.execute(MainClientExec.java:236)
	at org.apache.http.impl.execchain.ProtocolExec.execute(ProtocolExec.java:186)
	at org.apache.http.impl.execchain.RetryExec.execute(RetryExec.java:89)
	at org.apache.http.impl.execchain.RedirectExec.execute(RedirectExec.java:110)
	at org.apache.http.impl.client.InternalHttpClient.doExecute(InternalHttpClient.java:185)
	at org.apache.http.impl.client.CloseableHttpClient.execute(CloseableHttpClient.java:83)
	at org.apache.http.impl.client.CloseableHttpClient.execute(CloseableHttpClient.java:56)
	at org.springframework.http.client.HttpComponentsClientHttpRequest.executeInternal(HttpComponentsClientHttpRequest.java:87)
	at org.springframework.http.client.AbstractBufferingClientHttpRequest.executeInternal(AbstractBufferingClientHttpRequest.java:48)
	at org.springframework.http.client.AbstractClientHttpRequest.execute(AbstractClientHttpRequest.java:66)
	at org.springframework.web.client.RestTemplate.doExecute(RestTemplate.java:776)
	... 40 more
Caused by: java.net.ConnectException: Connection refused: connect
	at java.net.DualStackPlainSocketImpl.connect0(Native Method)
	at java.net.DualStackPlainSocketImpl.socketConnect(DualStackPlainSocketImpl.java:75)
	at java.net.AbstractPlainSocketImpl.doConnect(AbstractPlainSocketImpl.java:476)
	at java.net.AbstractPlainSocketImpl.connectToAddress(AbstractPlainSocketImpl.java:218)
	at java.net.AbstractPlainSocketImpl.connect(AbstractPlainSocketImpl.java:200)
	at java.net.PlainSocketImpl.connect(PlainSocketImpl.java:162)
	at java.net.SocksSocketImpl.connect(SocksSocketImpl.java:394)
	at java.net.Socket.connect(Socket.java:606)
	at org.apache.http.conn.socket.PlainConnectionSocketFactory.connectSocket(PlainConnectionSocketFactory.java:75)
	at org.apache.http.impl.conn.DefaultHttpClientConnectionOperator.connect(DefaultHttpClientConnectionOperator.java:142)
	... 53 more

2024-04-02 18:25:56.940 [] [SpringApplicationShutdownHook] INFO  com.netflix.discovery.DiscoveryClient - Completed shut down of DiscoveryClient
