2023-11-29 13:56:10.968 [] [main] WARN  org.mybatis.spring.mapper.ClassPathMapperScanner - Skipping MapperFactoryBean with name 'abDetailsMapper' and 'com.example.idsdemo.mapper.AbDetailsMapper' mapperInterface. Bean already defined with the same name!
2023-11-29 13:56:10.969 [] [main] WARN  org.mybatis.spring.mapper.ClassPathMapperScanner - Skipping MapperFactoryBean with name 'carIntrusionMapper' and 'com.example.idsdemo.mapper.CarIntrusionMapper' mapperInterface. Bean already defined with the same name!
2023-11-29 13:56:10.969 [] [main] WARN  org.mybatis.spring.mapper.ClassPathMapperScanner - Skipping MapperFactoryBean with name 'carMapper' and 'com.example.idsdemo.mapper.CarMapper' mapperInterface. Bean already defined with the same name!
2023-11-29 13:56:10.980 [] [main] WARN  org.mybatis.spring.mapper.ClassPathMapperScanner - Skipping MapperFactoryBean with name 'detectionInfoMapper' and 'com.example.idsdemo.mapper.DetectionInfoMapper' mapperInterface. Bean already defined with the same name!
2023-11-29 13:56:10.980 [] [main] WARN  org.mybatis.spring.mapper.ClassPathMapperScanner - Skipping MapperFactoryBean with name 'feedbackInfoMapper' and 'com.example.idsdemo.mapper.FeedbackInfoMapper' mapperInterface. Bean already defined with the same name!
2023-11-29 13:56:10.980 [] [main] WARN  org.mybatis.spring.mapper.ClassPathMapperScanner - Skipping MapperFactoryBean with name 'logRecordMapper' and 'com.example.idsdemo.mapper.LogRecordMapper' mapperInterface. Bean already defined with the same name!
2023-11-29 13:56:10.980 [] [main] WARN  org.mybatis.spring.mapper.ClassPathMapperScanner - Skipping MapperFactoryBean with name 'userMapper' and 'com.example.idsdemo.mapper.UserMapper' mapperInterface. Bean already defined with the same name!
2023-11-29 13:56:10.981 [] [main] WARN  org.mybatis.spring.mapper.ClassPathMapperScanner - No MyBatis mapper was found in '[com.example.idsdemo.mapper]' package. Please check your configuration.
2023-11-29 13:56:24.031 [] [main] WARN  c.b.mybatisplus.core.injector.DefaultSqlInjector - class com.example.idsdemo.entity.User ,Not found @TableId annotation, Cannot use Mybatis-Plus 'xxById' Method.
2023-11-29 13:56:24.126 [] [main] WARN  c.b.mybatisplus.core.injector.DefaultSqlInjector - class com.example.idsdemo.entity.Car ,Not found @TableId annotation, Cannot use Mybatis-Plus 'xxById' Method.
2023-11-29 13:56:24.206 [] [main] WARN  c.b.mybatisplus.core.injector.DefaultSqlInjector - class com.example.idsdemo.entity.FeedbackInfo ,Not found @TableId annotation, Cannot use Mybatis-Plus 'xxById' Method.
2023-11-29 13:56:24.260 [] [main] WARN  c.b.mybatisplus.core.injector.DefaultSqlInjector - class com.example.idsdemo.entity.CarIntrusion ,Not found @TableId annotation, Cannot use Mybatis-Plus 'xxById' Method.
2023-11-29 13:56:24.309 [] [main] WARN  c.b.mybatisplus.core.injector.DefaultSqlInjector - class com.example.idsdemo.entity.DetectionInfo ,Not found @TableId annotation, Cannot use Mybatis-Plus 'xxById' Method.
2023-11-29 13:56:24.349 [] [main] WARN  c.b.mybatisplus.core.injector.DefaultSqlInjector - class com.example.idsdemo.entity.AbDetails ,Not found @TableId annotation, Cannot use Mybatis-Plus 'xxById' Method.
2023-11-29 13:56:24.432 [] [main] WARN  c.b.mybatisplus.core.injector.DefaultSqlInjector - class com.example.idsdemo.entity.LogRecord ,Not found @TableId annotation, Cannot use Mybatis-Plus 'xxById' Method.
2023-11-29 13:56:24.648 [] [main] WARN  o.s.w.context.support.GenericWebApplicationContext - Exception encountered during context initialization - cancelling refresh attempt: org.springframework.beans.factory.BeanCreationException: Error creating bean with name 'serverEndpointExporter' defined in class path resource [com/example/idsdemo/config/WebSocketConfig.class]: Invocation of init method failed; nested exception is java.lang.IllegalStateException: javax.websocket.server.ServerContainer not available
2023-11-29 14:48:10.421 [] [main] WARN  org.mybatis.spring.mapper.ClassPathMapperScanner - Skipping MapperFactoryBean with name 'abDetailsMapper' and 'com.example.idsdemo.mapper.AbDetailsMapper' mapperInterface. Bean already defined with the same name!
2023-11-29 14:48:10.433 [] [main] WARN  org.mybatis.spring.mapper.ClassPathMapperScanner - Skipping MapperFactoryBean with name 'carIntrusionMapper' and 'com.example.idsdemo.mapper.CarIntrusionMapper' mapperInterface. Bean already defined with the same name!
2023-11-29 14:48:10.433 [] [main] WARN  org.mybatis.spring.mapper.ClassPathMapperScanner - Skipping MapperFactoryBean with name 'carMapper' and 'com.example.idsdemo.mapper.CarMapper' mapperInterface. Bean already defined with the same name!
2023-11-29 14:48:10.433 [] [main] WARN  org.mybatis.spring.mapper.ClassPathMapperScanner - Skipping MapperFactoryBean with name 'detectionInfoMapper' and 'com.example.idsdemo.mapper.DetectionInfoMapper' mapperInterface. Bean already defined with the same name!
2023-11-29 14:48:10.433 [] [main] WARN  org.mybatis.spring.mapper.ClassPathMapperScanner - Skipping MapperFactoryBean with name 'feedbackInfoMapper' and 'com.example.idsdemo.mapper.FeedbackInfoMapper' mapperInterface. Bean already defined with the same name!
2023-11-29 14:48:10.433 [] [main] WARN  org.mybatis.spring.mapper.ClassPathMapperScanner - Skipping MapperFactoryBean with name 'logRecordMapper' and 'com.example.idsdemo.mapper.LogRecordMapper' mapperInterface. Bean already defined with the same name!
2023-11-29 14:48:10.433 [] [main] WARN  org.mybatis.spring.mapper.ClassPathMapperScanner - Skipping MapperFactoryBean with name 'userMapper' and 'com.example.idsdemo.mapper.UserMapper' mapperInterface. Bean already defined with the same name!
2023-11-29 14:48:10.434 [] [main] WARN  org.mybatis.spring.mapper.ClassPathMapperScanner - No MyBatis mapper was found in '[com.example.idsdemo.mapper]' package. Please check your configuration.
2023-11-29 14:48:17.414 [] [main] WARN  c.b.mybatisplus.core.injector.DefaultSqlInjector - class com.example.idsdemo.entity.User ,Not found @TableId annotation, Cannot use Mybatis-Plus 'xxById' Method.
2023-11-29 14:48:17.474 [] [main] WARN  c.b.mybatisplus.core.injector.DefaultSqlInjector - class com.example.idsdemo.entity.Car ,Not found @TableId annotation, Cannot use Mybatis-Plus 'xxById' Method.
2023-11-29 14:48:17.513 [] [main] WARN  c.b.mybatisplus.core.injector.DefaultSqlInjector - class com.example.idsdemo.entity.FeedbackInfo ,Not found @TableId annotation, Cannot use Mybatis-Plus 'xxById' Method.
2023-11-29 14:48:17.540 [] [main] WARN  c.b.mybatisplus.core.injector.DefaultSqlInjector - class com.example.idsdemo.entity.CarIntrusion ,Not found @TableId annotation, Cannot use Mybatis-Plus 'xxById' Method.
2023-11-29 14:48:17.564 [] [main] WARN  c.b.mybatisplus.core.injector.DefaultSqlInjector - class com.example.idsdemo.entity.DetectionInfo ,Not found @TableId annotation, Cannot use Mybatis-Plus 'xxById' Method.
2023-11-29 14:48:17.598 [] [main] WARN  c.b.mybatisplus.core.injector.DefaultSqlInjector - class com.example.idsdemo.entity.AbDetails ,Not found @TableId annotation, Cannot use Mybatis-Plus 'xxById' Method.
2023-11-29 14:48:17.654 [] [main] WARN  c.b.mybatisplus.core.injector.DefaultSqlInjector - class com.example.idsdemo.entity.LogRecord ,Not found @TableId annotation, Cannot use Mybatis-Plus 'xxById' Method.
2023-11-29 14:48:17.756 [] [main] WARN  o.s.w.context.support.GenericWebApplicationContext - Exception encountered during context initialization - cancelling refresh attempt: org.springframework.beans.factory.BeanCreationException: Error creating bean with name 'serverEndpointExporter' defined in class path resource [com/example/idsdemo/config/WebSocketConfig.class]: Invocation of init method failed; nested exception is java.lang.IllegalStateException: javax.websocket.server.ServerContainer not available
