2023-11-14 16:54:36 INFO  cic.cs.unb.ca.ifm.Cmd    You select: E:\try.pcap
2023-11-14 16:54:36 INFO  cic.cs.unb.ca.ifm.Cmd    Out folder: .
2023-11-14 16:54:38 INFO  cic.cs.unb.ca.ifm.Cmd    CICFlowMeter received 1 pcap file
2023-11-14 16:54:39 DEBUG cic.cs.unb.ca.jnetpcap.FlowGenerator    FlagRST current has 6 flow
2023-11-14 16:54:39 DEBUG cic.cs.unb.ca.jnetpcap.FlowGenerator    FlagRST current has 6 flow
2023-11-14 16:54:39 DEBUG cic.cs.unb.ca.jnetpcap.FlowGenerator    FlagFIN current has 13 flow
2023-11-14 16:54:39 INFO  cic.cs.unb.ca.jnetpcap.FlowGenerator    Forward flow closed due to FIN Flag
2023-11-14 16:54:39 DEBUG cic.cs.unb.ca.jnetpcap.FlowGenerator    FlagFIN current has 13 flow
2023-11-14 16:54:39 INFO  cic.cs.unb.ca.jnetpcap.FlowGenerator    Forward flow closed due to FIN Flag
2023-11-14 16:54:39 DEBUG cic.cs.unb.ca.jnetpcap.FlowGenerator    FlagFIN current has 17 flow
2023-11-14 16:54:39 INFO  cic.cs.unb.ca.jnetpcap.FlowGenerator    Forward flow closed due to FIN Flag
2023-11-14 16:54:39 DEBUG cic.cs.unb.ca.jnetpcap.FlowGenerator    FlagFIN current has 17 flow
2023-11-14 16:54:39 INFO  cic.cs.unb.ca.jnetpcap.FlowGenerator    Forward flow closed due to FIN Flag
2023-11-14 16:54:39 INFO  cic.cs.unb.ca.jnetpcap.FlowGenerator    Forward flow closed due to FIN Flag
2023-11-14 16:54:39 DEBUG cic.cs.unb.ca.jnetpcap.FlowGenerator    FlagFIN current has 18 flow
2023-11-14 16:54:39 INFO  cic.cs.unb.ca.jnetpcap.FlowGenerator    Forward flow closed due to FIN Flag
2023-11-14 16:54:39 DEBUG cic.cs.unb.ca.jnetpcap.FlowGenerator    FlagFIN current has 19 flow
2023-11-14 16:54:39 INFO  cic.cs.unb.ca.jnetpcap.FlowGenerator    Forward flow closed due to FIN Flag
2023-11-14 16:54:39 DEBUG cic.cs.unb.ca.jnetpcap.FlowGenerator    FlagFIN current has 19 flow
2023-11-14 16:54:39 INFO  cic.cs.unb.ca.jnetpcap.FlowGenerator    Forward flow closed due to FIN Flag
2023-11-14 16:54:39 DEBUG cic.cs.unb.ca.jnetpcap.FlowGenerator    FlagFIN current has 20 flow
2023-11-14 16:54:39 DEBUG cic.cs.unb.ca.jnetpcap.FlowGenerator    FlagFIN current has 24 flow
2023-11-14 16:54:39 INFO  cic.cs.unb.ca.jnetpcap.FlowGenerator    Forward flow closed due to FIN Flag
2023-11-14 16:54:39 INFO  cic.cs.unb.ca.jnetpcap.FlowGenerator    Forward flow closed due to FIN Flag
2023-11-14 16:54:39 DEBUG cic.cs.unb.ca.jnetpcap.FlowGenerator    FlagFIN current has 24 flow
2023-11-14 16:54:39 INFO  cic.cs.unb.ca.jnetpcap.FlowGenerator    Forward flow closed due to FIN Flag
2023-11-14 16:54:39 INFO  cic.cs.unb.ca.jnetpcap.FlowGenerator    Forward flow closed due to FIN Flag
2023-11-14 16:54:39 DEBUG cic.cs.unb.ca.jnetpcap.FlowGenerator    FlagFIN current has 26 flow
2023-11-14 16:54:39 DEBUG cic.cs.unb.ca.jnetpcap.FlowGenerator    FlagFIN current has 26 flow
2023-11-14 16:54:39 INFO  cic.cs.unb.ca.jnetpcap.FlowGenerator    Forward flow closed due to FIN Flag
2023-11-14 16:54:39 DEBUG cic.cs.unb.ca.jnetpcap.FlowGenerator    FlagFIN current has 31 flow
2023-11-14 16:54:39 INFO  cic.cs.unb.ca.jnetpcap.FlowGenerator    Forward flow closed due to FIN Flag
2023-11-14 16:54:39 DEBUG cic.cs.unb.ca.jnetpcap.FlowGenerator    FlagRST current has 32 flow
2023-11-14 16:54:39 DEBUG cic.cs.unb.ca.jnetpcap.FlowGenerator    FlagFIN current has 32 flow
2023-11-14 16:54:39 DEBUG cic.cs.unb.ca.jnetpcap.FlowGenerator    FlagFIN current has 32 flow
2023-11-14 16:54:39 INFO  cic.cs.unb.ca.jnetpcap.FlowGenerator    Forward flow closed due to FIN Flag
2023-11-14 16:54:39 INFO  cic.cs.unb.ca.jnetpcap.FlowGenerator    Forward flow closed due to FIN Flag
2023-11-14 16:54:39 DEBUG cic.cs.unb.ca.jnetpcap.PacketReader    Invalid [0,60,60) range.
JMemory: JMemory@220db765e1eclass org.jnetpcap.protocol.network.Ip4: size=20 bytes
JMemory: owner=nio.JMemoryPool$Block.class(size=32768/offset=23966)
********************************************************************************
0000:*ff ff ff ff  ff ff f0 9e  4a 6b 33 3e  08 06 00 01    ........Jk3>....
0010: 08 00 06 04  00 01 f0 9e  4a 6b 33 3e  c0 a8 03 6d    ........Jk3>...m
0020: 00 00 00 00  00 00 c0 a8  03 45                       .........E      


2023-11-14 16:54:39 INFO  cic.cs.unb.ca.jnetpcap.FlowGenerator    Forward flow closed due to FIN Flag
2023-11-14 16:54:39 DEBUG cic.cs.unb.ca.jnetpcap.FlowGenerator    FlagFIN current has 41 flow
2023-11-14 16:54:39 DEBUG cic.cs.unb.ca.jnetpcap.FlowGenerator    FlagFIN current has 41 flow
2023-11-14 16:54:39 INFO  cic.cs.unb.ca.jnetpcap.FlowGenerator    Forward flow closed due to FIN Flag
2023-11-14 16:54:39 INFO  cic.cs.unb.ca.jnetpcap.FlowGenerator    Forward flow closed due to FIN Flag
2023-11-14 16:54:39 DEBUG cic.cs.unb.ca.jnetpcap.FlowGenerator    FlagFIN current has 43 flow
2023-11-14 16:54:39 DEBUG cic.cs.unb.ca.jnetpcap.FlowGenerator    FlagFIN current has 43 flow
2023-11-14 16:54:39 INFO  cic.cs.unb.ca.jnetpcap.FlowGenerator    Forward flow closed due to FIN Flag
2023-11-14 16:54:39 DEBUG cic.cs.unb.ca.jnetpcap.FlowGenerator    FlagFIN current has 51 flow
2023-11-14 16:54:39 INFO  cic.cs.unb.ca.jnetpcap.FlowGenerator    Forward flow closed due to FIN Flag
2023-11-14 16:54:39 INFO  cic.cs.unb.ca.jnetpcap.FlowGenerator    Forward flow closed due to FIN Flag
2023-11-14 16:54:39 DEBUG cic.cs.unb.ca.jnetpcap.FlowGenerator    FlagFIN current has 51 flow
2023-11-14 16:54:39 INFO  cic.cs.unb.ca.jnetpcap.FlowGenerator    Forward flow closed due to FIN Flag
2023-11-14 16:54:39 DEBUG cic.cs.unb.ca.jnetpcap.FlowGenerator    FlagFIN current has 52 flow
2023-11-14 16:54:39 INFO  cic.cs.unb.ca.jnetpcap.FlowGenerator    Forward flow closed due to FIN Flag
2023-11-14 16:54:39 DEBUG cic.cs.unb.ca.jnetpcap.FlowGenerator    FlagRST current has 53 flow
2023-11-14 16:54:39 INFO  cic.cs.unb.ca.jnetpcap.FlowGenerator    Forward flow closed due to FIN Flag
2023-11-14 16:54:39 DEBUG cic.cs.unb.ca.jnetpcap.FlowGenerator    FlagFIN current has 53 flow
2023-11-14 16:54:39 INFO  cic.cs.unb.ca.jnetpcap.FlowGenerator    Forward flow closed due to FIN Flag
2023-11-14 16:54:39 DEBUG cic.cs.unb.ca.jnetpcap.FlowGenerator    FlagFIN current has 53 flow
2023-11-14 16:54:39 DEBUG cic.cs.unb.ca.jnetpcap.FlowGenerator    FlagFIN current has 57 flow
2023-11-14 16:54:39 INFO  cic.cs.unb.ca.jnetpcap.FlowGenerator    Forward flow closed due to FIN Flag
2023-11-14 16:54:39 DEBUG cic.cs.unb.ca.jnetpcap.FlowGenerator    FlagFIN current has 57 flow
2023-11-14 16:54:39 INFO  cic.cs.unb.ca.jnetpcap.FlowGenerator    Forward flow closed due to FIN Flag
2023-11-14 16:54:39 DEBUG cic.cs.unb.ca.jnetpcap.FlowGenerator    FlagFIN current has 58 flow
2023-11-14 16:54:39 INFO  cic.cs.unb.ca.jnetpcap.FlowGenerator    Forward flow closed due to FIN Flag
2023-11-14 16:54:39 DEBUG cic.cs.unb.ca.jnetpcap.FlowGenerator    FlagFIN current has 58 flow
2023-11-14 16:54:39 INFO  cic.cs.unb.ca.jnetpcap.FlowGenerator    Forward flow closed due to FIN Flag
2023-11-14 16:54:39 DEBUG cic.cs.unb.ca.jnetpcap.FlowGenerator    FlagFIN current has 61 flow
2023-11-14 16:54:39 INFO  cic.cs.unb.ca.jnetpcap.FlowGenerator    Forward flow closed due to FIN Flag
2023-11-14 16:54:39 DEBUG cic.cs.unb.ca.jnetpcap.FlowGenerator    FlagFIN current has 61 flow
2023-11-14 16:54:39 INFO  cic.cs.unb.ca.jnetpcap.FlowGenerator    Forward flow closed due to FIN Flag
2023-11-14 16:54:39 DEBUG cic.cs.unb.ca.jnetpcap.FlowGenerator    FlagFIN current has 64 flow
2023-11-14 16:54:39 INFO  cic.cs.unb.ca.jnetpcap.FlowGenerator    Forward flow closed due to FIN Flag
2023-11-14 16:54:39 DEBUG cic.cs.unb.ca.jnetpcap.FlowGenerator    FlagFIN current has 64 flow
2023-11-14 16:54:39 INFO  cic.cs.unb.ca.jnetpcap.FlowGenerator    Forward flow closed due to FIN Flag
2023-11-14 16:54:39 INFO  cic.cs.unb.ca.jnetpcap.FlowGenerator    Forward flow closed due to FIN Flag
2023-11-14 16:54:39 DEBUG cic.cs.unb.ca.jnetpcap.FlowGenerator    FlagFIN current has 64 flow
2023-11-14 16:54:39 DEBUG cic.cs.unb.ca.jnetpcap.PacketReader    Read All packets on E:\try.pcap
2023-11-14 17:49:31 INFO  cic.cs.unb.ca.ifm.Cmd    You select: E:\capture.pcap
2023-11-14 17:49:31 INFO  cic.cs.unb.ca.ifm.Cmd    Out folder: E:\
2023-11-14 17:49:33 INFO  cic.cs.unb.ca.ifm.Cmd    CICFlowMeter received 1 pcap file
2023-11-14 17:49:34 DEBUG cic.cs.unb.ca.jnetpcap.PacketReader    Read All packets on E:\capture.pcap
