2023-11-12 14:01:18 - Error while opening file for capture: E:\国创\2023-11-10\arp_l2tpv3.cap: No such file or directory
2023-11-12 14:08:45 - Error while opening file for capture: E:\国创\2023-11-10\try.pcap: No such file or directory
2023-11-12 14:14:38 - Error while opening file for capture: E:\国创\2023-11-10\try.pcap: No such file or directory
2023-11-12 14:15:41 - Error while opening file for capture: E:\国创\2023-11-10\try.pcap: No such file or directory
2023-11-12 14:18:41 - Error while opening file for capture: E:\国创\2023-11-10\try.pcap: No such file or directory
2023-11-12 14:21:01 - Error while opening file for capture: E:\国创\2023-11-10\try.pcap: No such file or directory
2023-11-12 14:22:06 - Error while opening file for capture: E:\国创\2023-11-10\try.pcap: No such file or directory
2023-11-12 14:23:35 - Error while opening file for capture: E:\国创\2023-11-10\try.pcap: No such file or directory
2023-11-12 14:25:23 - Error while opening file for capture: E:\国创\2023-11-10\try.pcap: No such file or directory
2023-11-12 14:28:51 - Error while opening file for capture: E:\国创\2023-11-10\try.pcap: No such file or directory
2023-11-12 14:30:14 - Error while opening file for capture: E:\国创\2023-11-10\try.pcap: No such file or directory
2023-11-12 14:33:23 - Error while opening file for capture: E:\国创\2023-11-10\try.pcap: No such file or directory
2023-11-12 14:35:38 - Error while opening file for capture: E:\国创\2023-11-10\try.pcap: No such file or directory
2023-11-12 14:36:27 - Error while opening file for capture: E:\国创\2023-11-10\try.pcap: No such file or directory
2023-11-12 14:41:54 - Error while opening file for capture: E:\国创\2023-11-10\try.pcap: No such file or directory
2023-11-12 14:44:26 - Error while opening file for capture: E:\国创\2023-11-10\try.pcap: No such file or directory
2023-11-12 14:45:30 - Error while opening file for capture: E:\国创\2023-11-10\try.pcap: No such file or directory
2023-11-12 14:49:47 - Error while opening file for capture: E:\国创\2023-11-10\try.pcap: No such file or directory
2023-11-12 14:50:35 - Forward flow closed due to FIN Flag
2023-11-12 14:50:35 - Forward flow closed due to FIN Flag
2023-11-12 14:50:35 - Forward flow closed due to FIN Flag
2023-11-12 14:50:35 - Forward flow closed due to FIN Flag
2023-11-12 14:50:35 - Forward flow closed due to FIN Flag
2023-11-12 14:50:35 - Forward flow closed due to FIN Flag
2023-11-12 14:50:35 - Forward flow closed due to FIN Flag
2023-11-12 14:50:35 - Forward flow closed due to FIN Flag
2023-11-12 14:50:35 - Forward flow closed due to FIN Flag
2023-11-12 14:50:35 - Forward flow closed due to FIN Flag
2023-11-12 14:50:35 - Forward flow closed due to FIN Flag
2023-11-12 14:50:35 - Forward flow closed due to FIN Flag
2023-11-12 14:50:35 - Forward flow closed due to FIN Flag
2023-11-12 14:50:35 - Forward flow closed due to FIN Flag
2023-11-12 14:50:35 - Forward flow closed due to FIN Flag
2023-11-12 14:50:35 - Forward flow closed due to FIN Flag
2023-11-12 14:50:35 - Forward flow closed due to FIN Flag
2023-11-12 14:50:35 - Forward flow closed due to FIN Flag
2023-11-12 14:50:35 - Forward flow closed due to FIN Flag
2023-11-12 14:50:35 - Forward flow closed due to FIN Flag
2023-11-12 14:50:35 - Forward flow closed due to FIN Flag
2023-11-12 14:50:35 - Forward flow closed due to FIN Flag
2023-11-12 14:50:35 - Forward flow closed due to FIN Flag
2023-11-12 14:50:35 - Forward flow closed due to FIN Flag
2023-11-12 14:50:35 - Forward flow closed due to FIN Flag
2023-11-12 14:50:35 - Forward flow closed due to FIN Flag
2023-11-12 14:50:35 - Forward flow closed due to FIN Flag
2023-11-12 14:50:35 - Forward flow closed due to FIN Flag
2023-11-12 14:50:35 - Forward flow closed due to FIN Flag
2023-11-12 14:50:35 - Forward flow closed due to FIN Flag
2023-11-12 14:50:35 - Forward flow closed due to FIN Flag
2023-11-12 14:50:35 - Forward flow closed due to FIN Flag
2023-11-12 14:50:35 - Forward flow closed due to FIN Flag
2023-11-12 14:50:35 - Forward flow closed due to FIN Flag
2023-11-12 14:50:35 - Forward flow closed due to FIN Flag
2023-11-12 15:17:22 - Forward flow closed due to FIN Flag
2023-11-12 15:17:22 - Forward flow closed due to FIN Flag
2023-11-12 15:17:22 - Forward flow closed due to FIN Flag
2023-11-12 15:17:22 - Forward flow closed due to FIN Flag
2023-11-12 15:17:22 - Forward flow closed due to FIN Flag
2023-11-12 15:17:22 - Forward flow closed due to FIN Flag
2023-11-12 15:17:22 - Forward flow closed due to FIN Flag
2023-11-12 15:17:22 - Forward flow closed due to FIN Flag
2023-11-12 15:17:22 - Forward flow closed due to FIN Flag
2023-11-12 15:17:22 - Forward flow closed due to FIN Flag
2023-11-12 15:17:22 - Forward flow closed due to FIN Flag
2023-11-12 15:17:22 - Forward flow closed due to FIN Flag
2023-11-12 15:17:22 - Forward flow closed due to FIN Flag
2023-11-12 15:17:22 - Forward flow closed due to FIN Flag
2023-11-12 15:17:22 - Forward flow closed due to FIN Flag
2023-11-12 15:17:22 - Forward flow closed due to FIN Flag
2023-11-12 15:17:22 - Forward flow closed due to FIN Flag
2023-11-12 15:17:22 - Forward flow closed due to FIN Flag
2023-11-12 15:17:22 - Forward flow closed due to FIN Flag
2023-11-12 15:17:22 - Forward flow closed due to FIN Flag
2023-11-12 15:17:22 - Forward flow closed due to FIN Flag
2023-11-12 15:17:22 - Forward flow closed due to FIN Flag
2023-11-12 15:17:22 - Forward flow closed due to FIN Flag
2023-11-12 15:17:22 - Forward flow closed due to FIN Flag
2023-11-12 15:17:22 - Forward flow closed due to FIN Flag
2023-11-12 15:17:22 - Forward flow closed due to FIN Flag
2023-11-12 15:17:22 - Forward flow closed due to FIN Flag
2023-11-12 15:17:22 - Forward flow closed due to FIN Flag
2023-11-12 15:17:22 - Forward flow closed due to FIN Flag
2023-11-12 15:17:22 - Forward flow closed due to FIN Flag
2023-11-12 15:17:22 - Forward flow closed due to FIN Flag
2023-11-12 15:17:22 - Forward flow closed due to FIN Flag
2023-11-12 15:17:22 - Forward flow closed due to FIN Flag
2023-11-12 15:17:22 - Forward flow closed due to FIN Flag
2023-11-12 15:17:22 - Forward flow closed due to FIN Flag
2023-11-13 09:47:59 - Forward flow closed due to FIN Flag
2023-11-13 09:47:59 - Forward flow closed due to FIN Flag
2023-11-13 09:47:59 - Forward flow closed due to FIN Flag
2023-11-13 09:47:59 - Forward flow closed due to FIN Flag
2023-11-13 09:47:59 - Forward flow closed due to FIN Flag
2023-11-13 09:47:59 - Forward flow closed due to FIN Flag
2023-11-13 09:47:59 - Forward flow closed due to FIN Flag
2023-11-13 09:47:59 - Forward flow closed due to FIN Flag
2023-11-13 09:47:59 - Forward flow closed due to FIN Flag
2023-11-13 09:47:59 - Forward flow closed due to FIN Flag
2023-11-13 09:47:59 - Forward flow closed due to FIN Flag
2023-11-13 09:47:59 - Forward flow closed due to FIN Flag
2023-11-13 09:47:59 - Forward flow closed due to FIN Flag
2023-11-13 09:47:59 - Forward flow closed due to FIN Flag
2023-11-13 09:47:59 - Forward flow closed due to FIN Flag
2023-11-13 09:47:59 - Forward flow closed due to FIN Flag
2023-11-13 09:47:59 - Forward flow closed due to FIN Flag
2023-11-13 09:47:59 - Forward flow closed due to FIN Flag
2023-11-13 09:47:59 - Forward flow closed due to FIN Flag
2023-11-13 09:47:59 - Forward flow closed due to FIN Flag
2023-11-13 09:47:59 - Forward flow closed due to FIN Flag
2023-11-13 09:47:59 - Forward flow closed due to FIN Flag
2023-11-13 09:47:59 - Forward flow closed due to FIN Flag
2023-11-13 09:47:59 - Forward flow closed due to FIN Flag
2023-11-13 09:47:59 - Forward flow closed due to FIN Flag
2023-11-13 09:47:59 - Forward flow closed due to FIN Flag
2023-11-13 09:47:59 - Forward flow closed due to FIN Flag
2023-11-13 09:47:59 - Forward flow closed due to FIN Flag
2023-11-13 09:47:59 - Forward flow closed due to FIN Flag
2023-11-13 09:47:59 - Forward flow closed due to FIN Flag
2023-11-13 09:47:59 - Forward flow closed due to FIN Flag
2023-11-13 09:47:59 - Forward flow closed due to FIN Flag
2023-11-13 09:47:59 - Forward flow closed due to FIN Flag
2023-11-13 09:47:59 - Forward flow closed due to FIN Flag
2023-11-13 09:47:59 - Forward flow closed due to FIN Flag
2023-11-13 10:26:04 - Forward flow closed due to FIN Flag
2023-11-13 10:26:04 - Forward flow closed due to FIN Flag
2023-11-13 10:26:04 - Forward flow closed due to FIN Flag
2023-11-13 10:26:04 - Forward flow closed due to FIN Flag
2023-11-13 10:26:04 - Forward flow closed due to FIN Flag
2023-11-13 10:26:04 - Forward flow closed due to FIN Flag
2023-11-13 10:26:04 - Forward flow closed due to FIN Flag
2023-11-13 10:26:04 - Forward flow closed due to FIN Flag
2023-11-13 10:26:04 - Forward flow closed due to FIN Flag
2023-11-13 10:26:04 - Forward flow closed due to FIN Flag
2023-11-13 10:26:04 - Forward flow closed due to FIN Flag
2023-11-13 10:26:04 - Forward flow closed due to FIN Flag
2023-11-13 10:26:04 - Forward flow closed due to FIN Flag
2023-11-13 10:26:04 - Forward flow closed due to FIN Flag
2023-11-13 10:26:04 - Forward flow closed due to FIN Flag
2023-11-13 10:26:04 - Forward flow closed due to FIN Flag
2023-11-13 10:26:04 - Forward flow closed due to FIN Flag
2023-11-13 10:26:04 - Forward flow closed due to FIN Flag
2023-11-13 10:26:04 - Forward flow closed due to FIN Flag
2023-11-13 10:26:04 - Forward flow closed due to FIN Flag
2023-11-13 10:26:04 - Forward flow closed due to FIN Flag
2023-11-13 10:26:04 - Forward flow closed due to FIN Flag
2023-11-13 10:26:04 - Forward flow closed due to FIN Flag
2023-11-13 10:26:04 - Forward flow closed due to FIN Flag
2023-11-13 10:26:04 - Forward flow closed due to FIN Flag
2023-11-13 10:26:04 - Forward flow closed due to FIN Flag
2023-11-13 10:26:04 - Forward flow closed due to FIN Flag
2023-11-13 10:26:04 - Forward flow closed due to FIN Flag
2023-11-13 10:26:04 - Forward flow closed due to FIN Flag
2023-11-13 10:26:04 - Forward flow closed due to FIN Flag
2023-11-13 10:26:04 - Forward flow closed due to FIN Flag
2023-11-13 10:26:04 - Forward flow closed due to FIN Flag
2023-11-13 10:26:04 - Forward flow closed due to FIN Flag
2023-11-13 10:26:04 - Forward flow closed due to FIN Flag
2023-11-13 10:26:04 - Forward flow closed due to FIN Flag
2023-11-13 10:38:14 - You select: E:\try.pcap
2023-11-13 10:38:14 - Out folder: E:\
2023-11-13 10:38:16 - CICFlowMeter received 1 pcap file
2023-11-13 10:38:17 - Forward flow closed due to FIN Flag
2023-11-13 10:38:17 - Forward flow closed due to FIN Flag
2023-11-13 10:38:17 - Forward flow closed due to FIN Flag
2023-11-13 10:38:17 - Forward flow closed due to FIN Flag
2023-11-13 10:38:17 - Forward flow closed due to FIN Flag
2023-11-13 10:38:17 - Forward flow closed due to FIN Flag
2023-11-13 10:38:17 - Forward flow closed due to FIN Flag
2023-11-13 10:38:17 - Forward flow closed due to FIN Flag
2023-11-13 10:38:17 - Forward flow closed due to FIN Flag
2023-11-13 10:38:17 - Forward flow closed due to FIN Flag
2023-11-13 10:38:17 - Forward flow closed due to FIN Flag
2023-11-13 10:38:17 - Forward flow closed due to FIN Flag
2023-11-13 10:38:17 - Forward flow closed due to FIN Flag
2023-11-13 10:38:17 - Forward flow closed due to FIN Flag
2023-11-13 10:38:17 - Forward flow closed due to FIN Flag
2023-11-13 10:38:17 - Forward flow closed due to FIN Flag
2023-11-13 10:38:17 - Forward flow closed due to FIN Flag
2023-11-13 10:38:17 - Forward flow closed due to FIN Flag
2023-11-13 10:38:17 - Forward flow closed due to FIN Flag
2023-11-13 10:38:17 - Forward flow closed due to FIN Flag
2023-11-13 10:38:17 - Forward flow closed due to FIN Flag
2023-11-13 10:38:17 - Forward flow closed due to FIN Flag
2023-11-13 10:38:17 - Forward flow closed due to FIN Flag
2023-11-13 10:38:17 - Forward flow closed due to FIN Flag
2023-11-13 10:38:17 - Forward flow closed due to FIN Flag
2023-11-13 10:38:17 - Forward flow closed due to FIN Flag
2023-11-13 10:38:17 - Forward flow closed due to FIN Flag
2023-11-13 10:38:17 - Forward flow closed due to FIN Flag
2023-11-13 10:38:17 - Forward flow closed due to FIN Flag
2023-11-13 10:38:17 - Forward flow closed due to FIN Flag
2023-11-13 10:38:17 - Forward flow closed due to FIN Flag
2023-11-13 10:38:17 - Forward flow closed due to FIN Flag
2023-11-13 10:38:17 - Forward flow closed due to FIN Flag
2023-11-13 10:38:17 - Forward flow closed due to FIN Flag
2023-11-13 10:38:17 - Forward flow closed due to FIN Flag
2023-11-13 10:44:58 - You select: D:\try.pcap
2023-11-13 10:44:58 - Out folder: D:\
2023-11-13 10:45:00 - CICFlowMeter received 1 pcap file
2023-11-13 10:45:01 - Forward flow closed due to FIN Flag
2023-11-13 10:45:01 - Forward flow closed due to FIN Flag
2023-11-13 10:45:01 - Forward flow closed due to FIN Flag
2023-11-13 10:45:01 - Forward flow closed due to FIN Flag
2023-11-13 10:45:01 - Forward flow closed due to FIN Flag
2023-11-13 10:45:01 - Forward flow closed due to FIN Flag
2023-11-13 10:45:01 - Forward flow closed due to FIN Flag
2023-11-13 10:45:01 - Forward flow closed due to FIN Flag
2023-11-13 10:45:01 - Forward flow closed due to FIN Flag
2023-11-13 10:45:01 - Forward flow closed due to FIN Flag
2023-11-13 10:45:01 - Forward flow closed due to FIN Flag
2023-11-13 10:45:01 - Forward flow closed due to FIN Flag
2023-11-13 10:45:01 - Forward flow closed due to FIN Flag
2023-11-13 10:45:01 - Forward flow closed due to FIN Flag
2023-11-13 10:45:01 - Forward flow closed due to FIN Flag
2023-11-13 10:45:01 - Forward flow closed due to FIN Flag
2023-11-13 10:45:01 - Forward flow closed due to FIN Flag
2023-11-13 10:45:01 - Forward flow closed due to FIN Flag
2023-11-13 10:45:01 - Forward flow closed due to FIN Flag
2023-11-13 10:45:01 - Forward flow closed due to FIN Flag
2023-11-13 10:45:01 - Forward flow closed due to FIN Flag
2023-11-13 10:45:01 - Forward flow closed due to FIN Flag
2023-11-13 10:45:01 - Forward flow closed due to FIN Flag
2023-11-13 10:45:01 - Forward flow closed due to FIN Flag
2023-11-13 10:45:01 - Forward flow closed due to FIN Flag
2023-11-13 10:45:01 - Forward flow closed due to FIN Flag
2023-11-13 10:45:01 - Forward flow closed due to FIN Flag
2023-11-13 10:45:01 - Forward flow closed due to FIN Flag
2023-11-13 10:45:01 - Forward flow closed due to FIN Flag
2023-11-13 10:45:01 - Forward flow closed due to FIN Flag
2023-11-13 10:45:01 - Forward flow closed due to FIN Flag
2023-11-13 10:45:01 - Forward flow closed due to FIN Flag
2023-11-13 10:45:01 - Forward flow closed due to FIN Flag
2023-11-13 10:45:01 - Forward flow closed due to FIN Flag
2023-11-13 10:45:01 - Forward flow closed due to FIN Flag
2023-11-13 10:47:06 - You select: D:\try.pcap
2023-11-13 10:47:06 - Out folder: D:\
2023-11-13 10:47:08 - CICFlowMeter received 1 pcap file
2023-11-13 10:47:08 - Forward flow closed due to FIN Flag
2023-11-13 10:47:08 - Forward flow closed due to FIN Flag
2023-11-13 10:47:08 - Forward flow closed due to FIN Flag
2023-11-13 10:47:08 - Forward flow closed due to FIN Flag
2023-11-13 10:47:08 - Forward flow closed due to FIN Flag
2023-11-13 10:47:08 - Forward flow closed due to FIN Flag
2023-11-13 10:47:08 - Forward flow closed due to FIN Flag
2023-11-13 10:47:08 - Forward flow closed due to FIN Flag
2023-11-13 10:47:08 - Forward flow closed due to FIN Flag
2023-11-13 10:47:08 - Forward flow closed due to FIN Flag
2023-11-13 10:47:08 - Forward flow closed due to FIN Flag
2023-11-13 10:47:08 - Forward flow closed due to FIN Flag
2023-11-13 10:47:08 - Forward flow closed due to FIN Flag
2023-11-13 10:47:08 - Forward flow closed due to FIN Flag
2023-11-13 10:47:08 - Forward flow closed due to FIN Flag
2023-11-13 10:47:08 - Forward flow closed due to FIN Flag
2023-11-13 10:47:08 - Forward flow closed due to FIN Flag
2023-11-13 10:47:08 - Forward flow closed due to FIN Flag
2023-11-13 10:47:08 - Forward flow closed due to FIN Flag
2023-11-13 10:47:08 - Forward flow closed due to FIN Flag
2023-11-13 10:47:08 - Forward flow closed due to FIN Flag
2023-11-13 10:47:08 - Forward flow closed due to FIN Flag
2023-11-13 10:47:08 - Forward flow closed due to FIN Flag
2023-11-13 10:47:08 - Forward flow closed due to FIN Flag
2023-11-13 10:47:08 - Forward flow closed due to FIN Flag
2023-11-13 10:47:08 - Forward flow closed due to FIN Flag
2023-11-13 10:47:08 - Forward flow closed due to FIN Flag
2023-11-13 10:47:08 - Forward flow closed due to FIN Flag
2023-11-13 10:47:08 - Forward flow closed due to FIN Flag
2023-11-13 10:47:08 - Forward flow closed due to FIN Flag
2023-11-13 10:47:08 - Forward flow closed due to FIN Flag
2023-11-13 10:47:08 - Forward flow closed due to FIN Flag
2023-11-13 10:47:08 - Forward flow closed due to FIN Flag
2023-11-13 10:47:08 - Forward flow closed due to FIN Flag
2023-11-13 10:47:08 - Forward flow closed due to FIN Flag
2023-11-13 10:47:44 - You select: try.pcap
2023-11-13 10:47:44 - Out folder: .
2023-11-13 10:47:46 - CICFlowMeter received 1 pcap file
2023-11-13 10:47:47 - Forward flow closed due to FIN Flag
2023-11-13 10:47:47 - Forward flow closed due to FIN Flag
2023-11-13 10:47:47 - Forward flow closed due to FIN Flag
2023-11-13 10:47:47 - Forward flow closed due to FIN Flag
2023-11-13 10:47:47 - Forward flow closed due to FIN Flag
2023-11-13 10:47:47 - Forward flow closed due to FIN Flag
2023-11-13 10:47:47 - Forward flow closed due to FIN Flag
2023-11-13 10:47:47 - Forward flow closed due to FIN Flag
2023-11-13 10:47:47 - Forward flow closed due to FIN Flag
2023-11-13 10:47:47 - Forward flow closed due to FIN Flag
2023-11-13 10:47:47 - Forward flow closed due to FIN Flag
2023-11-13 10:47:47 - Forward flow closed due to FIN Flag
2023-11-13 10:47:47 - Forward flow closed due to FIN Flag
2023-11-13 10:47:47 - Forward flow closed due to FIN Flag
2023-11-13 10:47:47 - Forward flow closed due to FIN Flag
2023-11-13 10:47:47 - Forward flow closed due to FIN Flag
2023-11-13 10:47:47 - Forward flow closed due to FIN Flag
2023-11-13 10:47:47 - Forward flow closed due to FIN Flag
2023-11-13 10:47:47 - Forward flow closed due to FIN Flag
2023-11-13 10:47:47 - Forward flow closed due to FIN Flag
2023-11-13 10:47:47 - Forward flow closed due to FIN Flag
2023-11-13 10:47:47 - Forward flow closed due to FIN Flag
2023-11-13 10:47:47 - Forward flow closed due to FIN Flag
2023-11-13 10:47:47 - Forward flow closed due to FIN Flag
2023-11-13 10:47:47 - Forward flow closed due to FIN Flag
2023-11-13 10:47:47 - Forward flow closed due to FIN Flag
2023-11-13 10:47:47 - Forward flow closed due to FIN Flag
2023-11-13 10:47:47 - Forward flow closed due to FIN Flag
2023-11-13 10:47:47 - Forward flow closed due to FIN Flag
2023-11-13 10:47:47 - Forward flow closed due to FIN Flag
2023-11-13 10:47:47 - Forward flow closed due to FIN Flag
2023-11-13 10:47:47 - Forward flow closed due to FIN Flag
2023-11-13 10:47:47 - Forward flow closed due to FIN Flag
2023-11-13 10:47:47 - Forward flow closed due to FIN Flag
2023-11-13 10:47:47 - Forward flow closed due to FIN Flag
2023-11-14 16:54:36 - You select: E:\try.pcap
2023-11-14 16:54:36 - Out folder: .
2023-11-14 16:54:38 - CICFlowMeter received 1 pcap file
2023-11-14 16:54:39 - Forward flow closed due to FIN Flag
2023-11-14 16:54:39 - Forward flow closed due to FIN Flag
2023-11-14 16:54:39 - Forward flow closed due to FIN Flag
2023-11-14 16:54:39 - Forward flow closed due to FIN Flag
2023-11-14 16:54:39 - Forward flow closed due to FIN Flag
2023-11-14 16:54:39 - Forward flow closed due to FIN Flag
2023-11-14 16:54:39 - Forward flow closed due to FIN Flag
2023-11-14 16:54:39 - Forward flow closed due to FIN Flag
2023-11-14 16:54:39 - Forward flow closed due to FIN Flag
2023-11-14 16:54:39 - Forward flow closed due to FIN Flag
2023-11-14 16:54:39 - Forward flow closed due to FIN Flag
2023-11-14 16:54:39 - Forward flow closed due to FIN Flag
2023-11-14 16:54:39 - Forward flow closed due to FIN Flag
2023-11-14 16:54:39 - Forward flow closed due to FIN Flag
2023-11-14 16:54:39 - Forward flow closed due to FIN Flag
2023-11-14 16:54:39 - Forward flow closed due to FIN Flag
2023-11-14 16:54:39 - Forward flow closed due to FIN Flag
2023-11-14 16:54:39 - Forward flow closed due to FIN Flag
2023-11-14 16:54:39 - Forward flow closed due to FIN Flag
2023-11-14 16:54:39 - Forward flow closed due to FIN Flag
2023-11-14 16:54:39 - Forward flow closed due to FIN Flag
2023-11-14 16:54:39 - Forward flow closed due to FIN Flag
2023-11-14 16:54:39 - Forward flow closed due to FIN Flag
2023-11-14 16:54:39 - Forward flow closed due to FIN Flag
2023-11-14 16:54:39 - Forward flow closed due to FIN Flag
2023-11-14 16:54:39 - Forward flow closed due to FIN Flag
2023-11-14 16:54:39 - Forward flow closed due to FIN Flag
2023-11-14 16:54:39 - Forward flow closed due to FIN Flag
2023-11-14 16:54:39 - Forward flow closed due to FIN Flag
2023-11-14 16:54:39 - Forward flow closed due to FIN Flag
2023-11-14 16:54:39 - Forward flow closed due to FIN Flag
2023-11-14 16:54:39 - Forward flow closed due to FIN Flag
2023-11-14 16:54:39 - Forward flow closed due to FIN Flag
2023-11-14 16:54:39 - Forward flow closed due to FIN Flag
2023-11-14 16:54:39 - Forward flow closed due to FIN Flag
2023-11-14 17:49:31 - You select: E:\capture.pcap
2023-11-14 17:49:31 - Out folder: E:\
2023-11-14 17:49:33 - CICFlowMeter received 1 pcap file
2023-11-15 13:11:00 - You select: E:\try.pcap
2023-11-15 13:11:00 - Out folder: E:\
2023-11-15 13:11:01 - CICFlowMeter received 1 pcap file
2023-11-15 13:11:02 - Forward flow closed due to FIN Flag
2023-11-15 13:11:02 - Forward flow closed due to FIN Flag
2023-11-15 13:11:02 - Forward flow closed due to FIN Flag
2023-11-15 13:11:02 - Forward flow closed due to FIN Flag
2023-11-15 13:11:02 - Forward flow closed due to FIN Flag
2023-11-15 13:11:02 - Forward flow closed due to FIN Flag
2023-11-15 13:11:02 - Forward flow closed due to FIN Flag
2023-11-15 13:11:02 - Forward flow closed due to FIN Flag
2023-11-15 13:11:02 - Forward flow closed due to FIN Flag
2023-11-15 13:11:02 - Forward flow closed due to FIN Flag
2023-11-15 13:11:02 - Forward flow closed due to FIN Flag
2023-11-15 13:11:02 - Forward flow closed due to FIN Flag
2023-11-15 13:11:02 - Forward flow closed due to FIN Flag
2023-11-15 13:11:02 - Forward flow closed due to FIN Flag
2023-11-15 13:11:02 - Forward flow closed due to FIN Flag
2023-11-15 13:11:02 - Forward flow closed due to FIN Flag
2023-11-15 13:11:02 - Forward flow closed due to FIN Flag
2023-11-15 13:11:02 - Forward flow closed due to FIN Flag
2023-11-15 13:11:02 - Forward flow closed due to FIN Flag
2023-11-15 13:11:02 - Forward flow closed due to FIN Flag
2023-11-15 13:11:02 - Forward flow closed due to FIN Flag
2023-11-15 13:11:02 - Forward flow closed due to FIN Flag
2023-11-15 13:11:02 - Forward flow closed due to FIN Flag
2023-11-15 13:11:02 - Forward flow closed due to FIN Flag
2023-11-15 13:11:02 - Forward flow closed due to FIN Flag
2023-11-15 13:11:02 - Forward flow closed due to FIN Flag
2023-11-15 13:11:02 - Forward flow closed due to FIN Flag
2023-11-15 13:11:02 - Forward flow closed due to FIN Flag
2023-11-15 13:11:02 - Forward flow closed due to FIN Flag
2023-11-15 13:11:02 - Forward flow closed due to FIN Flag
2023-11-15 13:11:02 - Forward flow closed due to FIN Flag
2023-11-15 13:11:02 - Forward flow closed due to FIN Flag
2023-11-15 13:11:02 - Forward flow closed due to FIN Flag
2023-11-15 13:11:02 - Forward flow closed due to FIN Flag
2023-11-15 13:11:02 - Forward flow closed due to FIN Flag
2023-11-17 12:13:30 - You select: E:\try.pcap
2023-11-17 12:13:30 - Out folder: E:\
2023-11-17 12:13:32 - CICFlowMeter received 1 pcap file
2023-11-17 12:13:33 - Forward flow closed due to FIN Flag
2023-11-17 12:13:33 - Forward flow closed due to FIN Flag
2023-11-17 12:13:33 - Forward flow closed due to FIN Flag
2023-11-17 12:13:33 - Forward flow closed due to FIN Flag
2023-11-17 12:13:33 - Forward flow closed due to FIN Flag
2023-11-17 12:13:33 - Forward flow closed due to FIN Flag
2023-11-17 12:13:33 - Forward flow closed due to FIN Flag
2023-11-17 12:13:33 - Forward flow closed due to FIN Flag
2023-11-17 12:13:33 - Forward flow closed due to FIN Flag
2023-11-17 12:13:33 - Forward flow closed due to FIN Flag
2023-11-17 12:13:33 - Forward flow closed due to FIN Flag
2023-11-17 12:13:33 - Forward flow closed due to FIN Flag
2023-11-17 12:13:33 - Forward flow closed due to FIN Flag
2023-11-17 12:13:33 - Forward flow closed due to FIN Flag
2023-11-17 12:13:33 - Forward flow closed due to FIN Flag
2023-11-17 12:13:33 - Forward flow closed due to FIN Flag
2023-11-17 12:13:33 - Forward flow closed due to FIN Flag
2023-11-17 12:13:33 - Forward flow closed due to FIN Flag
2023-11-17 12:13:33 - Forward flow closed due to FIN Flag
2023-11-17 12:13:33 - Forward flow closed due to FIN Flag
2023-11-17 12:13:33 - Forward flow closed due to FIN Flag
2023-11-17 12:13:33 - Forward flow closed due to FIN Flag
2023-11-17 12:13:33 - Forward flow closed due to FIN Flag
2023-11-17 12:13:33 - Forward flow closed due to FIN Flag
2023-11-17 12:13:33 - Forward flow closed due to FIN Flag
2023-11-17 12:13:33 - Forward flow closed due to FIN Flag
2023-11-17 12:13:33 - Forward flow closed due to FIN Flag
2023-11-17 12:13:33 - Forward flow closed due to FIN Flag
2023-11-17 12:13:33 - Forward flow closed due to FIN Flag
2023-11-17 12:13:33 - Forward flow closed due to FIN Flag
2023-11-17 12:13:33 - Forward flow closed due to FIN Flag
2023-11-17 12:13:33 - Forward flow closed due to FIN Flag
2023-11-17 12:13:33 - Forward flow closed due to FIN Flag
2023-11-17 12:13:33 - Forward flow closed due to FIN Flag
2023-11-17 12:13:33 - Forward flow closed due to FIN Flag
2023-11-17 12:14:27 - You select: E:\try.pcap
2023-11-17 12:14:27 - Out folder: E:\
2023-11-17 12:14:29 - CICFlowMeter received 1 pcap file
2023-11-17 12:14:30 - Forward flow closed due to FIN Flag
2023-11-17 12:14:30 - Forward flow closed due to FIN Flag
2023-11-17 12:14:30 - Forward flow closed due to FIN Flag
2023-11-17 12:14:30 - Forward flow closed due to FIN Flag
2023-11-17 12:14:30 - Forward flow closed due to FIN Flag
2023-11-17 12:14:30 - Forward flow closed due to FIN Flag
2023-11-17 12:14:30 - Forward flow closed due to FIN Flag
2023-11-17 12:14:30 - Forward flow closed due to FIN Flag
2023-11-17 12:14:30 - Forward flow closed due to FIN Flag
2023-11-17 12:14:30 - Forward flow closed due to FIN Flag
2023-11-17 12:14:30 - Forward flow closed due to FIN Flag
2023-11-17 12:14:30 - Forward flow closed due to FIN Flag
2023-11-17 12:14:30 - Forward flow closed due to FIN Flag
2023-11-17 12:14:30 - Forward flow closed due to FIN Flag
2023-11-17 12:14:30 - Forward flow closed due to FIN Flag
2023-11-17 12:14:30 - Forward flow closed due to FIN Flag
2023-11-17 12:14:30 - Forward flow closed due to FIN Flag
2023-11-17 12:14:30 - Forward flow closed due to FIN Flag
2023-11-17 12:14:30 - Forward flow closed due to FIN Flag
2023-11-17 12:14:30 - Forward flow closed due to FIN Flag
2023-11-17 12:14:30 - Forward flow closed due to FIN Flag
2023-11-17 12:14:30 - Forward flow closed due to FIN Flag
2023-11-17 12:14:30 - Forward flow closed due to FIN Flag
2023-11-17 12:14:30 - Forward flow closed due to FIN Flag
2023-11-17 12:14:30 - Forward flow closed due to FIN Flag
2023-11-17 12:14:30 - Forward flow closed due to FIN Flag
2023-11-17 12:14:30 - Forward flow closed due to FIN Flag
2023-11-17 12:14:30 - Forward flow closed due to FIN Flag
2023-11-17 12:14:30 - Forward flow closed due to FIN Flag
2023-11-17 12:14:30 - Forward flow closed due to FIN Flag
2023-11-17 12:14:30 - Forward flow closed due to FIN Flag
2023-11-17 12:14:30 - Forward flow closed due to FIN Flag
2023-11-17 12:14:30 - Forward flow closed due to FIN Flag
2023-11-17 12:14:30 - Forward flow closed due to FIN Flag
2023-11-17 12:14:30 - Forward flow closed due to FIN Flag
2023-11-17 12:16:21 - You select: E:\try.pcap
2023-11-17 12:16:21 - Out folder: E:\
2023-11-17 12:16:23 - CICFlowMeter received 1 pcap file
2023-11-17 12:16:24 - Forward flow closed due to FIN Flag
2023-11-17 12:16:24 - Forward flow closed due to FIN Flag
2023-11-17 12:16:24 - Forward flow closed due to FIN Flag
2023-11-17 12:16:24 - Forward flow closed due to FIN Flag
2023-11-17 12:16:24 - Forward flow closed due to FIN Flag
2023-11-17 12:16:24 - Forward flow closed due to FIN Flag
2023-11-17 12:16:24 - Forward flow closed due to FIN Flag
2023-11-17 12:16:24 - Forward flow closed due to FIN Flag
2023-11-17 12:16:24 - Forward flow closed due to FIN Flag
2023-11-17 12:16:24 - Forward flow closed due to FIN Flag
2023-11-17 12:16:24 - Forward flow closed due to FIN Flag
2023-11-17 12:16:24 - Forward flow closed due to FIN Flag
2023-11-17 12:16:24 - Forward flow closed due to FIN Flag
2023-11-17 12:16:24 - Forward flow closed due to FIN Flag
2023-11-17 12:16:24 - Forward flow closed due to FIN Flag
2023-11-17 12:16:24 - Forward flow closed due to FIN Flag
2023-11-17 12:16:24 - Forward flow closed due to FIN Flag
2023-11-17 12:16:24 - Forward flow closed due to FIN Flag
2023-11-17 12:16:24 - Forward flow closed due to FIN Flag
2023-11-17 12:16:24 - Forward flow closed due to FIN Flag
2023-11-17 12:16:24 - Forward flow closed due to FIN Flag
2023-11-17 12:16:24 - Forward flow closed due to FIN Flag
2023-11-17 12:16:24 - Forward flow closed due to FIN Flag
2023-11-17 12:16:24 - Forward flow closed due to FIN Flag
2023-11-17 12:16:24 - Forward flow closed due to FIN Flag
2023-11-17 12:16:24 - Forward flow closed due to FIN Flag
2023-11-17 12:16:24 - Forward flow closed due to FIN Flag
2023-11-17 12:16:24 - Forward flow closed due to FIN Flag
2023-11-17 12:16:24 - Forward flow closed due to FIN Flag
2023-11-17 12:16:24 - Forward flow closed due to FIN Flag
2023-11-17 12:16:24 - Forward flow closed due to FIN Flag
2023-11-17 12:16:24 - Forward flow closed due to FIN Flag
2023-11-17 12:16:24 - Forward flow closed due to FIN Flag
2023-11-17 12:16:24 - Forward flow closed due to FIN Flag
2023-11-17 12:16:24 - Forward flow closed due to FIN Flag
2023-11-17 12:45:34 - You select: E:\try.pcap
2023-11-17 12:45:34 - Out folder: E:\
2023-11-17 12:45:36 - CICFlowMeter received 1 pcap file
2023-11-17 12:45:37 - Forward flow closed due to FIN Flag
2023-11-17 12:45:37 - Forward flow closed due to FIN Flag
2023-11-17 12:45:37 - Forward flow closed due to FIN Flag
2023-11-17 12:45:37 - Forward flow closed due to FIN Flag
2023-11-17 12:45:37 - Forward flow closed due to FIN Flag
2023-11-17 12:45:37 - Forward flow closed due to FIN Flag
2023-11-17 12:45:37 - Forward flow closed due to FIN Flag
2023-11-17 12:45:37 - Forward flow closed due to FIN Flag
2023-11-17 12:45:37 - Forward flow closed due to FIN Flag
2023-11-17 12:45:37 - Forward flow closed due to FIN Flag
2023-11-17 12:45:37 - Forward flow closed due to FIN Flag
2023-11-17 12:45:37 - Forward flow closed due to FIN Flag
2023-11-17 12:45:37 - Forward flow closed due to FIN Flag
2023-11-17 12:45:37 - Forward flow closed due to FIN Flag
2023-11-17 12:45:37 - Forward flow closed due to FIN Flag
2023-11-17 12:45:37 - Forward flow closed due to FIN Flag
2023-11-17 12:45:37 - Forward flow closed due to FIN Flag
2023-11-17 12:45:37 - Forward flow closed due to FIN Flag
2023-11-17 12:45:37 - Forward flow closed due to FIN Flag
2023-11-17 12:45:37 - Forward flow closed due to FIN Flag
2023-11-17 12:45:37 - Forward flow closed due to FIN Flag
2023-11-17 12:45:37 - Forward flow closed due to FIN Flag
2023-11-17 12:45:37 - Forward flow closed due to FIN Flag
2023-11-17 12:45:37 - Forward flow closed due to FIN Flag
2023-11-17 12:45:37 - Forward flow closed due to FIN Flag
2023-11-17 12:45:37 - Forward flow closed due to FIN Flag
2023-11-17 12:45:37 - Forward flow closed due to FIN Flag
2023-11-17 12:45:37 - Forward flow closed due to FIN Flag
2023-11-17 12:45:37 - Forward flow closed due to FIN Flag
2023-11-17 12:45:37 - Forward flow closed due to FIN Flag
2023-11-17 12:45:37 - Forward flow closed due to FIN Flag
2023-11-17 12:45:37 - Forward flow closed due to FIN Flag
2023-11-17 12:45:37 - Forward flow closed due to FIN Flag
2023-11-17 12:45:37 - Forward flow closed due to FIN Flag
2023-11-17 12:45:37 - Forward flow closed due to FIN Flag
2023-11-17 12:46:30 - You select: E:\try.pcap
2023-11-17 12:46:30 - Out folder: E:\
2023-11-17 12:46:31 - CICFlowMeter received 1 pcap file
2023-11-17 12:46:32 - Forward flow closed due to FIN Flag
2023-11-17 12:46:32 - Forward flow closed due to FIN Flag
2023-11-17 12:46:32 - Forward flow closed due to FIN Flag
2023-11-17 12:46:32 - Forward flow closed due to FIN Flag
2023-11-17 12:46:32 - Forward flow closed due to FIN Flag
2023-11-17 12:46:32 - Forward flow closed due to FIN Flag
2023-11-17 12:46:32 - Forward flow closed due to FIN Flag
2023-11-17 12:46:32 - Forward flow closed due to FIN Flag
2023-11-17 12:46:32 - Forward flow closed due to FIN Flag
2023-11-17 12:46:32 - Forward flow closed due to FIN Flag
2023-11-17 12:46:32 - Forward flow closed due to FIN Flag
2023-11-17 12:46:32 - Forward flow closed due to FIN Flag
2023-11-17 12:46:32 - Forward flow closed due to FIN Flag
2023-11-17 12:46:32 - Forward flow closed due to FIN Flag
2023-11-17 12:46:32 - Forward flow closed due to FIN Flag
2023-11-17 12:46:32 - Forward flow closed due to FIN Flag
2023-11-17 12:46:32 - Forward flow closed due to FIN Flag
2023-11-17 12:46:32 - Forward flow closed due to FIN Flag
2023-11-17 12:46:32 - Forward flow closed due to FIN Flag
2023-11-17 12:46:32 - Forward flow closed due to FIN Flag
2023-11-17 12:46:32 - Forward flow closed due to FIN Flag
2023-11-17 12:46:32 - Forward flow closed due to FIN Flag
2023-11-17 12:46:32 - Forward flow closed due to FIN Flag
2023-11-17 12:46:32 - Forward flow closed due to FIN Flag
2023-11-17 12:46:32 - Forward flow closed due to FIN Flag
2023-11-17 12:46:32 - Forward flow closed due to FIN Flag
2023-11-17 12:46:32 - Forward flow closed due to FIN Flag
2023-11-17 12:46:32 - Forward flow closed due to FIN Flag
2023-11-17 12:46:32 - Forward flow closed due to FIN Flag
2023-11-17 12:46:32 - Forward flow closed due to FIN Flag
2023-11-17 12:46:32 - Forward flow closed due to FIN Flag
2023-11-17 12:46:32 - Forward flow closed due to FIN Flag
2023-11-17 12:46:32 - Forward flow closed due to FIN Flag
2023-11-17 12:46:32 - Forward flow closed due to FIN Flag
2023-11-17 12:46:32 - Forward flow closed due to FIN Flag
2023-11-17 12:50:57 - You select: E:\try.pcap
2023-11-17 12:50:57 - Out folder: E:\
2023-11-17 12:50:59 - CICFlowMeter received 1 pcap file
2023-11-17 12:50:59 - Forward flow closed due to FIN Flag
2023-11-17 12:50:59 - Forward flow closed due to FIN Flag
2023-11-17 12:50:59 - Forward flow closed due to FIN Flag
2023-11-17 12:50:59 - Forward flow closed due to FIN Flag
2023-11-17 12:50:59 - Forward flow closed due to FIN Flag
2023-11-17 12:50:59 - Forward flow closed due to FIN Flag
2023-11-17 12:50:59 - Forward flow closed due to FIN Flag
2023-11-17 12:51:00 - Forward flow closed due to FIN Flag
2023-11-17 12:51:00 - Forward flow closed due to FIN Flag
2023-11-17 12:51:00 - Forward flow closed due to FIN Flag
2023-11-17 12:51:00 - Forward flow closed due to FIN Flag
2023-11-17 12:51:00 - Forward flow closed due to FIN Flag
2023-11-17 12:51:00 - Forward flow closed due to FIN Flag
2023-11-17 12:51:00 - Forward flow closed due to FIN Flag
2023-11-17 12:51:00 - Forward flow closed due to FIN Flag
2023-11-17 12:51:00 - Forward flow closed due to FIN Flag
2023-11-17 12:51:00 - Forward flow closed due to FIN Flag
2023-11-17 12:51:00 - Forward flow closed due to FIN Flag
2023-11-17 12:51:00 - Forward flow closed due to FIN Flag
2023-11-17 12:51:00 - Forward flow closed due to FIN Flag
2023-11-17 12:51:00 - Forward flow closed due to FIN Flag
2023-11-17 12:51:00 - Forward flow closed due to FIN Flag
2023-11-17 12:51:00 - Forward flow closed due to FIN Flag
2023-11-17 12:51:00 - Forward flow closed due to FIN Flag
2023-11-17 12:51:00 - Forward flow closed due to FIN Flag
2023-11-17 12:51:00 - Forward flow closed due to FIN Flag
2023-11-17 12:51:00 - Forward flow closed due to FIN Flag
2023-11-17 12:51:00 - Forward flow closed due to FIN Flag
2023-11-17 12:51:00 - Forward flow closed due to FIN Flag
2023-11-17 12:51:00 - Forward flow closed due to FIN Flag
2023-11-17 12:51:00 - Forward flow closed due to FIN Flag
2023-11-17 12:51:00 - Forward flow closed due to FIN Flag
2023-11-17 12:51:00 - Forward flow closed due to FIN Flag
2023-11-17 12:51:00 - Forward flow closed due to FIN Flag
2023-11-17 12:51:00 - Forward flow closed due to FIN Flag
2023-11-17 12:53:53 - You select: E:\try.pcap
2023-11-17 12:53:53 - Out folder: E:\
2023-11-17 12:53:55 - CICFlowMeter received 1 pcap file
2023-11-17 12:53:55 - Forward flow closed due to FIN Flag
2023-11-17 12:53:55 - Forward flow closed due to FIN Flag
2023-11-17 12:53:55 - Forward flow closed due to FIN Flag
2023-11-17 12:53:55 - Forward flow closed due to FIN Flag
2023-11-17 12:53:55 - Forward flow closed due to FIN Flag
2023-11-17 12:53:55 - Forward flow closed due to FIN Flag
2023-11-17 12:53:55 - Forward flow closed due to FIN Flag
2023-11-17 12:53:55 - Forward flow closed due to FIN Flag
2023-11-17 12:53:55 - Forward flow closed due to FIN Flag
2023-11-17 12:53:55 - Forward flow closed due to FIN Flag
2023-11-17 12:53:55 - Forward flow closed due to FIN Flag
2023-11-17 12:53:55 - Forward flow closed due to FIN Flag
2023-11-17 12:53:55 - Forward flow closed due to FIN Flag
2023-11-17 12:53:55 - Forward flow closed due to FIN Flag
2023-11-17 12:53:55 - Forward flow closed due to FIN Flag
2023-11-17 12:53:55 - Forward flow closed due to FIN Flag
2023-11-17 12:53:55 - Forward flow closed due to FIN Flag
2023-11-17 12:53:55 - Forward flow closed due to FIN Flag
2023-11-17 12:53:55 - Forward flow closed due to FIN Flag
2023-11-17 12:53:55 - Forward flow closed due to FIN Flag
2023-11-17 12:53:55 - Forward flow closed due to FIN Flag
2023-11-17 12:53:55 - Forward flow closed due to FIN Flag
2023-11-17 12:53:55 - Forward flow closed due to FIN Flag
2023-11-17 12:53:55 - Forward flow closed due to FIN Flag
2023-11-17 12:53:55 - Forward flow closed due to FIN Flag
2023-11-17 12:53:55 - Forward flow closed due to FIN Flag
2023-11-17 12:53:55 - Forward flow closed due to FIN Flag
2023-11-17 12:53:55 - Forward flow closed due to FIN Flag
2023-11-17 12:53:55 - Forward flow closed due to FIN Flag
2023-11-17 12:53:55 - Forward flow closed due to FIN Flag
2023-11-17 12:53:55 - Forward flow closed due to FIN Flag
2023-11-17 12:53:55 - Forward flow closed due to FIN Flag
2023-11-17 12:53:55 - Forward flow closed due to FIN Flag
2023-11-17 12:53:55 - Forward flow closed due to FIN Flag
2023-11-17 12:53:55 - Forward flow closed due to FIN Flag
2023-11-17 12:54:12 - You select: E:\try.pcap
2023-11-17 12:54:12 - Out folder: E:\
2023-11-17 12:54:14 - CICFlowMeter received 1 pcap file
2023-11-17 12:54:15 - Forward flow closed due to FIN Flag
2023-11-17 12:54:15 - Forward flow closed due to FIN Flag
2023-11-17 12:54:15 - Forward flow closed due to FIN Flag
2023-11-17 12:54:15 - Forward flow closed due to FIN Flag
2023-11-17 12:54:15 - Forward flow closed due to FIN Flag
2023-11-17 12:54:15 - Forward flow closed due to FIN Flag
2023-11-17 12:54:15 - Forward flow closed due to FIN Flag
2023-11-17 12:54:15 - Forward flow closed due to FIN Flag
2023-11-17 12:54:15 - Forward flow closed due to FIN Flag
2023-11-17 12:54:15 - Forward flow closed due to FIN Flag
2023-11-17 12:54:15 - Forward flow closed due to FIN Flag
2023-11-17 12:54:15 - Forward flow closed due to FIN Flag
2023-11-17 12:54:15 - Forward flow closed due to FIN Flag
2023-11-17 12:54:15 - Forward flow closed due to FIN Flag
2023-11-17 12:54:15 - Forward flow closed due to FIN Flag
2023-11-17 12:54:15 - Forward flow closed due to FIN Flag
2023-11-17 12:54:15 - Forward flow closed due to FIN Flag
2023-11-17 12:54:15 - Forward flow closed due to FIN Flag
2023-11-17 12:54:15 - Forward flow closed due to FIN Flag
2023-11-17 12:54:15 - Forward flow closed due to FIN Flag
2023-11-17 12:54:15 - Forward flow closed due to FIN Flag
2023-11-17 12:54:15 - Forward flow closed due to FIN Flag
2023-11-17 12:54:15 - Forward flow closed due to FIN Flag
2023-11-17 12:54:15 - Forward flow closed due to FIN Flag
2023-11-17 12:54:15 - Forward flow closed due to FIN Flag
2023-11-17 12:54:15 - Forward flow closed due to FIN Flag
2023-11-17 12:54:15 - Forward flow closed due to FIN Flag
2023-11-17 12:54:15 - Forward flow closed due to FIN Flag
2023-11-17 12:54:15 - Forward flow closed due to FIN Flag
2023-11-17 12:54:15 - Forward flow closed due to FIN Flag
2023-11-17 12:54:15 - Forward flow closed due to FIN Flag
2023-11-17 12:54:15 - Forward flow closed due to FIN Flag
2023-11-17 12:54:15 - Forward flow closed due to FIN Flag
2023-11-17 12:54:15 - Forward flow closed due to FIN Flag
2023-11-17 12:54:15 - Forward flow closed due to FIN Flag
